{"/Users/herby/Documents/Github/Hacktiv8/Phase3/Week4/frontend/App.js": {"path":"/Users/herby/Documents/Github/Hacktiv8/Phase3/Week4/frontend/App.js","statementMap":{"0":{"start":{"line":20,"column":15},"end":{"line":27,"column":2}},"1":{"start":{"line":29,"column":37},"end":{"line":46,"column":1}},"2":{"start":{"line":30,"column":2},"end":{"line":45,"column":3}},"3":{"start":{"line":48,"column":13},"end":{"line":67,"column":2}},"4":{"start":{"line":69,"column":19},"end":{"line":124,"column":2}},"5":{"start":{"line":72,"column":42},"end":{"line":84,"column":5}},"6":{"start":{"line":75,"column":40},"end":{"line":75,"column":73}},"7":{"start":{"line":81,"column":40},"end":{"line":81,"column":69}},"8":{"start":{"line":126,"column":13},"end":{"line":180,"column":2}},"9":{"start":{"line":182,"column":18},"end":{"line":203,"column":1}},"10":{"start":{"line":207,"column":4},"end":{"line":209,"column":5}}},"fnMap":{"0":{"name":"(anonymous_0)","decl":{"start":{"line":29,"column":37},"end":{"line":29,"column":38}},"loc":{"start":{"line":29,"column":47},"end":{"line":46,"column":1}},"line":29},"1":{"name":"(anonymous_1)","decl":{"start":{"line":72,"column":23},"end":{"line":72,"column":24}},"loc":{"start":{"line":72,"column":42},"end":{"line":84,"column":5}},"line":72},"2":{"name":"(anonymous_2)","decl":{"start":{"line":75,"column":34},"end":{"line":75,"column":35}},"loc":{"start":{"line":75,"column":40},"end":{"line":75,"column":73}},"line":75},"3":{"name":"(anonymous_3)","decl":{"start":{"line":81,"column":34},"end":{"line":81,"column":35}},"loc":{"start":{"line":81,"column":40},"end":{"line":81,"column":69}},"line":81},"4":{"name":"(anonymous_4)","decl":{"start":{"line":206,"column":2},"end":{"line":206,"column":3}},"loc":{"start":{"line":206,"column":11},"end":{"line":210,"column":3}},"line":206}},"branchMap":{},"s":{"0":1,"1":1,"2":0,"3":1,"4":1,"5":0,"6":0,"7":0,"8":1,"9":1,"10":1},"f":{"0":0,"1":0,"2":0,"3":0,"4":1},"b":{},"_coverageSchema":"332fd63041d2c1bcb487cc26dd0d5f7d97098a6c","hash":"39be56d14a375de7ae518b7258113356befd281a"}
,"/Users/herby/Documents/Github/Hacktiv8/Phase3/Week4/frontend/components/AlarmType.js": {"path":"/Users/herby/Documents/Github/Hacktiv8/Phase3/Week4/frontend/components/AlarmType.js","statementMap":{"0":{"start":{"line":7,"column":4},"end":{"line":19,"column":5}},"1":{"start":{"line":24,"column":15},"end":{"line":60,"column":2}}},"fnMap":{"0":{"name":"(anonymous_0)","decl":{"start":{"line":6,"column":2},"end":{"line":6,"column":3}},"loc":{"start":{"line":6,"column":11},"end":{"line":20,"column":3}},"line":6}},"branchMap":{"0":{"loc":{"start":{"line":8,"column":33},"end":{"line":8,"column":87}},"type":"cond-expr","locations":[{"start":{"line":8,"column":53},"end":{"line":8,"column":69}},{"start":{"line":8,"column":72},"end":{"line":8,"column":87}}],"line":8},"1":{"loc":{"start":{"line":11,"column":52},"end":{"line":11,"column":159}},"type":"cond-expr","locations":[{"start":{"line":11,"column":72},"end":{"line":11,"column":114}},{"start":{"line":11,"column":117},"end":{"line":11,"column":159}}],"line":11},"2":{"loc":{"start":{"line":15,"column":61},"end":{"line":15,"column":177}},"type":"cond-expr","locations":[{"start":{"line":15,"column":81},"end":{"line":15,"column":126}},{"start":{"line":15,"column":129},"end":{"line":15,"column":177}}],"line":15}},"s":{"0":10,"1":2},"f":{"0":10},"b":{"0":[8,2],"1":[8,2],"2":[8,2]},"_coverageSchema":"332fd63041d2c1bcb487cc26dd0d5f7d97098a6c","hash":"934945f9a11c95930c95c9554fa955873f3e05fd"}
,"/Users/herby/Documents/Github/Hacktiv8/Phase3/Week4/frontend/components/Bell.js": {"path":"/Users/herby/Documents/Github/Hacktiv8/Phase3/Week4/frontend/components/Bell.js","statementMap":{"0":{"start":{"line":7,"column":15},"end":{"line":7,"column":30}},"1":{"start":{"line":8,"column":19},"end":{"line":8,"column":42}},"2":{"start":{"line":9,"column":24},"end":{"line":9,"column":25}},"3":{"start":{"line":10,"column":4},"end":{"line":16,"column":5}},"4":{"start":{"line":11,"column":6},"end":{"line":15,"column":7}},"5":{"start":{"line":12,"column":8},"end":{"line":12,"column":26}},"6":{"start":{"line":14,"column":8},"end":{"line":14,"column":23}},"7":{"start":{"line":17,"column":4},"end":{"line":17,"column":24}},"8":{"start":{"line":21,"column":19},"end":{"line":21,"column":48}},"9":{"start":{"line":22,"column":4},"end":{"line":32,"column":5}},"10":{"start":{"line":37,"column":2},"end":{"line":40,"column":3}},"11":{"start":{"line":44,"column":2},"end":{"line":47,"column":3}},"12":{"start":{"line":52,"column":15},"end":{"line":74,"column":2}}},"fnMap":{"0":{"name":"(anonymous_0)","decl":{"start":{"line":6,"column":27},"end":{"line":6,"column":28}},"loc":{"start":{"line":6,"column":33},"end":{"line":18,"column":3}},"line":6},"1":{"name":"(anonymous_1)","decl":{"start":{"line":20,"column":2},"end":{"line":20,"column":3}},"loc":{"start":{"line":20,"column":11},"end":{"line":33,"column":3}},"line":20},"2":{"name":"mapStateToProps","decl":{"start":{"line":36,"column":9},"end":{"line":36,"column":24}},"loc":{"start":{"line":36,"column":33},"end":{"line":41,"column":1}},"line":36},"3":{"name":"mapDispatchToProps","decl":{"start":{"line":43,"column":9},"end":{"line":43,"column":27}},"loc":{"start":{"line":43,"column":39},"end":{"line":48,"column":1}},"line":43}},"branchMap":{"0":{"loc":{"start":{"line":11,"column":6},"end":{"line":15,"column":7}},"type":"if","locations":[{"start":{"line":11,"column":6},"end":{"line":15,"column":7}},{"start":{"line":11,"column":6},"end":{"line":15,"column":7}}],"line":11},"1":{"loc":{"start":{"line":26,"column":10},"end":{"line":29,"column":19}},"type":"binary-expr","locations":[{"start":{"line":26,"column":10},"end":{"line":26,"column":22}},{"start":{"line":27,"column":12},"end":{"line":29,"column":19}}],"line":26}},"s":{"0":0,"1":0,"2":0,"3":0,"4":0,"5":0,"6":0,"7":0,"8":0,"9":0,"10":0,"11":0,"12":1},"f":{"0":0,"1":0,"2":0,"3":0},"b":{"0":[0,0],"1":[0,0]},"_coverageSchema":"332fd63041d2c1bcb487cc26dd0d5f7d97098a6c","hash":"a5010fe3a66765dbcc9502dcbd5460e9e5986b85"}
,"/Users/herby/Documents/Github/Hacktiv8/Phase3/Week4/frontend/components/Bullet.js": {"path":"/Users/herby/Documents/Github/Hacktiv8/Phase3/Week4/frontend/components/Bullet.js","statementMap":{"0":{"start":{"line":7,"column":4},"end":{"line":16,"column":5}},"1":{"start":{"line":10,"column":36},"end":{"line":12,"column":53}},"2":{"start":{"line":20,"column":15},"end":{"line":38,"column":2}}},"fnMap":{"0":{"name":"(anonymous_0)","decl":{"start":{"line":6,"column":2},"end":{"line":6,"column":3}},"loc":{"start":{"line":6,"column":11},"end":{"line":17,"column":3}},"line":6},"1":{"name":"(anonymous_1)","decl":{"start":{"line":10,"column":29},"end":{"line":10,"column":30}},"loc":{"start":{"line":10,"column":36},"end":{"line":12,"column":53}},"line":10}},"branchMap":{"0":{"loc":{"start":{"line":10,"column":36},"end":{"line":12,"column":53}},"type":"cond-expr","locations":[{"start":{"line":11,"column":13},"end":{"line":11,"column":129}},{"start":{"line":12,"column":13},"end":{"line":12,"column":53}}],"line":10}},"s":{"0":0,"1":0,"2":1},"f":{"0":0,"1":0},"b":{"0":[0,0]},"_coverageSchema":"332fd63041d2c1bcb487cc26dd0d5f7d97098a6c","hash":"f439b630b716c002d1006a6ba1b8414867f9aa37"}
,"/Users/herby/Documents/Github/Hacktiv8/Phase3/Week4/frontend/components/CardTitle.js": {"path":"/Users/herby/Documents/Github/Hacktiv8/Phase3/Week4/frontend/components/CardTitle.js","statementMap":{"0":{"start":{"line":6,"column":4},"end":{"line":15,"column":5}},"1":{"start":{"line":19,"column":15},"end":{"line":41,"column":2}}},"fnMap":{"0":{"name":"(anonymous_0)","decl":{"start":{"line":5,"column":2},"end":{"line":5,"column":3}},"loc":{"start":{"line":5,"column":11},"end":{"line":16,"column":3}},"line":5}},"branchMap":{},"s":{"0":0,"1":1},"f":{"0":0},"b":{},"_coverageSchema":"332fd63041d2c1bcb487cc26dd0d5f7d97098a6c","hash":"823d3ceb4146c8f8e2a6da606281b6dd3eea7559"}
,"/Users/herby/Documents/Github/Hacktiv8/Phase3/Week4/frontend/components/Drawer.js": {"path":"/Users/herby/Documents/Github/Hacktiv8/Phase3/Week4/frontend/components/Drawer.js","statementMap":{"0":{"start":{"line":6,"column":4},"end":{"line":10,"column":5}},"1":{"start":{"line":14,"column":15},"end":{"line":24,"column":2}}},"fnMap":{"0":{"name":"(anonymous_0)","decl":{"start":{"line":5,"column":2},"end":{"line":5,"column":3}},"loc":{"start":{"line":5,"column":11},"end":{"line":11,"column":3}},"line":5}},"branchMap":{},"s":{"0":0,"1":1},"f":{"0":0},"b":{},"_coverageSchema":"332fd63041d2c1bcb487cc26dd0d5f7d97098a6c","hash":"907a6f932320d75f95e7668882f62e11cb57558e"}
,"/Users/herby/Documents/Github/Hacktiv8/Phase3/Week4/frontend/components/ForgotText.js": {"path":"/Users/herby/Documents/Github/Hacktiv8/Phase3/Week4/frontend/components/ForgotText.js","statementMap":{"0":{"start":{"line":6,"column":4},"end":{"line":10,"column":5}},"1":{"start":{"line":14,"column":15},"end":{"line":27,"column":2}}},"fnMap":{"0":{"name":"(anonymous_0)","decl":{"start":{"line":5,"column":2},"end":{"line":5,"column":3}},"loc":{"start":{"line":5,"column":11},"end":{"line":11,"column":3}},"line":5}},"branchMap":{},"s":{"0":0,"1":1},"f":{"0":0},"b":{},"_coverageSchema":"332fd63041d2c1bcb487cc26dd0d5f7d97098a6c","hash":"250c7a38d30af7893086086aaf96b7953eb1a386"}
,"/Users/herby/Documents/Github/Hacktiv8/Phase3/Week4/frontend/components/InputErrorText.js": {"path":"/Users/herby/Documents/Github/Hacktiv8/Phase3/Week4/frontend/components/InputErrorText.js","statementMap":{"0":{"start":{"line":6,"column":4},"end":{"line":10,"column":5}},"1":{"start":{"line":14,"column":15},"end":{"line":26,"column":2}}},"fnMap":{"0":{"name":"(anonymous_0)","decl":{"start":{"line":5,"column":2},"end":{"line":5,"column":3}},"loc":{"start":{"line":5,"column":11},"end":{"line":11,"column":3}},"line":5}},"branchMap":{},"s":{"0":0,"1":1},"f":{"0":0},"b":{},"_coverageSchema":"332fd63041d2c1bcb487cc26dd0d5f7d97098a6c","hash":"776bbb56dee4c9ef73e420094ba1cc294670b469"}
,"/Users/herby/Documents/Github/Hacktiv8/Phase3/Week4/frontend/components/InputTextForm.js": {"path":"/Users/herby/Documents/Github/Hacktiv8/Phase3/Week4/frontend/components/InputTextForm.js","statementMap":{"0":{"start":{"line":6,"column":18},"end":{"line":9,"column":5}},"1":{"start":{"line":10,"column":4},"end":{"line":10,"column":36}},"2":{"start":{"line":14,"column":4},"end":{"line":27,"column":6}},"3":{"start":{"line":33,"column":15},"end":{"line":43,"column":2}}},"fnMap":{"0":{"name":"(anonymous_0)","decl":{"start":{"line":5,"column":17},"end":{"line":5,"column":18}},"loc":{"start":{"line":5,"column":28},"end":{"line":11,"column":3}},"line":5},"1":{"name":"(anonymous_1)","decl":{"start":{"line":13,"column":2},"end":{"line":13,"column":3}},"loc":{"start":{"line":13,"column":11},"end":{"line":28,"column":3}},"line":13}},"branchMap":{"0":{"loc":{"start":{"line":16,"column":26},"end":{"line":16,"column":61}},"type":"binary-expr","locations":[{"start":{"line":16,"column":26},"end":{"line":16,"column":52}},{"start":{"line":16,"column":56},"end":{"line":16,"column":61}}],"line":16},"1":{"loc":{"start":{"line":18,"column":22},"end":{"line":18,"column":63}},"type":"binary-expr","locations":[{"start":{"line":18,"column":22},"end":{"line":18,"column":44}},{"start":{"line":18,"column":48},"end":{"line":18,"column":63}}],"line":18},"2":{"loc":{"start":{"line":21,"column":23},"end":{"line":21,"column":59}},"type":"binary-expr","locations":[{"start":{"line":21,"column":23},"end":{"line":21,"column":46}},{"start":{"line":21,"column":50},"end":{"line":21,"column":59}}],"line":21}},"s":{"0":0,"1":0,"2":0,"3":1},"f":{"0":0,"1":0},"b":{"0":[0,0],"1":[0,0],"2":[0,0]},"_coverageSchema":"332fd63041d2c1bcb487cc26dd0d5f7d97098a6c","hash":"eae8a4a4e7fca65ebc9590b0e163f4fccc4a4ae9"}
,"/Users/herby/Documents/Github/Hacktiv8/Phase3/Week4/frontend/components/Keypad.js": {"path":"/Users/herby/Documents/Github/Hacktiv8/Phase3/Week4/frontend/components/Keypad.js","statementMap":{"0":{"start":{"line":7,"column":4},"end":{"line":22,"column":5}},"1":{"start":{"line":9,"column":57},"end":{"line":9,"column":78}},"2":{"start":{"line":10,"column":57},"end":{"line":10,"column":78}},"3":{"start":{"line":11,"column":57},"end":{"line":11,"column":78}},"4":{"start":{"line":12,"column":57},"end":{"line":12,"column":78}},"5":{"start":{"line":13,"column":57},"end":{"line":13,"column":78}},"6":{"start":{"line":14,"column":57},"end":{"line":14,"column":78}},"7":{"start":{"line":15,"column":57},"end":{"line":15,"column":78}},"8":{"start":{"line":16,"column":57},"end":{"line":16,"column":78}},"9":{"start":{"line":17,"column":57},"end":{"line":17,"column":78}},"10":{"start":{"line":19,"column":57},"end":{"line":19,"column":78}},"11":{"start":{"line":20,"column":57},"end":{"line":20,"column":76}},"12":{"start":{"line":26,"column":15},"end":{"line":42,"column":2}}},"fnMap":{"0":{"name":"(anonymous_0)","decl":{"start":{"line":6,"column":2},"end":{"line":6,"column":3}},"loc":{"start":{"line":6,"column":11},"end":{"line":23,"column":3}},"line":6},"1":{"name":"(anonymous_1)","decl":{"start":{"line":9,"column":51},"end":{"line":9,"column":52}},"loc":{"start":{"line":9,"column":57},"end":{"line":9,"column":78}},"line":9},"2":{"name":"(anonymous_2)","decl":{"start":{"line":10,"column":51},"end":{"line":10,"column":52}},"loc":{"start":{"line":10,"column":57},"end":{"line":10,"column":78}},"line":10},"3":{"name":"(anonymous_3)","decl":{"start":{"line":11,"column":51},"end":{"line":11,"column":52}},"loc":{"start":{"line":11,"column":57},"end":{"line":11,"column":78}},"line":11},"4":{"name":"(anonymous_4)","decl":{"start":{"line":12,"column":51},"end":{"line":12,"column":52}},"loc":{"start":{"line":12,"column":57},"end":{"line":12,"column":78}},"line":12},"5":{"name":"(anonymous_5)","decl":{"start":{"line":13,"column":51},"end":{"line":13,"column":52}},"loc":{"start":{"line":13,"column":57},"end":{"line":13,"column":78}},"line":13},"6":{"name":"(anonymous_6)","decl":{"start":{"line":14,"column":51},"end":{"line":14,"column":52}},"loc":{"start":{"line":14,"column":57},"end":{"line":14,"column":78}},"line":14},"7":{"name":"(anonymous_7)","decl":{"start":{"line":15,"column":51},"end":{"line":15,"column":52}},"loc":{"start":{"line":15,"column":57},"end":{"line":15,"column":78}},"line":15},"8":{"name":"(anonymous_8)","decl":{"start":{"line":16,"column":51},"end":{"line":16,"column":52}},"loc":{"start":{"line":16,"column":57},"end":{"line":16,"column":78}},"line":16},"9":{"name":"(anonymous_9)","decl":{"start":{"line":17,"column":51},"end":{"line":17,"column":52}},"loc":{"start":{"line":17,"column":57},"end":{"line":17,"column":78}},"line":17},"10":{"name":"(anonymous_10)","decl":{"start":{"line":19,"column":51},"end":{"line":19,"column":52}},"loc":{"start":{"line":19,"column":57},"end":{"line":19,"column":78}},"line":19},"11":{"name":"(anonymous_11)","decl":{"start":{"line":20,"column":51},"end":{"line":20,"column":52}},"loc":{"start":{"line":20,"column":57},"end":{"line":20,"column":76}},"line":20}},"branchMap":{},"s":{"0":0,"1":0,"2":0,"3":0,"4":0,"5":0,"6":0,"7":0,"8":0,"9":0,"10":0,"11":0,"12":1},"f":{"0":0,"1":0,"2":0,"3":0,"4":0,"5":0,"6":0,"7":0,"8":0,"9":0,"10":0,"11":0},"b":{},"_coverageSchema":"332fd63041d2c1bcb487cc26dd0d5f7d97098a6c","hash":"76d593002858f52e5604f71bffe90f1c556eb94e"}
,"/Users/herby/Documents/Github/Hacktiv8/Phase3/Week4/frontend/components/LogoHead.js": {"path":"/Users/herby/Documents/Github/Hacktiv8/Phase3/Week4/frontend/components/LogoHead.js","statementMap":{"0":{"start":{"line":6,"column":4},"end":{"line":10,"column":5}},"1":{"start":{"line":14,"column":15},"end":{"line":27,"column":2}}},"fnMap":{"0":{"name":"(anonymous_0)","decl":{"start":{"line":5,"column":2},"end":{"line":5,"column":3}},"loc":{"start":{"line":5,"column":11},"end":{"line":11,"column":3}},"line":5}},"branchMap":{},"s":{"0":0,"1":1},"f":{"0":0},"b":{},"_coverageSchema":"332fd63041d2c1bcb487cc26dd0d5f7d97098a6c","hash":"6bf7c412ea6e07bfe59ac6ed30eb765ea1d65fbb"}
,"/Users/herby/Documents/Github/Hacktiv8/Phase3/Week4/frontend/components/Member.js": {"path":"/Users/herby/Documents/Github/Hacktiv8/Phase3/Week4/frontend/components/Member.js","statementMap":{"0":{"start":{"line":7,"column":40},"end":{"line":7,"column":55}},"1":{"start":{"line":8,"column":4},"end":{"line":21,"column":5}},"2":{"start":{"line":25,"column":15},"end":{"line":53,"column":2}}},"fnMap":{"0":{"name":"(anonymous_0)","decl":{"start":{"line":6,"column":2},"end":{"line":6,"column":3}},"loc":{"start":{"line":6,"column":11},"end":{"line":22,"column":3}},"line":6}},"branchMap":{},"s":{"0":0,"1":0,"2":1},"f":{"0":0},"b":{},"_coverageSchema":"332fd63041d2c1bcb487cc26dd0d5f7d97098a6c","hash":"d7bc2321d272d011276e2229f4c786cbb1ada789"}
,"/Users/herby/Documents/Github/Hacktiv8/Phase3/Week4/frontend/components/NewMonitor.js": {"path":"/Users/herby/Documents/Github/Hacktiv8/Phase3/Week4/frontend/components/NewMonitor.js","statementMap":{"0":{"start":{"line":7,"column":4},"end":{"line":27,"column":5}},"1":{"start":{"line":30,"column":15},"end":{"line":76,"column":2}}},"fnMap":{"0":{"name":"(anonymous_0)","decl":{"start":{"line":6,"column":2},"end":{"line":6,"column":3}},"loc":{"start":{"line":6,"column":11},"end":{"line":28,"column":3}},"line":6}},"branchMap":{"0":{"loc":{"start":{"line":12,"column":22},"end":{"line":12,"column":66}},"type":"cond-expr","locations":[{"start":{"line":12,"column":42},"end":{"line":12,"column":53}},{"start":{"line":12,"column":56},"end":{"line":12,"column":66}}],"line":12},"1":{"loc":{"start":{"line":13,"column":45},"end":{"line":13,"column":102}},"type":"cond-expr","locations":[{"start":{"line":13,"column":64},"end":{"line":13,"column":82}},{"start":{"line":13,"column":85},"end":{"line":13,"column":102}}],"line":13},"2":{"loc":{"start":{"line":17,"column":12},"end":{"line":23,"column":55}},"type":"cond-expr","locations":[{"start":{"line":18,"column":12},"end":{"line":20,"column":58}},{"start":{"line":21,"column":12},"end":{"line":23,"column":55}}],"line":17},"3":{"loc":{"start":{"line":18,"column":12},"end":{"line":20,"column":58}},"type":"cond-expr","locations":[{"start":{"line":19,"column":12},"end":{"line":19,"column":55}},{"start":{"line":20,"column":12},"end":{"line":20,"column":58}}],"line":18},"4":{"loc":{"start":{"line":21,"column":12},"end":{"line":23,"column":55}},"type":"cond-expr","locations":[{"start":{"line":22,"column":12},"end":{"line":22,"column":55}},{"start":{"line":23,"column":12},"end":{"line":23,"column":55}}],"line":21}},"s":{"0":0,"1":1},"f":{"0":0},"b":{"0":[0,0],"1":[0,0],"2":[0,0],"3":[0,0],"4":[0,0]},"_coverageSchema":"332fd63041d2c1bcb487cc26dd0d5f7d97098a6c","hash":"e985dc688637b4109fb110ef801e5cc9c0e9b683"}
,"/Users/herby/Documents/Github/Hacktiv8/Phase3/Week4/frontend/components/NewUserForm.js": {"path":"/Users/herby/Documents/Github/Hacktiv8/Phase3/Week4/frontend/components/NewUserForm.js","statementMap":{"0":{"start":{"line":12,"column":4},"end":{"line":34,"column":5}},"1":{"start":{"line":39,"column":2},"end":{"line":43,"column":3}},"2":{"start":{"line":46,"column":27},"end":{"line":48,"column":12}},"3":{"start":{"line":46,"column":41},"end":{"line":48,"column":12}}},"fnMap":{"0":{"name":"(anonymous_0)","decl":{"start":{"line":11,"column":2},"end":{"line":11,"column":3}},"loc":{"start":{"line":11,"column":12},"end":{"line":35,"column":3}},"line":11},"1":{"name":"mapStateToProps","decl":{"start":{"line":38,"column":9},"end":{"line":38,"column":24}},"loc":{"start":{"line":38,"column":33},"end":{"line":44,"column":1}},"line":38},"2":{"name":"(anonymous_2)","decl":{"start":{"line":46,"column":27},"end":{"line":46,"column":28}},"loc":{"start":{"line":46,"column":41},"end":{"line":48,"column":12}},"line":46}},"branchMap":{},"s":{"0":0,"1":0,"2":1,"3":0},"f":{"0":0,"1":0,"2":0},"b":{},"_coverageSchema":"332fd63041d2c1bcb487cc26dd0d5f7d97098a6c","hash":"b0082795df6a4346b262632ba2d5344b30ec47a3"}
,"/Users/herby/Documents/Github/Hacktiv8/Phase3/Week4/frontend/components/NotificationCard.footer.js": {"path":"/Users/herby/Documents/Github/Hacktiv8/Phase3/Week4/frontend/components/NotificationCard.footer.js","statementMap":{"0":{"start":{"line":6,"column":4},"end":{"line":15,"column":5}},"1":{"start":{"line":19,"column":15},"end":{"line":41,"column":2}}},"fnMap":{"0":{"name":"(anonymous_0)","decl":{"start":{"line":5,"column":2},"end":{"line":5,"column":3}},"loc":{"start":{"line":5,"column":11},"end":{"line":16,"column":3}},"line":5}},"branchMap":{},"s":{"0":0,"1":1},"f":{"0":0},"b":{},"_coverageSchema":"332fd63041d2c1bcb487cc26dd0d5f7d97098a6c","hash":"1dc54b03552b41790d52c2bf9dbb887b38ba6281"}
,"/Users/herby/Documents/Github/Hacktiv8/Phase3/Week4/frontend/components/NotificationCard.js": {"path":"/Users/herby/Documents/Github/Hacktiv8/Phase3/Week4/frontend/components/NotificationCard.js","statementMap":{"0":{"start":{"line":11,"column":19},"end":{"line":11,"column":29}},"1":{"start":{"line":12,"column":50},"end":{"line":12,"column":65}},"2":{"start":{"line":13,"column":4},"end":{"line":29,"column":5}},"3":{"start":{"line":26,"column":26},"end":{"line":26,"column":49}},"4":{"start":{"line":33,"column":15},"end":{"line":66,"column":2}}},"fnMap":{"0":{"name":"(anonymous_0)","decl":{"start":{"line":10,"column":2},"end":{"line":10,"column":3}},"loc":{"start":{"line":10,"column":11},"end":{"line":30,"column":3}},"line":10},"1":{"name":"(anonymous_1)","decl":{"start":{"line":26,"column":20},"end":{"line":26,"column":21}},"loc":{"start":{"line":26,"column":26},"end":{"line":26,"column":49}},"line":26}},"branchMap":{"0":{"loc":{"start":{"line":19,"column":10},"end":{"line":22,"column":29}},"type":"binary-expr","locations":[{"start":{"line":19,"column":10},"end":{"line":19,"column":49}},{"start":{"line":20,"column":10},"end":{"line":22,"column":29}}],"line":19}},"s":{"0":0,"1":0,"2":0,"3":0,"4":1},"f":{"0":0,"1":0},"b":{"0":[0,0]},"_coverageSchema":"332fd63041d2c1bcb487cc26dd0d5f7d97098a6c","hash":"045c98d7bbceb7e96aa1971487662ff1b16fc283"}
,"/Users/herby/Documents/Github/Hacktiv8/Phase3/Week4/frontend/components/PinText.js": {"path":"/Users/herby/Documents/Github/Hacktiv8/Phase3/Week4/frontend/components/PinText.js","statementMap":{"0":{"start":{"line":6,"column":4},"end":{"line":10,"column":5}},"1":{"start":{"line":14,"column":15},"end":{"line":25,"column":2}}},"fnMap":{"0":{"name":"(anonymous_0)","decl":{"start":{"line":5,"column":2},"end":{"line":5,"column":3}},"loc":{"start":{"line":5,"column":11},"end":{"line":11,"column":3}},"line":5}},"branchMap":{},"s":{"0":0,"1":1},"f":{"0":0},"b":{},"_coverageSchema":"332fd63041d2c1bcb487cc26dd0d5f7d97098a6c","hash":"ce512c2d3c62a5a340b9e1fcc2f978c37e608454"}
,"/Users/herby/Documents/Github/Hacktiv8/Phase3/Week4/frontend/components/SwitchType.js": {"path":"/Users/herby/Documents/Github/Hacktiv8/Phase3/Week4/frontend/components/SwitchType.js","statementMap":{"0":{"start":{"line":8,"column":4},"end":{"line":38,"column":5}},"1":{"start":{"line":34,"column":42},"end":{"line":34,"column":107}},"2":{"start":{"line":42,"column":15},"end":{"line":84,"column":2}},"3":{"start":{"line":87,"column":2},"end":{"line":90,"column":3}},"4":{"start":{"line":94,"column":2},"end":{"line":96,"column":3}},"5":{"start":{"line":95,"column":37},"end":{"line":95,"column":74}}},"fnMap":{"0":{"name":"(anonymous_0)","decl":{"start":{"line":7,"column":2},"end":{"line":7,"column":3}},"loc":{"start":{"line":7,"column":11},"end":{"line":39,"column":3}},"line":7},"1":{"name":"(anonymous_1)","decl":{"start":{"line":34,"column":35},"end":{"line":34,"column":36}},"loc":{"start":{"line":34,"column":42},"end":{"line":34,"column":107}},"line":34},"2":{"name":"mapStateToProps","decl":{"start":{"line":86,"column":9},"end":{"line":86,"column":24}},"loc":{"start":{"line":86,"column":33},"end":{"line":91,"column":1}},"line":86},"3":{"name":"mapDispatchToProps","decl":{"start":{"line":93,"column":9},"end":{"line":93,"column":27}},"loc":{"start":{"line":93,"column":39},"end":{"line":97,"column":1}},"line":93},"4":{"name":"(anonymous_4)","decl":{"start":{"line":95,"column":24},"end":{"line":95,"column":25}},"loc":{"start":{"line":95,"column":37},"end":{"line":95,"column":74}},"line":95}},"branchMap":{"0":{"loc":{"start":{"line":15,"column":12},"end":{"line":28,"column":53}},"type":"cond-expr","locations":[{"start":{"line":16,"column":12},"end":{"line":16,"column":26}},{"start":{"line":17,"column":12},"end":{"line":28,"column":53}}],"line":15},"1":{"loc":{"start":{"line":17,"column":12},"end":{"line":28,"column":53}},"type":"cond-expr","locations":[{"start":{"line":18,"column":13},"end":{"line":25,"column":19}},{"start":{"line":26,"column":12},"end":{"line":28,"column":53}}],"line":17},"2":{"loc":{"start":{"line":20,"column":16},"end":{"line":22,"column":57}},"type":"cond-expr","locations":[{"start":{"line":21,"column":16},"end":{"line":21,"column":54}},{"start":{"line":22,"column":16},"end":{"line":22,"column":57}}],"line":20},"3":{"loc":{"start":{"line":26,"column":12},"end":{"line":28,"column":53}},"type":"cond-expr","locations":[{"start":{"line":27,"column":12},"end":{"line":27,"column":50}},{"start":{"line":28,"column":12},"end":{"line":28,"column":53}}],"line":26},"4":{"loc":{"start":{"line":32,"column":10},"end":{"line":34,"column":189}},"type":"cond-expr","locations":[{"start":{"line":33,"column":12},"end":{"line":33,"column":122}},{"start":{"line":34,"column":12},"end":{"line":34,"column":187}}],"line":32},"5":{"loc":{"start":{"line":34,"column":117},"end":{"line":34,"column":151}},"type":"cond-expr","locations":[{"start":{"line":34,"column":139},"end":{"line":34,"column":143}},{"start":{"line":34,"column":146},"end":{"line":34,"column":151}}],"line":34}},"s":{"0":0,"1":0,"2":1,"3":0,"4":0,"5":0},"f":{"0":0,"1":0,"2":0,"3":0,"4":0},"b":{"0":[0,0],"1":[0,0],"2":[0,0],"3":[0,0],"4":[0,0],"5":[0,0]},"_coverageSchema":"332fd63041d2c1bcb487cc26dd0d5f7d97098a6c","hash":"19d041d45bb0551f24d1a34862bfc96d1e7fcf2b"}
,"/Users/herby/Documents/Github/Hacktiv8/Phase3/Week4/frontend/components/TopCardTitle.js": {"path":"/Users/herby/Documents/Github/Hacktiv8/Phase3/Week4/frontend/components/TopCardTitle.js","statementMap":{"0":{"start":{"line":6,"column":4},"end":{"line":15,"column":5}},"1":{"start":{"line":19,"column":15},"end":{"line":42,"column":2}}},"fnMap":{"0":{"name":"(anonymous_0)","decl":{"start":{"line":5,"column":2},"end":{"line":5,"column":3}},"loc":{"start":{"line":5,"column":11},"end":{"line":16,"column":3}},"line":5}},"branchMap":{},"s":{"0":0,"1":1},"f":{"0":0},"b":{},"_coverageSchema":"332fd63041d2c1bcb487cc26dd0d5f7d97098a6c","hash":"1b2350e39f2743b19704e270e8e29724ef577ee7"}
,"/Users/herby/Documents/Github/Hacktiv8/Phase3/Week4/frontend/components/TouchAbleImage.js": {"path":"/Users/herby/Documents/Github/Hacktiv8/Phase3/Week4/frontend/components/TouchAbleImage.js","statementMap":{"0":{"start":{"line":6,"column":4},"end":{"line":6,"column":51}},"1":{"start":{"line":7,"column":4},"end":{"line":15,"column":5}},"2":{"start":{"line":19,"column":15},"end":{"line":26,"column":2}}},"fnMap":{"0":{"name":"(anonymous_0)","decl":{"start":{"line":5,"column":2},"end":{"line":5,"column":3}},"loc":{"start":{"line":5,"column":11},"end":{"line":16,"column":3}},"line":5}},"branchMap":{},"s":{"0":0,"1":0,"2":1},"f":{"0":0},"b":{},"_coverageSchema":"332fd63041d2c1bcb487cc26dd0d5f7d97098a6c","hash":"a2fef8f4f35d790a66bd8aa8fa3f37805c7ed7f5"}
,"/Users/herby/Documents/Github/Hacktiv8/Phase3/Week4/frontend/components/TouchAbleText.js": {"path":"/Users/herby/Documents/Github/Hacktiv8/Phase3/Week4/frontend/components/TouchAbleText.js","statementMap":{"0":{"start":{"line":6,"column":4},"end":{"line":11,"column":5}},"1":{"start":{"line":15,"column":15},"end":{"line":24,"column":2}}},"fnMap":{"0":{"name":"(anonymous_0)","decl":{"start":{"line":5,"column":2},"end":{"line":5,"column":3}},"loc":{"start":{"line":5,"column":11},"end":{"line":12,"column":3}},"line":5}},"branchMap":{},"s":{"0":0,"1":1},"f":{"0":0},"b":{},"_coverageSchema":"332fd63041d2c1bcb487cc26dd0d5f7d97098a6c","hash":"69a014edb1a6bcaccfd46b9125163531a9f9ce7a"}
,"/Users/herby/Documents/Github/Hacktiv8/Phase3/Week4/frontend/components/assets/access.png": {"path":"/Users/herby/Documents/Github/Hacktiv8/Phase3/Week4/frontend/components/assets/access.png","statementMap":{"0":{"start":{"line":1,"column":0},"end":{"line":3,"column":6}}},"fnMap":{},"branchMap":{},"s":{"0":1},"f":{},"b":{},"_coverageSchema":"332fd63041d2c1bcb487cc26dd0d5f7d97098a6c","hash":"c3b7e3b1687233a2e2f517f3077c75dedbcbc100"}
,"/Users/herby/Documents/Github/Hacktiv8/Phase3/Week4/frontend/components/assets/controlar.png": {"path":"/Users/herby/Documents/Github/Hacktiv8/Phase3/Week4/frontend/components/assets/controlar.png","statementMap":{"0":{"start":{"line":1,"column":0},"end":{"line":3,"column":6}}},"fnMap":{},"branchMap":{},"s":{"0":1},"f":{},"b":{},"_coverageSchema":"332fd63041d2c1bcb487cc26dd0d5f7d97098a6c","hash":"d0d17e1f7476740359728cc0c41b8d36511e3888"}
,"/Users/herby/Documents/Github/Hacktiv8/Phase3/Week4/frontend/components/assets/desbloqueado.png": {"path":"/Users/herby/Documents/Github/Hacktiv8/Phase3/Week4/frontend/components/assets/desbloqueado.png","statementMap":{"0":{"start":{"line":1,"column":0},"end":{"line":3,"column":6}}},"fnMap":{},"branchMap":{},"s":{"0":1},"f":{},"b":{},"_coverageSchema":"332fd63041d2c1bcb487cc26dd0d5f7d97098a6c","hash":"14c85d9d3466371a9eb5523be92d7d732de6f1a7"}
,"/Users/herby/Documents/Github/Hacktiv8/Phase3/Week4/frontend/components/assets/greyarrow.png": {"path":"/Users/herby/Documents/Github/Hacktiv8/Phase3/Week4/frontend/components/assets/greyarrow.png","statementMap":{"0":{"start":{"line":1,"column":0},"end":{"line":3,"column":6}}},"fnMap":{},"branchMap":{},"s":{"0":1},"f":{},"b":{},"_coverageSchema":"332fd63041d2c1bcb487cc26dd0d5f7d97098a6c","hash":"0474e3a7c730b19dc5e169e86dcad546f6af7302"}
,"/Users/herby/Documents/Github/Hacktiv8/Phase3/Week4/frontend/components/assets/libros.png": {"path":"/Users/herby/Documents/Github/Hacktiv8/Phase3/Week4/frontend/components/assets/libros.png","statementMap":{"0":{"start":{"line":1,"column":0},"end":{"line":3,"column":6}}},"fnMap":{},"branchMap":{},"s":{"0":1},"f":{},"b":{},"_coverageSchema":"332fd63041d2c1bcb487cc26dd0d5f7d97098a6c","hash":"c2d21747e9588a4a10a0a73f6697253ab6ed1ae4"}
,"/Users/herby/Documents/Github/Hacktiv8/Phase3/Week4/frontend/components/assets/puerta.png": {"path":"/Users/herby/Documents/Github/Hacktiv8/Phase3/Week4/frontend/components/assets/puerta.png","statementMap":{"0":{"start":{"line":1,"column":0},"end":{"line":3,"column":6}}},"fnMap":{},"branchMap":{},"s":{"0":1},"f":{},"b":{},"_coverageSchema":"332fd63041d2c1bcb487cc26dd0d5f7d97098a6c","hash":"0671c8ccd0454493880c9514eac80edc2c7bde89"}
,"/Users/herby/Documents/Github/Hacktiv8/Phase3/Week4/frontend/components/assets/salida.png": {"path":"/Users/herby/Documents/Github/Hacktiv8/Phase3/Week4/frontend/components/assets/salida.png","statementMap":{"0":{"start":{"line":1,"column":0},"end":{"line":3,"column":6}}},"fnMap":{},"branchMap":{},"s":{"0":1},"f":{},"b":{},"_coverageSchema":"332fd63041d2c1bcb487cc26dd0d5f7d97098a6c","hash":"09d145b63f139202e1718fd3a10e49fcdf33b02b"}
,"/Users/herby/Documents/Github/Hacktiv8/Phase3/Week4/frontend/components/assets/singleusuario.png": {"path":"/Users/herby/Documents/Github/Hacktiv8/Phase3/Week4/frontend/components/assets/singleusuario.png","statementMap":{"0":{"start":{"line":1,"column":0},"end":{"line":3,"column":6}}},"fnMap":{},"branchMap":{},"s":{"0":1},"f":{},"b":{},"_coverageSchema":"332fd63041d2c1bcb487cc26dd0d5f7d97098a6c","hash":"d8c6943deafd57edc7a750341b5ba9fa4e0b3e27"}
,"/Users/herby/Documents/Github/Hacktiv8/Phase3/Week4/frontend/components/assets/usuarios.png": {"path":"/Users/herby/Documents/Github/Hacktiv8/Phase3/Week4/frontend/components/assets/usuarios.png","statementMap":{"0":{"start":{"line":1,"column":0},"end":{"line":3,"column":6}}},"fnMap":{},"branchMap":{},"s":{"0":1},"f":{},"b":{},"_coverageSchema":"332fd63041d2c1bcb487cc26dd0d5f7d97098a6c","hash":"7eeb7dbb61a8c85f7c6320a7d1bd8ec384c0c572"}
,"/Users/herby/Documents/Github/Hacktiv8/Phase3/Week4/frontend/components/status/DoorStatus.js": {"path":"/Users/herby/Documents/Github/Hacktiv8/Phase3/Week4/frontend/components/status/DoorStatus.js","statementMap":{"0":{"start":{"line":6,"column":4},"end":{"line":15,"column":5}},"1":{"start":{"line":19,"column":15},"end":{"line":38,"column":2}}},"fnMap":{"0":{"name":"(anonymous_0)","decl":{"start":{"line":5,"column":2},"end":{"line":5,"column":3}},"loc":{"start":{"line":5,"column":11},"end":{"line":16,"column":3}},"line":5}},"branchMap":{"0":{"loc":{"start":{"line":10,"column":8},"end":{"line":12,"column":63}},"type":"cond-expr","locations":[{"start":{"line":11,"column":8},"end":{"line":11,"column":59}},{"start":{"line":12,"column":8},"end":{"line":12,"column":63}}],"line":10}},"s":{"0":1,"1":2},"f":{"0":1},"b":{"0":[0,1]},"_coverageSchema":"332fd63041d2c1bcb487cc26dd0d5f7d97098a6c","hash":"fab079907fd6e175d6e6cd530a6388f67740d411"}
,"/Users/herby/Documents/Github/Hacktiv8/Phase3/Week4/frontend/firebase/firebase.js": {"path":"/Users/herby/Documents/Github/Hacktiv8/Phase3/Week4/frontend/firebase/firebase.js","statementMap":{"0":{"start":{"line":2,"column":15},"end":{"line":9,"column":1}},"1":{"start":{"line":10,"column":0},"end":{"line":10,"column":30}},"2":{"start":{"line":11,"column":24},"end":{"line":11,"column":41}}},"fnMap":{},"branchMap":{},"s":{"0":1,"1":1,"2":1},"f":{},"b":{},"_coverageSchema":"332fd63041d2c1bcb487cc26dd0d5f7d97098a6c","hash":"163d73840c07ca8355a937ea8eac36558c24c8d8"}
,"/Users/herby/Documents/Github/Hacktiv8/Phase3/Week4/frontend/helpers/date.helper.js": {"path":"/Users/herby/Documents/Github/Hacktiv8/Phase3/Week4/frontend/helpers/date.helper.js","statementMap":{"0":{"start":{"line":1,"column":19},"end":{"line":3,"column":1}},"1":{"start":{"line":5,"column":35},"end":{"line":17,"column":1}},"2":{"start":{"line":6,"column":2},"end":{"line":6,"column":24}},"3":{"start":{"line":7,"column":14},"end":{"line":7,"column":29}},"4":{"start":{"line":8,"column":16},"end":{"line":8,"column":33}},"5":{"start":{"line":9,"column":13},"end":{"line":9,"column":38}},"6":{"start":{"line":10,"column":2},"end":{"line":10,"column":21}},"7":{"start":{"line":11,"column":2},"end":{"line":11,"column":29}},"8":{"start":{"line":12,"column":2},"end":{"line":12,"column":49}},"9":{"start":{"line":13,"column":18},"end":{"line":13,"column":32}},"10":{"start":{"line":14,"column":19},"end":{"line":14,"column":46}},"11":{"start":{"line":15,"column":18},"end":{"line":15,"column":36}},"12":{"start":{"line":16,"column":2},"end":{"line":16,"column":79}},"13":{"start":{"line":19,"column":27},"end":{"line":27,"column":1}},"14":{"start":{"line":22,"column":13},"end":{"line":22,"column":41}},"15":{"start":{"line":23,"column":2},"end":{"line":25,"column":3}},"16":{"start":{"line":24,"column":4},"end":{"line":24,"column":16}},"17":{"start":{"line":26,"column":2},"end":{"line":26,"column":13}}},"fnMap":{"0":{"name":"(anonymous_0)","decl":{"start":{"line":5,"column":35},"end":{"line":5,"column":36}},"loc":{"start":{"line":5,"column":45},"end":{"line":17,"column":1}},"line":5},"1":{"name":"(anonymous_1)","decl":{"start":{"line":19,"column":27},"end":{"line":19,"column":28}},"loc":{"start":{"line":19,"column":45},"end":{"line":27,"column":1}},"line":19}},"branchMap":{"0":{"loc":{"start":{"line":9,"column":13},"end":{"line":9,"column":38}},"type":"cond-expr","locations":[{"start":{"line":9,"column":27},"end":{"line":9,"column":31}},{"start":{"line":9,"column":34},"end":{"line":9,"column":38}}],"line":9},"1":{"loc":{"start":{"line":11,"column":10},"end":{"line":11,"column":28}},"type":"cond-expr","locations":[{"start":{"line":11,"column":18},"end":{"line":11,"column":23}},{"start":{"line":11,"column":26},"end":{"line":11,"column":28}}],"line":11},"2":{"loc":{"start":{"line":12,"column":12},"end":{"line":12,"column":48}},"type":"cond-expr","locations":[{"start":{"line":12,"column":27},"end":{"line":12,"column":38}},{"start":{"line":12,"column":41},"end":{"line":12,"column":48}}],"line":12},"3":{"loc":{"start":{"line":23,"column":2},"end":{"line":25,"column":3}},"type":"if","locations":[{"start":{"line":23,"column":2},"end":{"line":25,"column":3}},{"start":{"line":23,"column":2},"end":{"line":25,"column":3}}],"line":23}},"s":{"0":1,"1":1,"2":0,"3":0,"4":0,"5":0,"6":0,"7":0,"8":0,"9":0,"10":0,"11":0,"12":0,"13":1,"14":0,"15":0,"16":0,"17":0},"f":{"0":0,"1":0},"b":{"0":[0,0],"1":[0,0],"2":[0,0],"3":[0,0]},"_coverageSchema":"332fd63041d2c1bcb487cc26dd0d5f7d97098a6c","hash":"5bbe0c4337bb570805c5a46a901e7f79e89e1ccd"}
,"/Users/herby/Documents/Github/Hacktiv8/Phase3/Week4/frontend/helpers/formInput.helper.js": {"path":"/Users/herby/Documents/Github/Hacktiv8/Phase3/Week4/frontend/helpers/formInput.helper.js","statementMap":{"0":{"start":{"line":3,"column":29},"end":{"line":21,"column":1}},"1":{"start":{"line":4,"column":2},"end":{"line":20,"column":3}},"2":{"start":{"line":5,"column":4},"end":{"line":17,"column":5}},"3":{"start":{"line":6,"column":6},"end":{"line":14,"column":7}},"4":{"start":{"line":7,"column":8},"end":{"line":11,"column":9}},"5":{"start":{"line":8,"column":10},"end":{"line":8,"column":21}},"6":{"start":{"line":10,"column":10},"end":{"line":10,"column":82}},"7":{"start":{"line":13,"column":8},"end":{"line":13,"column":61}},"8":{"start":{"line":16,"column":6},"end":{"line":16,"column":68}},"9":{"start":{"line":19,"column":4},"end":{"line":19,"column":75}},"10":{"start":{"line":23,"column":42},"end":{"line":33,"column":1}},"11":{"start":{"line":24,"column":2},"end":{"line":32,"column":3}},"12":{"start":{"line":25,"column":4},"end":{"line":29,"column":5}},"13":{"start":{"line":26,"column":6},"end":{"line":26,"column":40}},"14":{"start":{"line":28,"column":6},"end":{"line":28,"column":64}},"15":{"start":{"line":31,"column":4},"end":{"line":31,"column":76}},"16":{"start":{"line":35,"column":25},"end":{"line":38,"column":1}},"17":{"start":{"line":36,"column":19},"end":{"line":36,"column":171}},"18":{"start":{"line":37,"column":2},"end":{"line":37,"column":32}}},"fnMap":{"0":{"name":"(anonymous_0)","decl":{"start":{"line":3,"column":29},"end":{"line":3,"column":30}},"loc":{"start":{"line":3,"column":39},"end":{"line":21,"column":1}},"line":3},"1":{"name":"(anonymous_1)","decl":{"start":{"line":23,"column":42},"end":{"line":23,"column":43}},"loc":{"start":{"line":23,"column":55},"end":{"line":33,"column":1}},"line":23},"2":{"name":"(anonymous_2)","decl":{"start":{"line":35,"column":25},"end":{"line":35,"column":26}},"loc":{"start":{"line":35,"column":36},"end":{"line":38,"column":1}},"line":35}},"branchMap":{"0":{"loc":{"start":{"line":4,"column":2},"end":{"line":20,"column":3}},"type":"if","locations":[{"start":{"line":4,"column":2},"end":{"line":20,"column":3}},{"start":{"line":4,"column":2},"end":{"line":20,"column":3}}],"line":4},"1":{"loc":{"start":{"line":5,"column":4},"end":{"line":17,"column":5}},"type":"if","locations":[{"start":{"line":5,"column":4},"end":{"line":17,"column":5}},{"start":{"line":5,"column":4},"end":{"line":17,"column":5}}],"line":5},"2":{"loc":{"start":{"line":6,"column":6},"end":{"line":14,"column":7}},"type":"if","locations":[{"start":{"line":6,"column":6},"end":{"line":14,"column":7}},{"start":{"line":6,"column":6},"end":{"line":14,"column":7}}],"line":6},"3":{"loc":{"start":{"line":7,"column":8},"end":{"line":11,"column":9}},"type":"if","locations":[{"start":{"line":7,"column":8},"end":{"line":11,"column":9}},{"start":{"line":7,"column":8},"end":{"line":11,"column":9}}],"line":7},"4":{"loc":{"start":{"line":24,"column":2},"end":{"line":32,"column":3}},"type":"if","locations":[{"start":{"line":24,"column":2},"end":{"line":32,"column":3}},{"start":{"line":24,"column":2},"end":{"line":32,"column":3}}],"line":24},"5":{"loc":{"start":{"line":25,"column":4},"end":{"line":29,"column":5}},"type":"if","locations":[{"start":{"line":25,"column":4},"end":{"line":29,"column":5}},{"start":{"line":25,"column":4},"end":{"line":29,"column":5}}],"line":25}},"s":{"0":1,"1":0,"2":0,"3":0,"4":0,"5":0,"6":0,"7":0,"8":0,"9":0,"10":1,"11":0,"12":0,"13":0,"14":0,"15":0,"16":1,"17":0,"18":0},"f":{"0":0,"1":0,"2":0},"b":{"0":[0,0],"1":[0,0],"2":[0,0],"3":[0,0],"4":[0,0],"5":[0,0]},"_coverageSchema":"332fd63041d2c1bcb487cc26dd0d5f7d97098a6c","hash":"3f003d207ba0724e7327313b9423f9089770f0a5"}
,"/Users/herby/Documents/Github/Hacktiv8/Phase3/Week4/frontend/helpers/hash.helper.js": {"path":"/Users/herby/Documents/Github/Hacktiv8/Phase3/Week4/frontend/helpers/hash.helper.js","statementMap":{"0":{"start":{"line":1,"column":124},"end":{"line":1,"column":126}},"1":{"start":{"line":1,"column":151},"end":{"line":1,"column":152}},"2":{"start":{"line":1,"column":153},"end":{"line":1,"column":178}},"3":{"start":{"line":1,"column":178},"end":{"line":1,"column":442}},"4":{"start":{"line":1,"column":196},"end":{"line":1,"column":216}},"5":{"start":{"line":1,"column":216},"end":{"line":1,"column":236}},"6":{"start":{"line":1,"column":236},"end":{"line":1,"column":256}},"7":{"start":{"line":1,"column":256},"end":{"line":1,"column":263}},"8":{"start":{"line":1,"column":263},"end":{"line":1,"column":279}},"9":{"start":{"line":1,"column":279},"end":{"line":1,"column":296}},"10":{"start":{"line":1,"column":296},"end":{"line":1,"column":303}},"11":{"start":{"line":1,"column":303},"end":{"line":1,"column":346}},"12":{"start":{"line":1,"column":316},"end":{"line":1,"column":322}},"13":{"start":{"line":1,"column":328},"end":{"line":1,"column":346}},"14":{"start":{"line":1,"column":341},"end":{"line":1,"column":345}},"15":{"start":{"line":1,"column":346},"end":{"line":1,"column":441}},"16":{"start":{"line":1,"column":442},"end":{"line":1,"column":450}},"17":{"start":{"line":1,"column":477},"end":{"line":1,"column":479}},"18":{"start":{"line":1,"column":508},"end":{"line":1,"column":509}},"19":{"start":{"line":1,"column":510},"end":{"line":1,"column":545}},"20":{"start":{"line":1,"column":545},"end":{"line":1,"column":859}},"21":{"start":{"line":1,"column":563},"end":{"line":1,"column":601}},"22":{"start":{"line":1,"column":601},"end":{"line":1,"column":639}},"23":{"start":{"line":1,"column":639},"end":{"line":1,"column":677}},"24":{"start":{"line":1,"column":677},"end":{"line":1,"column":715}},"25":{"start":{"line":1,"column":715},"end":{"line":1,"column":727}},"26":{"start":{"line":1,"column":727},"end":{"line":1,"column":744}},"27":{"start":{"line":1,"column":744},"end":{"line":1,"column":757}},"28":{"start":{"line":1,"column":757},"end":{"line":1,"column":784}},"29":{"start":{"line":1,"column":784},"end":{"line":1,"column":821}},"30":{"start":{"line":1,"column":794},"end":{"line":1,"column":820}},"31":{"start":{"line":1,"column":821},"end":{"line":1,"column":858}},"32":{"start":{"line":1,"column":831},"end":{"line":1,"column":857}},"33":{"start":{"line":1,"column":859},"end":{"line":1,"column":884}},"34":{"start":{"line":1,"column":884},"end":{"line":1,"column":892}},"35":{"start":{"line":1,"column":919},"end":{"line":1,"column":942}},"36":{"start":{"line":1,"column":948},"end":{"line":1,"column":950}},"37":{"start":{"line":1,"column":951},"end":{"line":1,"column":1235}},"38":{"start":{"line":1,"column":985},"end":{"line":1,"column":1000}},"39":{"start":{"line":1,"column":1001},"end":{"line":1,"column":1234}},"40":{"start":{"line":1,"column":1011},"end":{"line":1,"column":1036}},"41":{"start":{"line":1,"column":1042},"end":{"line":1,"column":1234}},"42":{"start":{"line":1,"column":1060},"end":{"line":1,"column":1093}},"43":{"start":{"line":1,"column":1093},"end":{"line":1,"column":1125}},"44":{"start":{"line":1,"column":1131},"end":{"line":1,"column":1165}},"45":{"start":{"line":1,"column":1165},"end":{"line":1,"column":1201}},"46":{"start":{"line":1,"column":1201},"end":{"line":1,"column":1233}},"47":{"start":{"line":1,"column":1235},"end":{"line":1,"column":1243}},"48":{"start":{"line":1,"column":1276},"end":{"line":1,"column":1278}},"49":{"start":{"line":1,"column":1285},"end":{"line":1,"column":1286}},"50":{"start":{"line":1,"column":1293},"end":{"line":1,"column":1300}},"51":{"start":{"line":1,"column":1301},"end":{"line":1,"column":1570}},"52":{"start":{"line":1,"column":1319},"end":{"line":1,"column":1337}},"53":{"start":{"line":1,"column":1337},"end":{"line":1,"column":1569}},"54":{"start":{"line":1,"column":1347},"end":{"line":1,"column":1373}},"55":{"start":{"line":1,"column":1373},"end":{"line":1,"column":1376}},"56":{"start":{"line":1,"column":1382},"end":{"line":1,"column":1569}},"57":{"start":{"line":1,"column":1399},"end":{"line":1,"column":1420}},"58":{"start":{"line":1,"column":1420},"end":{"line":1,"column":1460}},"59":{"start":{"line":1,"column":1460},"end":{"line":1,"column":1464}},"60":{"start":{"line":1,"column":1470},"end":{"line":1,"column":1491}},"61":{"start":{"line":1,"column":1491},"end":{"line":1,"column":1512}},"62":{"start":{"line":1,"column":1512},"end":{"line":1,"column":1564}},"63":{"start":{"line":1,"column":1564},"end":{"line":1,"column":1568}},"64":{"start":{"line":1,"column":1570},"end":{"line":1,"column":1578}}},"fnMap":{"0":{"name":"(anonymous_0)","decl":{"start":{"line":1,"column":106},"end":{"line":1,"column":107}},"loc":{"start":{"line":1,"column":117},"end":{"line":1,"column":451}},"line":1},"1":{"name":"(anonymous_1)","decl":{"start":{"line":1,"column":459},"end":{"line":1,"column":460}},"loc":{"start":{"line":1,"column":470},"end":{"line":1,"column":893}},"line":1},"2":{"name":"(anonymous_2)","decl":{"start":{"line":1,"column":907},"end":{"line":1,"column":908}},"loc":{"start":{"line":1,"column":918},"end":{"line":1,"column":1244}},"line":1},"3":{"name":"(anonymous_3)","decl":{"start":{"line":1,"column":1258},"end":{"line":1,"column":1259}},"loc":{"start":{"line":1,"column":1269},"end":{"line":1,"column":1579}},"line":1}},"branchMap":{"0":{"loc":{"start":{"line":1,"column":303},"end":{"line":1,"column":346}},"type":"if","locations":[{"start":{"line":1,"column":303},"end":{"line":1,"column":346}},{"start":{"line":1,"column":303},"end":{"line":1,"column":346}}],"line":1},"1":{"loc":{"start":{"line":1,"column":328},"end":{"line":1,"column":346}},"type":"if","locations":[{"start":{"line":1,"column":328},"end":{"line":1,"column":346}},{"start":{"line":1,"column":328},"end":{"line":1,"column":346}}],"line":1},"2":{"loc":{"start":{"line":1,"column":784},"end":{"line":1,"column":821}},"type":"if","locations":[{"start":{"line":1,"column":784},"end":{"line":1,"column":821}},{"start":{"line":1,"column":784},"end":{"line":1,"column":821}}],"line":1},"3":{"loc":{"start":{"line":1,"column":821},"end":{"line":1,"column":858}},"type":"if","locations":[{"start":{"line":1,"column":821},"end":{"line":1,"column":858}},{"start":{"line":1,"column":821},"end":{"line":1,"column":858}}],"line":1},"4":{"loc":{"start":{"line":1,"column":1001},"end":{"line":1,"column":1234}},"type":"if","locations":[{"start":{"line":1,"column":1001},"end":{"line":1,"column":1234}},{"start":{"line":1,"column":1001},"end":{"line":1,"column":1234}}],"line":1},"5":{"loc":{"start":{"line":1,"column":1042},"end":{"line":1,"column":1234}},"type":"if","locations":[{"start":{"line":1,"column":1042},"end":{"line":1,"column":1234}},{"start":{"line":1,"column":1042},"end":{"line":1,"column":1234}}],"line":1},"6":{"loc":{"start":{"line":1,"column":1045},"end":{"line":1,"column":1058}},"type":"binary-expr","locations":[{"start":{"line":1,"column":1045},"end":{"line":1,"column":1050}},{"start":{"line":1,"column":1052},"end":{"line":1,"column":1058}}],"line":1},"7":{"loc":{"start":{"line":1,"column":1337},"end":{"line":1,"column":1569}},"type":"if","locations":[{"start":{"line":1,"column":1337},"end":{"line":1,"column":1569}},{"start":{"line":1,"column":1337},"end":{"line":1,"column":1569}}],"line":1},"8":{"loc":{"start":{"line":1,"column":1382},"end":{"line":1,"column":1569}},"type":"if","locations":[{"start":{"line":1,"column":1382},"end":{"line":1,"column":1569}},{"start":{"line":1,"column":1382},"end":{"line":1,"column":1569}}],"line":1},"9":{"loc":{"start":{"line":1,"column":1385},"end":{"line":1,"column":1397}},"type":"binary-expr","locations":[{"start":{"line":1,"column":1385},"end":{"line":1,"column":1390}},{"start":{"line":1,"column":1392},"end":{"line":1,"column":1397}}],"line":1}},"s":{"0":0,"1":0,"2":0,"3":0,"4":0,"5":0,"6":0,"7":0,"8":0,"9":0,"10":0,"11":0,"12":0,"13":0,"14":0,"15":0,"16":0,"17":0,"18":0,"19":0,"20":0,"21":0,"22":0,"23":0,"24":0,"25":0,"26":0,"27":0,"28":0,"29":0,"30":0,"31":0,"32":0,"33":0,"34":0,"35":0,"36":0,"37":0,"38":0,"39":0,"40":0,"41":0,"42":0,"43":0,"44":0,"45":0,"46":0,"47":0,"48":0,"49":0,"50":0,"51":0,"52":0,"53":0,"54":0,"55":0,"56":0,"57":0,"58":0,"59":0,"60":0,"61":0,"62":0,"63":0,"64":0},"f":{"0":0,"1":0,"2":0,"3":0},"b":{"0":[0,0],"1":[0,0],"2":[0,0],"3":[0,0],"4":[0,0],"5":[0,0],"6":[0,0],"7":[0,0],"8":[0,0],"9":[0,0]},"_coverageSchema":"332fd63041d2c1bcb487cc26dd0d5f7d97098a6c","hash":"fa7f96cca89d2e7233c8f960fd2d3cdfe2b6bf09"}
,"/Users/herby/Documents/Github/Hacktiv8/Phase3/Week4/frontend/helpers/notification.helper.js": {"path":"/Users/herby/Documents/Github/Hacktiv8/Phase3/Week4/frontend/helpers/notification.helper.js","statementMap":{"0":{"start":{"line":1,"column":23},"end":{"line":1,"column":64}},"1":{"start":{"line":3,"column":0},"end":{"line":40,"column":3}},"2":{"start":{"line":7,"column":8},"end":{"line":7,"column":39}},"3":{"start":{"line":12,"column":8},"end":{"line":12,"column":53}}},"fnMap":{"0":{"name":"(anonymous_0)","decl":{"start":{"line":6,"column":16},"end":{"line":6,"column":17}},"loc":{"start":{"line":6,"column":32},"end":{"line":8,"column":5}},"line":6},"1":{"name":"(anonymous_1)","decl":{"start":{"line":11,"column":20},"end":{"line":11,"column":21}},"loc":{"start":{"line":11,"column":43},"end":{"line":18,"column":5}},"line":11}},"branchMap":{},"s":{"0":1,"1":1,"2":0,"3":0},"f":{"0":0,"1":0},"b":{},"_coverageSchema":"332fd63041d2c1bcb487cc26dd0d5f7d97098a6c","hash":"fe32c99b421ce855ba069a4d77c417c6e0a5f55b"}
,"/Users/herby/Documents/Github/Hacktiv8/Phase3/Week4/frontend/screens/About.js": {"path":"/Users/herby/Documents/Github/Hacktiv8/Phase3/Week4/frontend/screens/About.js","statementMap":{"0":{"start":{"line":6,"column":4},"end":{"line":6,"column":11}},"1":{"start":{"line":7,"column":4},"end":{"line":7,"column":42}},"2":{"start":{"line":11,"column":4},"end":{"line":11,"column":15}},"3":{"start":{"line":14,"column":4},"end":{"line":14,"column":30}},"4":{"start":{"line":15,"column":4},"end":{"line":22,"column":30}},"5":{"start":{"line":22,"column":18},"end":{"line":22,"column":29}},"6":{"start":{"line":27,"column":17},"end":{"line":30,"column":6}},"7":{"start":{"line":31,"column":4},"end":{"line":153,"column":5}},"8":{"start":{"line":157,"column":15},"end":{"line":224,"column":2}}},"fnMap":{"0":{"name":"(anonymous_0)","decl":{"start":{"line":5,"column":2},"end":{"line":5,"column":3}},"loc":{"start":{"line":5,"column":17},"end":{"line":8,"column":3}},"line":5},"1":{"name":"(anonymous_1)","decl":{"start":{"line":10,"column":2},"end":{"line":10,"column":3}},"loc":{"start":{"line":10,"column":23},"end":{"line":12,"column":3}},"line":10},"2":{"name":"(anonymous_2)","decl":{"start":{"line":13,"column":2},"end":{"line":13,"column":3}},"loc":{"start":{"line":13,"column":10},"end":{"line":23,"column":3}},"line":13},"3":{"name":"(anonymous_3)","decl":{"start":{"line":22,"column":12},"end":{"line":22,"column":13}},"loc":{"start":{"line":22,"column":18},"end":{"line":22,"column":29}},"line":22},"4":{"name":"(anonymous_4)","decl":{"start":{"line":26,"column":2},"end":{"line":26,"column":3}},"loc":{"start":{"line":26,"column":11},"end":{"line":154,"column":3}},"line":26}},"branchMap":{},"s":{"0":0,"1":0,"2":0,"3":0,"4":0,"5":0,"6":0,"7":0,"8":1},"f":{"0":0,"1":0,"2":0,"3":0,"4":0},"b":{},"_coverageSchema":"332fd63041d2c1bcb487cc26dd0d5f7d97098a6c","hash":"21941a7bed850328b9ff2b9fe00ac367e021fc99"}
,"/Users/herby/Documents/Github/Hacktiv8/Phase3/Week4/frontend/screens/AddNewUser.js": {"path":"/Users/herby/Documents/Github/Hacktiv8/Phase3/Week4/frontend/screens/AddNewUser.js","statementMap":{"0":{"start":{"line":15,"column":18},"end":{"line":22,"column":5}},"1":{"start":{"line":23,"column":19},"end":{"line":23,"column":46}},"2":{"start":{"line":24,"column":4},"end":{"line":29,"column":5}},"3":{"start":{"line":25,"column":6},"end":{"line":25,"column":39}},"4":{"start":{"line":26,"column":6},"end":{"line":26,"column":36}},"5":{"start":{"line":28,"column":6},"end":{"line":28,"column":38}},"6":{"start":{"line":33,"column":4},"end":{"line":35,"column":5}},"7":{"start":{"line":34,"column":6},"end":{"line":34,"column":46}},"8":{"start":{"line":39,"column":4},"end":{"line":63,"column":5}},"9":{"start":{"line":67,"column":4},"end":{"line":67,"column":66}},"10":{"start":{"line":73,"column":15},"end":{"line":91,"column":2}},"11":{"start":{"line":94,"column":2},"end":{"line":100,"column":3}},"12":{"start":{"line":103,"column":27},"end":{"line":107,"column":12}},"13":{"start":{"line":103,"column":41},"end":{"line":107,"column":12}}},"fnMap":{"0":{"name":"(anonymous_0)","decl":{"start":{"line":14,"column":16},"end":{"line":14,"column":17}},"loc":{"start":{"line":14,"column":22},"end":{"line":30,"column":3}},"line":14},"1":{"name":"(anonymous_1)","decl":{"start":{"line":32,"column":25},"end":{"line":32,"column":26}},"loc":{"start":{"line":32,"column":39},"end":{"line":36,"column":3}},"line":32},"2":{"name":"(anonymous_2)","decl":{"start":{"line":38,"column":2},"end":{"line":38,"column":3}},"loc":{"start":{"line":38,"column":12},"end":{"line":64,"column":3}},"line":38},"3":{"name":"(anonymous_3)","decl":{"start":{"line":66,"column":2},"end":{"line":66,"column":3}},"loc":{"start":{"line":66,"column":23},"end":{"line":68,"column":3}},"line":66},"4":{"name":"mapStateToProps","decl":{"start":{"line":93,"column":9},"end":{"line":93,"column":24}},"loc":{"start":{"line":93,"column":33},"end":{"line":101,"column":1}},"line":93},"5":{"name":"(anonymous_5)","decl":{"start":{"line":103,"column":27},"end":{"line":103,"column":28}},"loc":{"start":{"line":103,"column":41},"end":{"line":107,"column":12}},"line":103}},"branchMap":{"0":{"loc":{"start":{"line":24,"column":4},"end":{"line":29,"column":5}},"type":"if","locations":[{"start":{"line":24,"column":4},"end":{"line":29,"column":5}},{"start":{"line":24,"column":4},"end":{"line":29,"column":5}}],"line":24},"1":{"loc":{"start":{"line":33,"column":4},"end":{"line":35,"column":5}},"type":"if","locations":[{"start":{"line":33,"column":4},"end":{"line":35,"column":5}},{"start":{"line":33,"column":4},"end":{"line":35,"column":5}}],"line":33}},"s":{"0":0,"1":0,"2":0,"3":0,"4":0,"5":0,"6":0,"7":0,"8":0,"9":0,"10":1,"11":0,"12":1,"13":0},"f":{"0":0,"1":0,"2":0,"3":0,"4":0,"5":0},"b":{"0":[0,0],"1":[0,0]},"_coverageSchema":"332fd63041d2c1bcb487cc26dd0d5f7d97098a6c","hash":"9db5a325817f9367afc3ee784c3c4c4c50a48c01"}
,"/Users/herby/Documents/Github/Hacktiv8/Phase3/Week4/frontend/screens/CreateNewHome.js": {"path":"/Users/herby/Documents/Github/Hacktiv8/Phase3/Week4/frontend/screens/CreateNewHome.js","statementMap":{"0":{"start":{"line":16,"column":18},"end":{"line":31,"column":5}},"1":{"start":{"line":32,"column":19},"end":{"line":32,"column":54}},"2":{"start":{"line":33,"column":4},"end":{"line":38,"column":5}},"3":{"start":{"line":34,"column":6},"end":{"line":34,"column":39}},"4":{"start":{"line":35,"column":6},"end":{"line":35,"column":36}},"5":{"start":{"line":37,"column":6},"end":{"line":37,"column":50}},"6":{"start":{"line":42,"column":4},"end":{"line":44,"column":5}},"7":{"start":{"line":43,"column":6},"end":{"line":43,"column":46}},"8":{"start":{"line":48,"column":4},"end":{"line":80,"column":5}},"9":{"start":{"line":84,"column":4},"end":{"line":84,"column":66}},"10":{"start":{"line":89,"column":15},"end":{"line":107,"column":2}},"11":{"start":{"line":110,"column":2},"end":{"line":117,"column":3}},"12":{"start":{"line":120,"column":27},"end":{"line":124,"column":12}},"13":{"start":{"line":120,"column":41},"end":{"line":124,"column":12}}},"fnMap":{"0":{"name":"(anonymous_0)","decl":{"start":{"line":15,"column":16},"end":{"line":15,"column":17}},"loc":{"start":{"line":15,"column":22},"end":{"line":39,"column":3}},"line":15},"1":{"name":"(anonymous_1)","decl":{"start":{"line":41,"column":25},"end":{"line":41,"column":26}},"loc":{"start":{"line":41,"column":39},"end":{"line":45,"column":3}},"line":41},"2":{"name":"(anonymous_2)","decl":{"start":{"line":47,"column":2},"end":{"line":47,"column":3}},"loc":{"start":{"line":47,"column":12},"end":{"line":81,"column":3}},"line":47},"3":{"name":"(anonymous_3)","decl":{"start":{"line":83,"column":2},"end":{"line":83,"column":3}},"loc":{"start":{"line":83,"column":23},"end":{"line":85,"column":3}},"line":83},"4":{"name":"mapStateToProps","decl":{"start":{"line":109,"column":9},"end":{"line":109,"column":24}},"loc":{"start":{"line":109,"column":33},"end":{"line":118,"column":1}},"line":109},"5":{"name":"(anonymous_5)","decl":{"start":{"line":120,"column":27},"end":{"line":120,"column":28}},"loc":{"start":{"line":120,"column":41},"end":{"line":124,"column":12}},"line":120}},"branchMap":{"0":{"loc":{"start":{"line":33,"column":4},"end":{"line":38,"column":5}},"type":"if","locations":[{"start":{"line":33,"column":4},"end":{"line":38,"column":5}},{"start":{"line":33,"column":4},"end":{"line":38,"column":5}}],"line":33},"1":{"loc":{"start":{"line":42,"column":4},"end":{"line":44,"column":5}},"type":"if","locations":[{"start":{"line":42,"column":4},"end":{"line":44,"column":5}},{"start":{"line":42,"column":4},"end":{"line":44,"column":5}}],"line":42}},"s":{"0":0,"1":0,"2":0,"3":0,"4":0,"5":0,"6":0,"7":0,"8":0,"9":0,"10":1,"11":0,"12":1,"13":0},"f":{"0":0,"1":0,"2":0,"3":0,"4":0,"5":0},"b":{"0":[0,0],"1":[0,0]},"_coverageSchema":"332fd63041d2c1bcb487cc26dd0d5f7d97098a6c","hash":"ac1031b79eb0e356aab90c77fe6018d9ff598ed9"}
,"/Users/herby/Documents/Github/Hacktiv8/Phase3/Week4/frontend/screens/Dashboard.js": {"path":"/Users/herby/Documents/Github/Hacktiv8/Phase3/Week4/frontend/screens/Dashboard.js","statementMap":{"0":{"start":{"line":1,"column":0},"end":{"line":1,"column":31}},"1":{"start":{"line":19,"column":4},"end":{"line":48,"column":5}},"2":{"start":{"line":36,"column":94},"end":{"line":36,"column":115}},"3":{"start":{"line":36,"column":132},"end":{"line":36,"column":174}},"4":{"start":{"line":52,"column":4},"end":{"line":54,"column":5}},"5":{"start":{"line":53,"column":6},"end":{"line":53,"column":46}},"6":{"start":{"line":58,"column":4},"end":{"line":58,"column":28}},"7":{"start":{"line":59,"column":4},"end":{"line":59,"column":66}},"8":{"start":{"line":63,"column":15},"end":{"line":76,"column":2}},"9":{"start":{"line":79,"column":2},"end":{"line":85,"column":3}},"10":{"start":{"line":89,"column":2},"end":{"line":92,"column":3}},"11":{"start":{"line":90,"column":23},"end":{"line":90,"column":46}},"12":{"start":{"line":91,"column":20},"end":{"line":91,"column":40}}},"fnMap":{"0":{"name":"(anonymous_0)","decl":{"start":{"line":18,"column":2},"end":{"line":18,"column":3}},"loc":{"start":{"line":18,"column":11},"end":{"line":49,"column":3}},"line":18},"1":{"name":"(anonymous_1)","decl":{"start":{"line":36,"column":88},"end":{"line":36,"column":89}},"loc":{"start":{"line":36,"column":94},"end":{"line":36,"column":115}},"line":36},"2":{"name":"(anonymous_2)","decl":{"start":{"line":36,"column":126},"end":{"line":36,"column":127}},"loc":{"start":{"line":36,"column":132},"end":{"line":36,"column":174}},"line":36},"3":{"name":"(anonymous_3)","decl":{"start":{"line":51,"column":25},"end":{"line":51,"column":26}},"loc":{"start":{"line":51,"column":39},"end":{"line":55,"column":3}},"line":51},"4":{"name":"(anonymous_4)","decl":{"start":{"line":57,"column":2},"end":{"line":57,"column":3}},"loc":{"start":{"line":57,"column":23},"end":{"line":60,"column":3}},"line":57},"5":{"name":"mapStateToProps","decl":{"start":{"line":78,"column":9},"end":{"line":78,"column":24}},"loc":{"start":{"line":78,"column":33},"end":{"line":86,"column":1}},"line":78},"6":{"name":"mapDispatchToProps","decl":{"start":{"line":88,"column":9},"end":{"line":88,"column":27}},"loc":{"start":{"line":88,"column":39},"end":{"line":93,"column":1}},"line":88},"7":{"name":"(anonymous_7)","decl":{"start":{"line":90,"column":17},"end":{"line":90,"column":18}},"loc":{"start":{"line":90,"column":23},"end":{"line":90,"column":46}},"line":90},"8":{"name":"(anonymous_8)","decl":{"start":{"line":91,"column":14},"end":{"line":91,"column":15}},"loc":{"start":{"line":91,"column":20},"end":{"line":91,"column":40}},"line":91}},"branchMap":{"0":{"loc":{"start":{"line":38,"column":14},"end":{"line":44,"column":22}},"type":"binary-expr","locations":[{"start":{"line":38,"column":14},"end":{"line":38,"column":40}},{"start":{"line":39,"column":15},"end":{"line":44,"column":21}}],"line":38},"1":{"loc":{"start":{"line":52,"column":4},"end":{"line":54,"column":5}},"type":"if","locations":[{"start":{"line":52,"column":4},"end":{"line":54,"column":5}},{"start":{"line":52,"column":4},"end":{"line":54,"column":5}}],"line":52}},"s":{"0":1,"1":0,"2":0,"3":0,"4":0,"5":0,"6":0,"7":0,"8":1,"9":0,"10":0,"11":0,"12":0},"f":{"0":0,"1":0,"2":0,"3":0,"4":0,"5":0,"6":0,"7":0,"8":0},"b":{"0":[0,0],"1":[0,0]},"_coverageSchema":"332fd63041d2c1bcb487cc26dd0d5f7d97098a6c","hash":"ed2f22ab324fb96b6a119ac60508ac5a61e0644e"}
,"/Users/herby/Documents/Github/Hacktiv8/Phase3/Week4/frontend/screens/FullView.js": {"path":"/Users/herby/Documents/Github/Hacktiv8/Phase3/Week4/frontend/screens/FullView.js","statementMap":{"0":{"start":{"line":7,"column":15},"end":{"line":7,"column":61}},"1":{"start":{"line":8,"column":4},"end":{"line":27,"column":5}},"2":{"start":{"line":31,"column":15},"end":{"line":46,"column":2}}},"fnMap":{"0":{"name":"(anonymous_0)","decl":{"start":{"line":6,"column":2},"end":{"line":6,"column":3}},"loc":{"start":{"line":6,"column":11},"end":{"line":28,"column":3}},"line":6}},"branchMap":{},"s":{"0":0,"1":0,"2":1},"f":{"0":0},"b":{},"_coverageSchema":"332fd63041d2c1bcb487cc26dd0d5f7d97098a6c","hash":"6b3486cf999ecec77c064f41f7049a5e146da239"}
,"/Users/herby/Documents/Github/Hacktiv8/Phase3/Week4/frontend/screens/Home.js": {"path":"/Users/herby/Documents/Github/Hacktiv8/Phase3/Week4/frontend/screens/Home.js","statementMap":{"0":{"start":{"line":21,"column":4},"end":{"line":21,"column":11}},"1":{"start":{"line":22,"column":4},"end":{"line":24,"column":5}},"2":{"start":{"line":27,"column":17},"end":{"line":27,"column":42}},"3":{"start":{"line":28,"column":16},"end":{"line":28,"column":34}},"4":{"start":{"line":29,"column":4},"end":{"line":29,"column":30}},"5":{"start":{"line":30,"column":18},"end":{"line":33,"column":5}},"6":{"start":{"line":34,"column":4},"end":{"line":36,"column":5}},"7":{"start":{"line":35,"column":6},"end":{"line":35,"column":18}},"8":{"start":{"line":37,"column":4},"end":{"line":37,"column":39}},"9":{"start":{"line":40,"column":17},"end":{"line":40,"column":42}},"10":{"start":{"line":41,"column":4},"end":{"line":46,"column":5}},"11":{"start":{"line":42,"column":18},"end":{"line":42,"column":40}},"12":{"start":{"line":43,"column":6},"end":{"line":43,"column":33}},"13":{"start":{"line":45,"column":6},"end":{"line":45,"column":29}},"14":{"start":{"line":47,"column":18},"end":{"line":50,"column":5}},"15":{"start":{"line":51,"column":4},"end":{"line":51,"column":39}},"16":{"start":{"line":55,"column":4},"end":{"line":64,"column":5}},"17":{"start":{"line":67,"column":25},"end":{"line":67,"column":40}},"18":{"start":{"line":69,"column":16},"end":{"line":69,"column":126}},"19":{"start":{"line":69,"column":54},"end":{"line":69,"column":125}},"20":{"start":{"line":72,"column":4},"end":{"line":104,"column":5}},"21":{"start":{"line":91,"column":29},"end":{"line":91,"column":49}},"22":{"start":{"line":91,"column":49},"end":{"line":91,"column":96}},"23":{"start":{"line":99,"column":26},"end":{"line":99,"column":51}},"24":{"start":{"line":100,"column":27},"end":{"line":100,"column":49}},"25":{"start":{"line":108,"column":15},"end":{"line":118,"column":2}},"26":{"start":{"line":121,"column":2},"end":{"line":126,"column":3}},"27":{"start":{"line":130,"column":2},"end":{"line":134,"column":3}},"28":{"start":{"line":131,"column":34},"end":{"line":131,"column":68}},"29":{"start":{"line":132,"column":25},"end":{"line":132,"column":50}},"30":{"start":{"line":133,"column":22},"end":{"line":133,"column":44}}},"fnMap":{"0":{"name":"(anonymous_0)","decl":{"start":{"line":20,"column":2},"end":{"line":20,"column":3}},"loc":{"start":{"line":20,"column":17},"end":{"line":25,"column":3}},"line":20},"1":{"name":"(anonymous_1)","decl":{"start":{"line":26,"column":2},"end":{"line":26,"column":3}},"loc":{"start":{"line":26,"column":24},"end":{"line":38,"column":3}},"line":26},"2":{"name":"(anonymous_2)","decl":{"start":{"line":39,"column":2},"end":{"line":39,"column":3}},"loc":{"start":{"line":39,"column":21},"end":{"line":52,"column":3}},"line":39},"3":{"name":"(anonymous_3)","decl":{"start":{"line":54,"column":20},"end":{"line":54,"column":21}},"loc":{"start":{"line":54,"column":26},"end":{"line":65,"column":3}},"line":54},"4":{"name":"(anonymous_4)","decl":{"start":{"line":67,"column":18},"end":{"line":67,"column":19}},"loc":{"start":{"line":67,"column":25},"end":{"line":67,"column":40}},"line":67},"5":{"name":"(anonymous_5)","decl":{"start":{"line":69,"column":10},"end":{"line":69,"column":11}},"loc":{"start":{"line":69,"column":16},"end":{"line":69,"column":126}},"line":69},"6":{"name":"(anonymous_6)","decl":{"start":{"line":69,"column":42},"end":{"line":69,"column":43}},"loc":{"start":{"line":69,"column":54},"end":{"line":69,"column":125}},"line":69},"7":{"name":"(anonymous_7)","decl":{"start":{"line":71,"column":2},"end":{"line":71,"column":3}},"loc":{"start":{"line":71,"column":12},"end":{"line":105,"column":3}},"line":71},"8":{"name":"(anonymous_8)","decl":{"start":{"line":91,"column":22},"end":{"line":91,"column":23}},"loc":{"start":{"line":91,"column":28},"end":{"line":91,"column":97}},"line":91},"9":{"name":"(anonymous_9)","decl":{"start":{"line":99,"column":20},"end":{"line":99,"column":21}},"loc":{"start":{"line":99,"column":26},"end":{"line":99,"column":51}},"line":99},"10":{"name":"(anonymous_10)","decl":{"start":{"line":100,"column":21},"end":{"line":100,"column":22}},"loc":{"start":{"line":100,"column":27},"end":{"line":100,"column":49}},"line":100},"11":{"name":"mapStateToProps","decl":{"start":{"line":120,"column":9},"end":{"line":120,"column":24}},"loc":{"start":{"line":120,"column":33},"end":{"line":127,"column":1}},"line":120},"12":{"name":"mapDispatchToProps","decl":{"start":{"line":129,"column":9},"end":{"line":129,"column":27}},"loc":{"start":{"line":129,"column":39},"end":{"line":135,"column":1}},"line":129},"13":{"name":"(anonymous_13)","decl":{"start":{"line":131,"column":21},"end":{"line":131,"column":22}},"loc":{"start":{"line":131,"column":34},"end":{"line":131,"column":68}},"line":131},"14":{"name":"(anonymous_14)","decl":{"start":{"line":132,"column":19},"end":{"line":132,"column":20}},"loc":{"start":{"line":132,"column":25},"end":{"line":132,"column":50}},"line":132},"15":{"name":"(anonymous_15)","decl":{"start":{"line":133,"column":16},"end":{"line":133,"column":17}},"loc":{"start":{"line":133,"column":22},"end":{"line":133,"column":44}},"line":133}},"branchMap":{"0":{"loc":{"start":{"line":34,"column":4},"end":{"line":36,"column":5}},"type":"if","locations":[{"start":{"line":34,"column":4},"end":{"line":36,"column":5}},{"start":{"line":34,"column":4},"end":{"line":36,"column":5}}],"line":34},"1":{"loc":{"start":{"line":34,"column":8},"end":{"line":34,"column":90}},"type":"binary-expr","locations":[{"start":{"line":34,"column":9},"end":{"line":34,"column":44}},{"start":{"line":34,"column":49},"end":{"line":34,"column":90}}],"line":34},"2":{"loc":{"start":{"line":41,"column":4},"end":{"line":46,"column":5}},"type":"if","locations":[{"start":{"line":41,"column":4},"end":{"line":46,"column":5}},{"start":{"line":41,"column":4},"end":{"line":46,"column":5}}],"line":41},"3":{"loc":{"start":{"line":69,"column":66},"end":{"line":69,"column":124}},"type":"cond-expr","locations":[{"start":{"line":69,"column":86},"end":{"line":69,"column":103}},{"start":{"line":69,"column":106},"end":{"line":69,"column":124}}],"line":69},"4":{"loc":{"start":{"line":72,"column":11},"end":{"line":104,"column":5}},"type":"cond-expr","locations":[{"start":{"line":73,"column":4},"end":{"line":73,"column":41}},{"start":{"line":75,"column":6},"end":{"line":103,"column":13}}],"line":72}},"s":{"0":0,"1":0,"2":0,"3":0,"4":0,"5":0,"6":0,"7":0,"8":0,"9":0,"10":0,"11":0,"12":0,"13":0,"14":0,"15":0,"16":0,"17":0,"18":0,"19":0,"20":0,"21":0,"22":0,"23":0,"24":0,"25":1,"26":0,"27":0,"28":0,"29":0,"30":0},"f":{"0":0,"1":0,"2":0,"3":0,"4":0,"5":0,"6":0,"7":0,"8":0,"9":0,"10":0,"11":0,"12":0,"13":0,"14":0,"15":0},"b":{"0":[0,0],"1":[0,0],"2":[0,0],"3":[0,0],"4":[0,0]},"_coverageSchema":"332fd63041d2c1bcb487cc26dd0d5f7d97098a6c","hash":"932b1a0c1e9448a01f6ba7cd255bc718e2eeb993"}
,"/Users/herby/Documents/Github/Hacktiv8/Phase3/Week4/frontend/screens/HousePin.js": {"path":"/Users/herby/Documents/Github/Hacktiv8/Phase3/Week4/frontend/screens/HousePin.js","statementMap":{"0":{"start":{"line":12,"column":17},"end":{"line":12,"column":53}},"1":{"start":{"line":13,"column":16},"end":{"line":13,"column":34}},"2":{"start":{"line":14,"column":4},"end":{"line":14,"column":30}},"3":{"start":{"line":15,"column":18},"end":{"line":18,"column":5}},"4":{"start":{"line":19,"column":4},"end":{"line":21,"column":5}},"5":{"start":{"line":20,"column":6},"end":{"line":20,"column":18}},"6":{"start":{"line":22,"column":4},"end":{"line":22,"column":37}},"7":{"start":{"line":25,"column":17},"end":{"line":25,"column":53}},"8":{"start":{"line":26,"column":4},"end":{"line":31,"column":5}},"9":{"start":{"line":27,"column":18},"end":{"line":27,"column":40}},"10":{"start":{"line":28,"column":6},"end":{"line":28,"column":33}},"11":{"start":{"line":30,"column":6},"end":{"line":30,"column":29}},"12":{"start":{"line":32,"column":18},"end":{"line":35,"column":5}},"13":{"start":{"line":36,"column":4},"end":{"line":36,"column":37}},"14":{"start":{"line":40,"column":4},"end":{"line":42,"column":5}},"15":{"start":{"line":41,"column":6},"end":{"line":41,"column":46}},"16":{"start":{"line":45,"column":25},"end":{"line":45,"column":40}},"17":{"start":{"line":47,"column":16},"end":{"line":47,"column":126}},"18":{"start":{"line":47,"column":54},"end":{"line":47,"column":125}},"19":{"start":{"line":50,"column":4},"end":{"line":72,"column":5}},"20":{"start":{"line":67,"column":25},"end":{"line":67,"column":49}},"21":{"start":{"line":68,"column":25},"end":{"line":68,"column":46}},"22":{"start":{"line":76,"column":4},"end":{"line":76,"column":66}},"23":{"start":{"line":81,"column":16},"end":{"line":97,"column":3}},"24":{"start":{"line":100,"column":2},"end":{"line":103,"column":3}},"25":{"start":{"line":107,"column":2},"end":{"line":109,"column":3}},"26":{"start":{"line":108,"column":32},"end":{"line":108,"column":64}}},"fnMap":{"0":{"name":"(anonymous_0)","decl":{"start":{"line":11,"column":2},"end":{"line":11,"column":3}},"loc":{"start":{"line":11,"column":23},"end":{"line":23,"column":3}},"line":11},"1":{"name":"(anonymous_1)","decl":{"start":{"line":24,"column":2},"end":{"line":24,"column":3}},"loc":{"start":{"line":24,"column":20},"end":{"line":37,"column":3}},"line":24},"2":{"name":"(anonymous_2)","decl":{"start":{"line":39,"column":25},"end":{"line":39,"column":26}},"loc":{"start":{"line":39,"column":39},"end":{"line":43,"column":3}},"line":39},"3":{"name":"(anonymous_3)","decl":{"start":{"line":45,"column":18},"end":{"line":45,"column":19}},"loc":{"start":{"line":45,"column":25},"end":{"line":45,"column":40}},"line":45},"4":{"name":"(anonymous_4)","decl":{"start":{"line":47,"column":10},"end":{"line":47,"column":11}},"loc":{"start":{"line":47,"column":16},"end":{"line":47,"column":126}},"line":47},"5":{"name":"(anonymous_5)","decl":{"start":{"line":47,"column":42},"end":{"line":47,"column":43}},"loc":{"start":{"line":47,"column":54},"end":{"line":47,"column":125}},"line":47},"6":{"name":"(anonymous_6)","decl":{"start":{"line":49,"column":2},"end":{"line":49,"column":3}},"loc":{"start":{"line":49,"column":11},"end":{"line":73,"column":3}},"line":49},"7":{"name":"(anonymous_7)","decl":{"start":{"line":67,"column":18},"end":{"line":67,"column":19}},"loc":{"start":{"line":67,"column":25},"end":{"line":67,"column":49}},"line":67},"8":{"name":"(anonymous_8)","decl":{"start":{"line":68,"column":19},"end":{"line":68,"column":20}},"loc":{"start":{"line":68,"column":25},"end":{"line":68,"column":46}},"line":68},"9":{"name":"(anonymous_9)","decl":{"start":{"line":75,"column":2},"end":{"line":75,"column":3}},"loc":{"start":{"line":75,"column":23},"end":{"line":77,"column":3}},"line":75},"10":{"name":"mapStateToProps","decl":{"start":{"line":99,"column":9},"end":{"line":99,"column":24}},"loc":{"start":{"line":99,"column":33},"end":{"line":104,"column":1}},"line":99},"11":{"name":"mapDispatchToProps","decl":{"start":{"line":106,"column":9},"end":{"line":106,"column":27}},"loc":{"start":{"line":106,"column":39},"end":{"line":110,"column":1}},"line":106},"12":{"name":"(anonymous_12)","decl":{"start":{"line":108,"column":19},"end":{"line":108,"column":20}},"loc":{"start":{"line":108,"column":32},"end":{"line":108,"column":64}},"line":108}},"branchMap":{"0":{"loc":{"start":{"line":19,"column":4},"end":{"line":21,"column":5}},"type":"if","locations":[{"start":{"line":19,"column":4},"end":{"line":21,"column":5}},{"start":{"line":19,"column":4},"end":{"line":21,"column":5}}],"line":19},"1":{"loc":{"start":{"line":19,"column":8},"end":{"line":19,"column":90}},"type":"binary-expr","locations":[{"start":{"line":19,"column":9},"end":{"line":19,"column":44}},{"start":{"line":19,"column":49},"end":{"line":19,"column":90}}],"line":19},"2":{"loc":{"start":{"line":26,"column":4},"end":{"line":31,"column":5}},"type":"if","locations":[{"start":{"line":26,"column":4},"end":{"line":31,"column":5}},{"start":{"line":26,"column":4},"end":{"line":31,"column":5}}],"line":26},"3":{"loc":{"start":{"line":40,"column":4},"end":{"line":42,"column":5}},"type":"if","locations":[{"start":{"line":40,"column":4},"end":{"line":42,"column":5}},{"start":{"line":40,"column":4},"end":{"line":42,"column":5}}],"line":40},"4":{"loc":{"start":{"line":47,"column":66},"end":{"line":47,"column":124}},"type":"cond-expr","locations":[{"start":{"line":47,"column":86},"end":{"line":47,"column":103}},{"start":{"line":47,"column":106},"end":{"line":47,"column":124}}],"line":47},"5":{"loc":{"start":{"line":50,"column":11},"end":{"line":72,"column":5}},"type":"cond-expr","locations":[{"start":{"line":51,"column":4},"end":{"line":51,"column":34}},{"start":{"line":52,"column":5},"end":{"line":71,"column":11}}],"line":50}},"s":{"0":0,"1":0,"2":0,"3":0,"4":0,"5":0,"6":0,"7":0,"8":0,"9":0,"10":0,"11":0,"12":0,"13":0,"14":0,"15":0,"16":0,"17":0,"18":0,"19":0,"20":0,"21":0,"22":0,"23":1,"24":0,"25":0,"26":0},"f":{"0":0,"1":0,"2":0,"3":0,"4":0,"5":0,"6":0,"7":0,"8":0,"9":0,"10":0,"11":0,"12":0},"b":{"0":[0,0],"1":[0,0],"2":[0,0],"3":[0,0],"4":[0,0],"5":[0,0]},"_coverageSchema":"332fd63041d2c1bcb487cc26dd0d5f7d97098a6c","hash":"2090809278c8beb0a18110fba641171290545700"}
,"/Users/herby/Documents/Github/Hacktiv8/Phase3/Week4/frontend/screens/Logout.js": {"path":"/Users/herby/Documents/Github/Hacktiv8/Phase3/Week4/frontend/screens/Logout.js","statementMap":{"0":{"start":{"line":11,"column":4},"end":{"line":18,"column":5}},"1":{"start":{"line":22,"column":4},"end":{"line":22,"column":27}},"2":{"start":{"line":23,"column":4},"end":{"line":23,"column":43}},"3":{"start":{"line":27,"column":15},"end":{"line":40,"column":2}},"4":{"start":{"line":43,"column":2},"end":{"line":45,"column":3}},"5":{"start":{"line":44,"column":22},"end":{"line":44,"column":44}}},"fnMap":{"0":{"name":"(anonymous_0)","decl":{"start":{"line":10,"column":2},"end":{"line":10,"column":3}},"loc":{"start":{"line":10,"column":12},"end":{"line":19,"column":3}},"line":10},"1":{"name":"(anonymous_1)","decl":{"start":{"line":21,"column":2},"end":{"line":21,"column":3}},"loc":{"start":{"line":21,"column":23},"end":{"line":24,"column":3}},"line":21},"2":{"name":"mapDispatchToProps","decl":{"start":{"line":42,"column":9},"end":{"line":42,"column":27}},"loc":{"start":{"line":42,"column":39},"end":{"line":46,"column":1}},"line":42},"3":{"name":"(anonymous_3)","decl":{"start":{"line":44,"column":16},"end":{"line":44,"column":17}},"loc":{"start":{"line":44,"column":22},"end":{"line":44,"column":44}},"line":44}},"branchMap":{},"s":{"0":0,"1":0,"2":0,"3":1,"4":0,"5":0},"f":{"0":0,"1":0,"2":0,"3":0},"b":{},"_coverageSchema":"332fd63041d2c1bcb487cc26dd0d5f7d97098a6c","hash":"0577df633f2d878d1e6cd41773e9f9fdbee2aa53"}
,"/Users/herby/Documents/Github/Hacktiv8/Phase3/Week4/frontend/screens/Members.js": {"path":"/Users/herby/Documents/Github/Hacktiv8/Phase3/Week4/frontend/screens/Members.js","statementMap":{"0":{"start":{"line":11,"column":4},"end":{"line":11,"column":35}},"1":{"start":{"line":14,"column":34},"end":{"line":14,"column":59}},"2":{"start":{"line":17,"column":19},"end":{"line":17,"column":35}},"3":{"start":{"line":18,"column":14},"end":{"line":18,"column":16}},"4":{"start":{"line":19,"column":4},"end":{"line":21,"column":5}},"5":{"start":{"line":20,"column":6},"end":{"line":20,"column":30}},"6":{"start":{"line":22,"column":4},"end":{"line":38,"column":5}},"7":{"start":{"line":42,"column":15},"end":{"line":58,"column":2}},"8":{"start":{"line":61,"column":2},"end":{"line":63,"column":3}}},"fnMap":{"0":{"name":"(anonymous_0)","decl":{"start":{"line":10,"column":15},"end":{"line":10,"column":16}},"loc":{"start":{"line":10,"column":29},"end":{"line":12,"column":3}},"line":10},"1":{"name":"(anonymous_1)","decl":{"start":{"line":14,"column":17},"end":{"line":14,"column":18}},"loc":{"start":{"line":14,"column":34},"end":{"line":14,"column":59}},"line":14},"2":{"name":"(anonymous_2)","decl":{"start":{"line":16,"column":2},"end":{"line":16,"column":3}},"loc":{"start":{"line":16,"column":11},"end":{"line":39,"column":3}},"line":16},"3":{"name":"mapStateToProps","decl":{"start":{"line":60,"column":9},"end":{"line":60,"column":24}},"loc":{"start":{"line":60,"column":33},"end":{"line":64,"column":1}},"line":60}},"branchMap":{},"s":{"0":0,"1":0,"2":0,"3":0,"4":0,"5":0,"6":0,"7":1,"8":0},"f":{"0":0,"1":0,"2":0,"3":0},"b":{},"_coverageSchema":"332fd63041d2c1bcb487cc26dd0d5f7d97098a6c","hash":"8ae681530a25ad02dc7b78e6dd94716169e066fa"}
[...]
"column":52}},"7":{"start":{"line":28,"column":8},"end":{"line":44,"column":9}},"8":{"start":{"line":29,"column":10},"end":{"line":29,"column":41}},"9":{"start":{"line":30,"column":36},"end":{"line":41,"column":11}},"10":{"start":{"line":42,"column":10},"end":{"line":42,"column":66}},"11":{"start":{"line":43,"column":10},"end":{"line":43,"column":56}},"12":{"start":{"line":46,"column":8},"end":{"line":46,"column":16}},"13":{"start":{"line":48,"column":6},"end":{"line":48,"column":49}},"14":{"start":{"line":49,"column":18},"end":{"line":49,"column":56}},"15":{"start":{"line":53,"column":35},"end":{"line":55,"column":1}},"16":{"start":{"line":54,"column":2},"end":{"line":54,"column":56}},"17":{"start":{"line":57,"column":44},"end":{"line":62,"column":1}},"18":{"start":{"line":58,"column":2},"end":{"line":61,"column":3}},"19":{"start":{"line":64,"column":37},"end":{"line":66,"column":2}},"20":{"start":{"line":64,"column":44},"end":{"line":66,"column":1}},"21":{"start":{"line":68,"column":35},"end":{"line":70,"column":2}},"22":{"start":{"line":68,"column":42},"end":{"line":70,"column":1}},"23":{"start":{"line":72,"column":34},"end":{"line":77,"column":1}},"24":{"start":{"line":73,"column":2},"end":{"line":76,"column":3}}},"fnMap":{"0":{"name":"(anonymous_0)","decl":{"start":{"line":21,"column":33},"end":{"line":21,"column":34}},"loc":{"start":{"line":21,"column":51},"end":{"line":51,"column":1}},"line":21},"1":{"name":"(anonymous_1)","decl":{"start":{"line":22,"column":9},"end":{"line":22,"column":10}},"loc":{"start":{"line":22,"column":21},"end":{"line":50,"column":3}},"line":22},"2":{"name":"(anonymous_2)","decl":{"start":{"line":24,"column":50},"end":{"line":24,"column":51}},"loc":{"start":{"line":24,"column":63},"end":{"line":49,"column":5}},"line":24},"3":{"name":"(anonymous_3)","decl":{"start":{"line":49,"column":7},"end":{"line":49,"column":8}},"loc":{"start":{"line":49,"column":16},"end":{"line":49,"column":58}},"line":49},"4":{"name":"(anonymous_4)","decl":{"start":{"line":53,"column":35},"end":{"line":53,"column":36}},"loc":{"start":{"line":53,"column":48},"end":{"line":55,"column":1}},"line":53},"5":{"name":"(anonymous_5)","decl":{"start":{"line":57,"column":44},"end":{"line":57,"column":45}},"loc":{"start":{"line":57,"column":57},"end":{"line":62,"column":1}},"line":57},"6":{"name":"(anonymous_6)","decl":{"start":{"line":64,"column":37},"end":{"line":64,"column":38}},"loc":{"start":{"line":64,"column":44},"end":{"line":66,"column":1}},"line":64},"7":{"name":"(anonymous_7)","decl":{"start":{"line":68,"column":35},"end":{"line":68,"column":36}},"loc":{"start":{"line":68,"column":42},"end":{"line":70,"column":1}},"line":68},"8":{"name":"(anonymous_8)","decl":{"start":{"line":72,"column":34},"end":{"line":72,"column":35}},"loc":{"start":{"line":72,"column":47},"end":{"line":77,"column":1}},"line":72}},"branchMap":{"0":{"loc":{"start":{"line":26,"column":6},"end":{"line":47,"column":7}},"type":"if","locations":[{"start":{"line":26,"column":6},"end":{"line":47,"column":7}},{"start":{"line":26,"column":6},"end":{"line":47,"column":7}}],"line":26},"1":{"loc":{"start":{"line":28,"column":8},"end":{"line":44,"column":9}},"type":"if","locations":[{"start":{"line":28,"column":8},"end":{"line":44,"column":9}},{"start":{"line":28,"column":8},"end":{"line":44,"column":9}}],"line":28}},"s":{"0":1,"1":0,"2":0,"3":0,"4":0,"5":0,"6":0,"7":0,"8":0,"9":0,"10":0,"11":0,"12":0,"13":0,"14":0,"15":1,"16":0,"17":1,"18":0,"19":1,"20":0,"21":1,"22":0,"23":1,"24":0},"f":{"0":0,"1":0,"2":0,"3":0,"4":0,"5":0,"6":0,"7":0,"8":0},"b":{"0":[0,0],"1":[0,0]},"_coverageSchema":"332fd63041d2c1bcb487cc26dd0d5f7d97098a6c","hash":"883f58be17cd4a1fca72ec241aca858ffd0a0a34"}
,"/Users/herby/Documents/Github/Hacktiv8/Phase3/Week4/frontend/store/notificationLogs/notificationLogs.reducers.js": {"path":"/Users/herby/Documents/Github/Hacktiv8/Phase3/Week4/frontend/store/notificationLogs/notificationLogs.reducers.js","statementMap":{"0":{"start":{"line":8,"column":21},"end":{"line":13,"column":1}},"1":{"start":{"line":15,"column":17},"end":{"line":43,"column":1}},"2":{"start":{"line":16,"column":2},"end":{"line":42,"column":3}},"3":{"start":{"line":18,"column":6},"end":{"line":22,"column":7}},"4":{"start":{"line":24,"column":6},"end":{"line":27,"column":7}},"5":{"start":{"line":29,"column":6},"end":{"line":33,"column":7}},"6":{"start":{"line":35,"column":6},"end":{"line":38,"column":7}},"7":{"start":{"line":41,"column":6},"end":{"line":41,"column":18}}},"fnMap":{"0":{"name":"(anonymous_0)","decl":{"start":{"line":15,"column":17},"end":{"line":15,"column":18}},"loc":{"start":{"line":15,"column":49},"end":{"line":43,"column":1}},"line":15}},"branchMap":{"0":{"loc":{"start":{"line":15,"column":18},"end":{"line":15,"column":36}},"type":"default-arg","locations":[{"start":{"line":15,"column":24},"end":{"line":15,"column":36}}],"line":15},"1":{"loc":{"start":{"line":16,"column":2},"end":{"line":42,"column":3}},"type":"switch","locations":[{"start":{"line":17,"column":4},"end":{"line":22,"column":8}},{"start":{"line":23,"column":4},"end":{"line":27,"column":7}},{"start":{"line":28,"column":4},"end":{"line":33,"column":7}},{"start":{"line":34,"column":4},"end":{"line":39,"column":5}},{"start":{"line":40,"column":4},"end":{"line":41,"column":18}}],"line":16}},"s":{"0":1,"1":1,"2":3,"3":0,"4":0,"5":0,"6":0,"7":3},"f":{"0":3},"b":{"0":[3],"1":[0,0,0,0,3]},"_coverageSchema":"332fd63041d2c1bcb487cc26dd0d5f7d97098a6c","hash":"eb207954651ebff5332f3406fedc0b3997f3dcc9"}
,"/Users/herby/Documents/Github/Hacktiv8/Phase3/Week4/frontend/store/sensors/sensor.actionType.js": {"path":"/Users/herby/Documents/Github/Hacktiv8/Phase3/Week4/frontend/store/sensors/sensor.actionType.js","statementMap":{"0":{"start":{"line":1,"column":41},"end":{"line":1,"column":68}},"1":{"start":{"line":2,"column":41},"end":{"line":2,"column":68}},"2":{"start":{"line":3,"column":36},"end":{"line":3,"column":58}},"3":{"start":{"line":4,"column":35},"end":{"line":4,"column":56}},"4":{"start":{"line":5,"column":34},"end":{"line":5,"column":54}}},"fnMap":{},"branchMap":{},"s":{"0":1,"1":1,"2":1,"3":1,"4":1},"f":{},"b":{},"_coverageSchema":"332fd63041d2c1bcb487cc26dd0d5f7d97098a6c","hash":"724b38d1f0f5de1b754266dd6396fdfe22b3908c"}
,"/Users/herby/Documents/Github/Hacktiv8/Phase3/Week4/frontend/store/sensors/sensor.actions.js": {"path":"/Users/herby/Documents/Github/Hacktiv8/Phase3/Week4/frontend/store/sensors/sensor.actions.js","statementMap":{"0":{"start":{"line":12,"column":31},"end":{"line":22,"column":1}},"1":{"start":{"line":13,"column":2},"end":{"line":21,"column":3}},"2":{"start":{"line":14,"column":4},"end":{"line":14,"column":38}},"3":{"start":{"line":15,"column":4},"end":{"line":20,"column":6}},"4":{"start":{"line":16,"column":17},"end":{"line":16,"column":27}},"5":{"start":{"line":17,"column":6},"end":{"line":17,"column":44}},"6":{"start":{"line":19,"column":6},"end":{"line":19,"column":22}},"7":{"start":{"line":24,"column":34},"end":{"line":33,"column":1}},"8":{"start":{"line":25,"column":2},"end":{"line":32,"column":3}},"9":{"start":{"line":26,"column":14},"end":{"line":26,"column":37}},"10":{"start":{"line":27,"column":4},"end":{"line":31,"column":8}},"11":{"start":{"line":29,"column":8},"end":{"line":29,"column":27}},"12":{"start":{"line":30,"column":8},"end":{"line":30,"column":45}},"13":{"start":{"line":36,"column":30},"end":{"line":45,"column":1}},"14":{"start":{"line":37,"column":2},"end":{"line":44,"column":3}},"15":{"start":{"line":38,"column":4},"end":{"line":38,"column":52}},"16":{"start":{"line":39,"column":4},"end":{"line":39,"column":54}},"17":{"start":{"line":40,"column":4},"end":{"line":43,"column":8}},"18":{"start":{"line":42,"column":8},"end":{"line":42,"column":37}},"19":{"start":{"line":47,"column":29},"end":{"line":56,"column":1}},"20":{"start":{"line":48,"column":2},"end":{"line":55,"column":3}},"21":{"start":{"line":49,"column":4},"end":{"line":49,"column":52}},"22":{"start":{"line":50,"column":4},"end":{"line":50,"column":54}},"23":{"start":{"line":51,"column":4},"end":{"line":54,"column":8}},"24":{"start":{"line":53,"column":8},"end":{"line":53,"column":36}},"25":{"start":{"line":58,"column":31},"end":{"line":61,"column":2}},"26":{"start":{"line":58,"column":45},"end":{"line":61,"column":1}},"27":{"start":{"line":63,"column":31},"end":{"line":65,"column":2}},"28":{"start":{"line":63,"column":38},"end":{"line":65,"column":1}},"29":{"start":{"line":67,"column":34},"end":{"line":69,"column":2}},"30":{"start":{"line":67,"column":41},"end":{"line":69,"column":1}},"31":{"start":{"line":71,"column":26},"end":{"line":73,"column":2}},"32":{"start":{"line":71,"column":33},"end":{"line":73,"column":1}},"33":{"start":{"line":75,"column":25},"end":{"line":77,"column":2}},"34":{"start":{"line":75,"column":32},"end":{"line":77,"column":1}}},"fnMap":{"0":{"name":"(anonymous_0)","decl":{"start":{"line":12,"column":31},"end":{"line":12,"column":32}},"loc":{"start":{"line":12,"column":37},"end":{"line":22,"column":1}},"line":12},"1":{"name":"(anonymous_1)","decl":{"start":{"line":13,"column":9},"end":{"line":13,"column":10}},"loc":{"start":{"line":13,"column":21},"end":{"line":21,"column":3}},"line":13},"2":{"name":"(anonymous_2)","decl":{"start":{"line":15,"column":53},"end":{"line":15,"column":54}},"loc":{"start":{"line":15,"column":63},"end":{"line":18,"column":5}},"line":15},"3":{"name":"(anonymous_3)","decl":{"start":{"line":18,"column":7},"end":{"line":18,"column":8}},"loc":{"start":{"line":18,"column":16},"end":{"line":20,"column":5}},"line":18},"4":{"name":"(anonymous_4)","decl":{"start":{"line":24,"column":34},"end":{"line":24,"column":35}},"loc":{"start":{"line":24,"column":47},"end":{"line":33,"column":1}},"line":24},"5":{"name":"(anonymous_5)","decl":{"start":{"line":25,"column":9},"end":{"line":25,"column":10}},"loc":{"start":{"line":25,"column":21},"end":{"line":32,"column":3}},"line":25},"6":{"name":"(anonymous_6)","decl":{"start":{"line":28,"column":10},"end":{"line":28,"column":11}},"loc":{"start":{"line":28,"column":16},"end":{"line":31,"column":7}},"line":28},"7":{"name":"(anonymous_7)","decl":{"start":{"line":36,"column":30},"end":{"line":36,"column":31}},"loc":{"start":{"line":36,"column":36},"end":{"line":45,"column":1}},"line":36},"8":{"name":"(anonymous_8)","decl":{"start":{"line":37,"column":9},"end":{"line":37,"column":10}},"loc":{"start":{"line":37,"column":21},"end":{"line":44,"column":3}},"line":37},"9":{"name":"(anonymous_9)","decl":{"start":{"line":41,"column":12},"end":{"line":41,"column":13}},"loc":{"start":{"line":41,"column":18},"end":{"line":43,"column":7}},"line":41},"10":{"name":"(anonymous_10)","decl":{"start":{"line":47,"column":29},"end":{"line":47,"column":30}},"loc":{"start":{"line":47,"column":35},"end":{"line":56,"column":1}},"line":47},"11":{"name":"(anonymous_11)","decl":{"start":{"line":48,"column":9},"end":{"line":48,"column":10}},"loc":{"start":{"line":48,"column":21},"end":{"line":55,"column":3}},"line":48},"12":{"name":"(anonymous_12)","decl":{"start":{"line":52,"column":12},"end":{"line":52,"column":13}},"loc":{"start":{"line":52,"column":18},"end":{"line":54,"column":7}},"line":52},"13":{"name":"(anonymous_13)","decl":{"start":{"line":58,"column":31},"end":{"line":58,"column":32}},"loc":{"start":{"line":58,"column":45},"end":{"line":61,"column":1}},"line":58},"14":{"name":"(anonymous_14)","decl":{"start":{"line":63,"column":31},"end":{"line":63,"column":32}},"loc":{"start":{"line":63,"column":38},"end":{"line":65,"column":1}},"line":63},"15":{"name":"(anonymous_15)","decl":{"start":{"line":67,"column":34},"end":{"line":67,"column":35}},"loc":{"start":{"line":67,"column":41},"end":{"line":69,"column":1}},"line":67},"16":{"name":"(anonymous_16)","decl":{"start":{"line":71,"column":26},"end":{"line":71,"column":27}},"loc":{"start":{"line":71,"column":33},"end":{"line":73,"column":1}},"line":71},"17":{"name":"(anonymous_17)","decl":{"start":{"line":75,"column":25},"end":{"line":75,"column":26}},"loc":{"start":{"line":75,"column":32},"end":{"line":77,"column":1}},"line":75}},"branchMap":{"0":{"loc":{"start":{"line":26,"column":14},"end":{"line":26,"column":37}},"type":"cond-expr","locations":[{"start":{"line":26,"column":32},"end":{"line":26,"column":33}},{"start":{"line":26,"column":36},"end":{"line":26,"column":37}}],"line":26}},"s":{"0":1,"1":0,"2":0,"3":0,"4":0,"5":0,"6":0,"7":1,"8":0,"9":0,"10":0,"11":0,"12":0,"13":1,"14":0,"15":0,"16":0,"17":0,"18":0,"19":1,"20":0,"21":0,"22":0,"23":0,"24":0,"25":1,"26":0,"27":1,"28":0,"29":1,"30":0,"31":1,"32":0,"33":1,"34":0},"f":{"0":0,"1":0,"2":0,"3":0,"4":0,"5":0,"6":0,"7":0,"8":0,"9":0,"10":0,"11":0,"12":0,"13":0,"14":0,"15":0,"16":0,"17":0},"b":{"0":[0,0]},"_coverageSchema":"332fd63041d2c1bcb487cc26dd0d5f7d97098a6c","hash":"3250f7919b36b2cb036ad0026abdedba1f981af6"}
,"/Users/herby/Documents/Github/Hacktiv8/Phase3/Week4/frontend/store/sensors/sensor.reducers.js": {"path":"/Users/herby/Documents/Github/Hacktiv8/Phase3/Week4/frontend/store/sensors/sensor.reducers.js","statementMap":{"0":{"start":{"line":10,"column":21},"end":{"line":13,"column":1}},"1":{"start":{"line":15,"column":17},"end":{"line":43,"column":1}},"2":{"start":{"line":16,"column":2},"end":{"line":42,"column":3}},"3":{"start":{"line":18,"column":6},"end":{"line":22,"column":7}},"4":{"start":{"line":24,"column":6},"end":{"line":27,"column":7}},"5":{"start":{"line":29,"column":6},"end":{"line":31,"column":7}},"6":{"start":{"line":33,"column":6},"end":{"line":35,"column":7}},"7":{"start":{"line":37,"column":6},"end":{"line":39,"column":7}},"8":{"start":{"line":41,"column":6},"end":{"line":41,"column":18}}},"fnMap":{"0":{"name":"(anonymous_0)","decl":{"start":{"line":15,"column":17},"end":{"line":15,"column":18}},"loc":{"start":{"line":15,"column":49},"end":{"line":43,"column":1}},"line":15}},"branchMap":{"0":{"loc":{"start":{"line":15,"column":18},"end":{"line":15,"column":36}},"type":"default-arg","locations":[{"start":{"line":15,"column":24},"end":{"line":15,"column":36}}],"line":15},"1":{"loc":{"start":{"line":16,"column":2},"end":{"line":42,"column":3}},"type":"switch","locations":[{"start":{"line":17,"column":4},"end":{"line":22,"column":7}},{"start":{"line":23,"column":4},"end":{"line":27,"column":7}},{"start":{"line":28,"column":4},"end":{"line":31,"column":7}},{"start":{"line":32,"column":4},"end":{"line":35,"column":7}},{"start":{"line":36,"column":4},"end":{"line":39,"column":7}},{"start":{"line":40,"column":4},"end":{"line":41,"column":18}}],"line":16}},"s":{"0":1,"1":1,"2":3,"3":0,"4":0,"5":0,"6":0,"7":0,"8":3},"f":{"0":3},"b":{"0":[3],"1":[0,0,0,0,0,3]},"_coverageSchema":"332fd63041d2c1bcb487cc26dd0d5f7d97098a6c","hash":"b0512eaac908c6fdfebea8d6843d3490b1bcc512"}
,"/Users/herby/Documents/Github/Hacktiv8/Phase3/Week4/frontend/store/userData/userData.actionType.js": {"path":"/Users/herby/Documents/Github/Hacktiv8/Phase3/Week4/frontend/store/userData/userData.actionType.js","statementMap":{"0":{"start":{"line":1,"column":31},"end":{"line":1,"column":48}},"1":{"start":{"line":2,"column":39},"end":{"line":2,"column":64}},"2":{"start":{"line":3,"column":37},"end":{"line":3,"column":60}}},"fnMap":{},"branchMap":{},"s":{"0":1,"1":1,"2":1},"f":{},"b":{},"_coverageSchema":"332fd63041d2c1bcb487cc26dd0d5f7d97098a6c","hash":"f239968521086d28f498dbe7aa0b86db755b5fff"}
,"/Users/herby/Documents/Github/Hacktiv8/Phase3/Week4/frontend/store/userData/userData.actions.js": {"path":"/Users/herby/Documents/Github/Hacktiv8/Phase3/Week4/frontend/store/userData/userData.actions.js","statementMap":{"0":{"start":{"line":20,"column":26},"end":{"line":30,"column":1}},"1":{"start":{"line":21,"column":2},"end":{"line":29,"column":3}},"2":{"start":{"line":22,"column":4},"end":{"line":22,"column":36}},"3":{"start":{"line":23,"column":4},"end":{"line":23,"column":37}},"4":{"start":{"line":24,"column":4},"end":{"line":28,"column":6}},"5":{"start":{"line":25,"column":6},"end":{"line":27,"column":7}},"6":{"start":{"line":26,"column":8},"end":{"line":26,"column":51}},"7":{"start":{"line":32,"column":30},"end":{"line":39,"column":1}},"8":{"start":{"line":33,"column":2},"end":{"line":33,"column":92}},"9":{"start":{"line":41,"column":29},"end":{"line":46,"column":1}},"10":{"start":{"line":42,"column":2},"end":{"line":45,"column":3}},"11":{"start":{"line":48,"column":29},"end":{"line":50,"column":2}},"12":{"start":{"line":48,"column":36},"end":{"line":50,"column":1}},"13":{"start":{"line":52,"column":27},"end":{"line":54,"column":2}},"14":{"start":{"line":52,"column":34},"end":{"line":54,"column":1}}},"fnMap":{"0":{"name":"(anonymous_0)","decl":{"start":{"line":20,"column":26},"end":{"line":20,"column":27}},"loc":{"start":{"line":20,"column":39},"end":{"line":30,"column":1}},"line":20},"1":{"name":"(anonymous_1)","decl":{"start":{"line":21,"column":9},"end":{"line":21,"column":10}},"loc":{"start":{"line":21,"column":21},"end":{"line":29,"column":3}},"line":21},"2":{"name":"(anonymous_2)","decl":{"start":{"line":24,"column":20},"end":{"line":24,"column":21}},"loc":{"start":{"line":24,"column":30},"end":{"line":28,"column":5}},"line":24},"3":{"name":"(anonymous_3)","decl":{"start":{"line":32,"column":30},"end":{"line":32,"column":31}},"loc":{"start":{"line":32,"column":43},"end":{"line":39,"column":1}},"line":32},"4":{"name":"(anonymous_4)","decl":{"start":{"line":41,"column":29},"end":{"line":41,"column":30}},"loc":{"start":{"line":41,"column":42},"end":{"line":46,"column":1}},"line":41},"5":{"name":"(anonymous_5)","decl":{"start":{"line":48,"column":29},"end":{"line":48,"column":30}},"loc":{"start":{"line":48,"column":36},"end":{"line":50,"column":1}},"line":48},"6":{"name":"(anonymous_6)","decl":{"start":{"line":52,"column":27},"end":{"line":52,"column":28}},"loc":{"start":{"line":52,"column":34},"end":{"line":54,"column":1}},"line":52}},"branchMap":{"0":{"loc":{"start":{"line":25,"column":6},"end":{"line":27,"column":7}},"type":"if","locations":[{"start":{"line":25,"column":6},"end":{"line":27,"column":7}},{"start":{"line":25,"column":6},"end":{"line":27,"column":7}}],"line":25}},"s":{"0":1,"1":0,"2":0,"3":0,"4":0,"5":0,"6":0,"7":1,"8":0,"9":1,"10":0,"11":1,"12":0,"13":1,"14":0},"f":{"0":0,"1":0,"2":0,"3":0,"4":0,"5":0,"6":0},"b":{"0":[0,0]},"_coverageSchema":"332fd63041d2c1bcb487cc26dd0d5f7d97098a6c","hash":"fddce2ee4d79838a7b936c93ddbfabf53bdcda94"}
,"/Users/herby/Documents/Github/Hacktiv8/Phase3/Week4/frontend/store/userData/userData.reducers.js": {"path":"/Users/herby/Documents/Github/Hacktiv8/Phase3/Week4/frontend/store/userData/userData.reducers.js","statementMap":{"0":{"start":{"line":7,"column":21},"end":{"line":15,"column":1}},"1":{"start":{"line":17,"column":17},"end":{"line":39,"column":1}},"2":{"start":{"line":18,"column":2},"end":{"line":38,"column":3}},"3":{"start":{"line":20,"column":6},"end":{"line":24,"column":7}},"4":{"start":{"line":26,"column":6},"end":{"line":29,"column":7}},"5":{"start":{"line":31,"column":6},"end":{"line":35,"column":7}},"6":{"start":{"line":37,"column":6},"end":{"line":37,"column":18}}},"fnMap":{"0":{"name":"(anonymous_0)","decl":{"start":{"line":17,"column":17},"end":{"line":17,"column":18}},"loc":{"start":{"line":17,"column":49},"end":{"line":39,"column":1}},"line":17}},"branchMap":{"0":{"loc":{"start":{"line":17,"column":18},"end":{"line":17,"column":36}},"type":"default-arg","locations":[{"start":{"line":17,"column":24},"end":{"line":17,"column":36}}],"line":17},"1":{"loc":{"start":{"line":18,"column":2},"end":{"line":38,"column":3}},"type":"switch","locations":[{"start":{"line":19,"column":4},"end":{"line":24,"column":8}},{"start":{"line":25,"column":4},"end":{"line":29,"column":7}},{"start":{"line":30,"column":4},"end":{"line":35,"column":7}},{"start":{"line":36,"column":4},"end":{"line":37,"column":18}}],"line":18}},"s":{"0":1,"1":1,"2":3,"3":0,"4":0,"5":0,"6":3},"f":{"0":3},"b":{"0":[3],"1":[0,0,0,3]},"_coverageSchema":"332fd63041d2c1bcb487cc26dd0d5f7d97098a6c","hash":"4e5e047d9a0ac84c0d10a14e38b250823fe8eba8"}
}
