{"/home/ervan/Documents/Hacktiv8/Phase_3/smartHome/frontend/components/AlarmType.js": {"path":"/home/ervan/Documents/Hacktiv8/Phase_3/smartHome/frontend/components/AlarmType.js","statementMap":{"0":{"start":{"line":7,"column":4},"end":{"line":19,"column":5}},"1":{"start":{"line":24,"column":15},"end":{"line":60,"column":2}}},"fnMap":{"0":{"name":"(anonymous_0)","decl":{"start":{"line":6,"column":2},"end":{"line":6,"column":3}},"loc":{"start":{"line":6,"column":11},"end":{"line":20,"column":3}},"line":6}},"branchMap":{"0":{"loc":{"start":{"line":8,"column":33},"end":{"line":8,"column":87}},"type":"cond-expr","locations":[{"start":{"line":8,"column":53},"end":{"line":8,"column":69}},{"start":{"line":8,"column":72},"end":{"line":8,"column":87}}],"line":8},"1":{"loc":{"start":{"line":11,"column":52},"end":{"line":11,"column":159}},"type":"cond-expr","locations":[{"start":{"line":11,"column":72},"end":{"line":11,"column":114}},{"start":{"line":11,"column":117},"end":{"line":11,"column":159}}],"line":11},"2":{"loc":{"start":{"line":15,"column":61},"end":{"line":15,"column":177}},"type":"cond-expr","locations":[{"start":{"line":15,"column":81},"end":{"line":15,"column":126}},{"start":{"line":15,"column":129},"end":{"line":15,"column":177}}],"line":15}},"s":{"0":10,"1":2},"f":{"0":10},"b":{"0":[8,2],"1":[8,2],"2":[8,2]},"_coverageSchema":"332fd63041d2c1bcb487cc26dd0d5f7d97098a6c","hash":"1e892c75439af51474a06f6e60d7ed2791ec33de"}
,"/home/ervan/Documents/Hacktiv8/Phase_3/smartHome/frontend/components/Bell.js": {"path":"/home/ervan/Documents/Hacktiv8/Phase_3/smartHome/frontend/components/Bell.js","statementMap":{"0":{"start":{"line":7,"column":15},"end":{"line":7,"column":30}},"1":{"start":{"line":8,"column":19},"end":{"line":8,"column":42}},"2":{"start":{"line":9,"column":24},"end":{"line":9,"column":25}},"3":{"start":{"line":10,"column":4},"end":{"line":17,"column":5}},"4":{"start":{"line":18,"column":4},"end":{"line":18,"column":24}},"5":{"start":{"line":22,"column":19},"end":{"line":22,"column":48}},"6":{"start":{"line":23,"column":4},"end":{"line":33,"column":5}},"7":{"start":{"line":38,"column":2},"end":{"line":41,"column":3}},"8":{"start":{"line":46,"column":15},"end":{"line":68,"column":2}}},"fnMap":{"0":{"name":"(anonymous_0)","decl":{"start":{"line":6,"column":27},"end":{"line":6,"column":28}},"loc":{"start":{"line":6,"column":33},"end":{"line":19,"column":3}},"line":6},"1":{"name":"(anonymous_1)","decl":{"start":{"line":21,"column":2},"end":{"line":21,"column":3}},"loc":{"start":{"line":21,"column":11},"end":{"line":34,"column":3}},"line":21},"2":{"name":"mapStateToProps","decl":{"start":{"line":37,"column":9},"end":{"line":37,"column":24}},"loc":{"start":{"line":37,"column":33},"end":{"line":42,"column":1}},"line":37}},"branchMap":{"0":{"loc":{"start":{"line":27,"column":10},"end":{"line":30,"column":19}},"type":"binary-expr","locations":[{"start":{"line":27,"column":10},"end":{"line":27,"column":22}},{"start":{"line":28,"column":12},"end":{"line":30,"column":19}}],"line":27}},"s":{"0":6,"1":6,"2":6,"3":6,"4":6,"5":5,"6":5,"7":5,"8":1},"f":{"0":6,"1":5,"2":5},"b":{"0":[5,0]},"_coverageSchema":"332fd63041d2c1bcb487cc26dd0d5f7d97098a6c","hash":"c29fdacd9341cd1427b0ce83004297056461f8c3"}
,"/home/ervan/Documents/Hacktiv8/Phase_3/smartHome/frontend/components/Bullet.js": {"path":"/home/ervan/Documents/Hacktiv8/Phase_3/smartHome/frontend/components/Bullet.js","statementMap":{"0":{"start":{"line":7,"column":4},"end":{"line":14,"column":5}},"1":{"start":{"line":9,"column":36},"end":{"line":11,"column":50}},"2":{"start":{"line":18,"column":15},"end":{"line":36,"column":2}}},"fnMap":{"0":{"name":"(anonymous_0)","decl":{"start":{"line":6,"column":2},"end":{"line":6,"column":3}},"loc":{"start":{"line":6,"column":11},"end":{"line":15,"column":3}},"line":6},"1":{"name":"(anonymous_1)","decl":{"start":{"line":9,"column":29},"end":{"line":9,"column":30}},"loc":{"start":{"line":9,"column":36},"end":{"line":11,"column":50}},"line":9}},"branchMap":{"0":{"loc":{"start":{"line":9,"column":36},"end":{"line":11,"column":50}},"type":"cond-expr","locations":[{"start":{"line":10,"column":10},"end":{"line":10,"column":126}},{"start":{"line":11,"column":10},"end":{"line":11,"column":50}}],"line":9}},"s":{"0":3,"1":18,"2":1},"f":{"0":3,"1":18},"b":{"0":[3,15]},"_coverageSchema":"332fd63041d2c1bcb487cc26dd0d5f7d97098a6c","hash":"a93e4b16f19f43410625bad952181dc3ae56e075"}
,"/home/ervan/Documents/Hacktiv8/Phase_3/smartHome/frontend/components/CardTitle.js": {"path":"/home/ervan/Documents/Hacktiv8/Phase_3/smartHome/frontend/components/CardTitle.js","statementMap":{"0":{"start":{"line":6,"column":4},"end":{"line":15,"column":5}},"1":{"start":{"line":19,"column":15},"end":{"line":41,"column":2}}},"fnMap":{"0":{"name":"(anonymous_0)","decl":{"start":{"line":5,"column":2},"end":{"line":5,"column":3}},"loc":{"start":{"line":5,"column":11},"end":{"line":16,"column":3}},"line":5}},"branchMap":{},"s":{"0":6,"1":2},"f":{"0":6},"b":{},"_coverageSchema":"332fd63041d2c1bcb487cc26dd0d5f7d97098a6c","hash":"2eb43b3924ae133ac110114de2b2d99dde42a88f"}
,"/home/ervan/Documents/Hacktiv8/Phase_3/smartHome/frontend/components/Drawer.js": {"path":"/home/ervan/Documents/Hacktiv8/Phase_3/smartHome/frontend/components/Drawer.js","statementMap":{"0":{"start":{"line":6,"column":4},"end":{"line":10,"column":5}},"1":{"start":{"line":14,"column":15},"end":{"line":24,"column":2}}},"fnMap":{"0":{"name":"(anonymous_0)","decl":{"start":{"line":5,"column":2},"end":{"line":5,"column":3}},"loc":{"start":{"line":5,"column":11},"end":{"line":11,"column":3}},"line":5}},"branchMap":{},"s":{"0":4,"1":1},"f":{"0":4},"b":{},"_coverageSchema":"332fd63041d2c1bcb487cc26dd0d5f7d97098a6c","hash":"68c8db84662c27bece98a726d5f16473e1ddeeec"}
,"/home/ervan/Documents/Hacktiv8/Phase_3/smartHome/frontend/components/InputErrorText.js": {"path":"/home/ervan/Documents/Hacktiv8/Phase_3/smartHome/frontend/components/InputErrorText.js","statementMap":{"0":{"start":{"line":6,"column":4},"end":{"line":10,"column":5}},"1":{"start":{"line":14,"column":15},"end":{"line":26,"column":2}}},"fnMap":{"0":{"name":"(anonymous_0)","decl":{"start":{"line":5,"column":2},"end":{"line":5,"column":3}},"loc":{"start":{"line":5,"column":11},"end":{"line":11,"column":3}},"line":5}},"branchMap":{},"s":{"0":3,"1":2},"f":{"0":3},"b":{},"_coverageSchema":"332fd63041d2c1bcb487cc26dd0d5f7d97098a6c","hash":"ece30c45604834aa001cd75f4186b1e20092764a"}
,"/home/ervan/Documents/Hacktiv8/Phase_3/smartHome/frontend/components/InputTextForm.js": {"path":"/home/ervan/Documents/Hacktiv8/Phase_3/smartHome/frontend/components/InputTextForm.js","statementMap":{"0":{"start":{"line":6,"column":18},"end":{"line":9,"column":5}},"1":{"start":{"line":10,"column":4},"end":{"line":10,"column":36}},"2":{"start":{"line":14,"column":4},"end":{"line":27,"column":6}},"3":{"start":{"line":33,"column":15},"end":{"line":43,"column":2}}},"fnMap":{"0":{"name":"(anonymous_0)","decl":{"start":{"line":5,"column":17},"end":{"line":5,"column":18}},"loc":{"start":{"line":5,"column":28},"end":{"line":11,"column":3}},"line":5},"1":{"name":"(anonymous_1)","decl":{"start":{"line":13,"column":2},"end":{"line":13,"column":3}},"loc":{"start":{"line":13,"column":11},"end":{"line":28,"column":3}},"line":13}},"branchMap":{"0":{"loc":{"start":{"line":16,"column":26},"end":{"line":16,"column":61}},"type":"binary-expr","locations":[{"start":{"line":16,"column":26},"end":{"line":16,"column":52}},{"start":{"line":16,"column":56},"end":{"line":16,"column":61}}],"line":16},"1":{"loc":{"start":{"line":18,"column":22},"end":{"line":18,"column":63}},"type":"binary-expr","locations":[{"start":{"line":18,"column":22},"end":{"line":18,"column":44}},{"start":{"line":18,"column":48},"end":{"line":18,"column":63}}],"line":18},"2":{"loc":{"start":{"line":21,"column":23},"end":{"line":21,"column":59}},"type":"binary-expr","locations":[{"start":{"line":21,"column":23},"end":{"line":21,"column":46}},{"start":{"line":21,"column":50},"end":{"line":21,"column":59}}],"line":21}},"s":{"0":0,"1":0,"2":7,"3":3},"f":{"0":0,"1":7},"b":{"0":[7,6],"1":[7,7],"2":[7,5]},"_coverageSchema":"332fd63041d2c1bcb487cc26dd0d5f7d97098a6c","hash":"84464eb5d67c2c949458f49e62683b1493932fb0"}
,"/home/ervan/Documents/Hacktiv8/Phase_3/smartHome/frontend/components/Keypad.js": {"path":"/home/ervan/Documents/Hacktiv8/Phase_3/smartHome/frontend/components/Keypad.js","statementMap":{"0":{"start":{"line":7,"column":4},"end":{"line":22,"column":5}},"1":{"start":{"line":9,"column":57},"end":{"line":9,"column":78}},"2":{"start":{"line":10,"column":57},"end":{"line":10,"column":78}},"3":{"start":{"line":11,"column":57},"end":{"line":11,"column":78}},"4":{"start":{"line":12,"column":57},"end":{"line":12,"column":78}},"5":{"start":{"line":13,"column":57},"end":{"line":13,"column":78}},"6":{"start":{"line":14,"column":57},"end":{"line":14,"column":78}},"7":{"start":{"line":15,"column":57},"end":{"line":15,"column":78}},"8":{"start":{"line":16,"column":57},"end":{"line":16,"column":78}},"9":{"start":{"line":17,"column":57},"end":{"line":17,"column":78}},"10":{"start":{"line":19,"column":57},"end":{"line":19,"column":78}},"11":{"start":{"line":20,"column":57},"end":{"line":20,"column":76}},"12":{"start":{"line":26,"column":15},"end":{"line":42,"column":2}}},"fnMap":{"0":{"name":"(anonymous_0)","decl":{"start":{"line":6,"column":2},"end":{"line":6,"column":3}},"loc":{"start":{"line":6,"column":11},"end":{"line":23,"column":3}},"line":6},"1":{"name":"(anonymous_1)","decl":{"start":{"line":9,"column":51},"end":{"line":9,"column":52}},"loc":{"start":{"line":9,"column":57},"end":{"line":9,"column":78}},"line":9},"2":{"name":"(anonymous_2)","decl":{"start":{"line":10,"column":51},"end":{"line":10,"column":52}},"loc":{"start":{"line":10,"column":57},"end":{"line":10,"column":78}},"line":10},"3":{"name":"(anonymous_3)","decl":{"start":{"line":11,"column":51},"end":{"line":11,"column":52}},"loc":{"start":{"line":11,"column":57},"end":{"line":11,"column":78}},"line":11},"4":{"name":"(anonymous_4)","decl":{"start":{"line":12,"column":51},"end":{"line":12,"column":52}},"loc":{"start":{"line":12,"column":57},"end":{"line":12,"column":78}},"line":12},"5":{"name":"(anonymous_5)","decl":{"start":{"line":13,"column":51},"end":{"line":13,"column":52}},"loc":{"start":{"line":13,"column":57},"end":{"line":13,"column":78}},"line":13},"6":{"name":"(anonymous_6)","decl":{"start":{"line":14,"column":51},"end":{"line":14,"column":52}},"loc":{"start":{"line":14,"column":57},"end":{"line":14,"column":78}},"line":14},"7":{"name":"(anonymous_7)","decl":{"start":{"line":15,"column":51},"end":{"line":15,"column":52}},"loc":{"start":{"line":15,"column":57},"end":{"line":15,"column":78}},"line":15},"8":{"name":"(anonymous_8)","decl":{"start":{"line":16,"column":51},"end":{"line":16,"column":52}},"loc":{"start":{"line":16,"column":57},"end":{"line":16,"column":78}},"line":16},"9":{"name":"(anonymous_9)","decl":{"start":{"line":17,"column":51},"end":{"line":17,"column":52}},"loc":{"start":{"line":17,"column":57},"end":{"line":17,"column":78}},"line":17},"10":{"name":"(anonymous_10)","decl":{"start":{"line":19,"column":51},"end":{"line":19,"column":52}},"loc":{"start":{"line":19,"column":57},"end":{"line":19,"column":78}},"line":19},"11":{"name":"(anonymous_11)","decl":{"start":{"line":20,"column":51},"end":{"line":20,"column":52}},"loc":{"start":{"line":20,"column":57},"end":{"line":20,"column":76}},"line":20}},"branchMap":{},"s":{"0":31,"1":1,"2":1,"3":1,"4":1,"5":1,"6":1,"7":1,"8":1,"9":1,"10":1,"11":1,"12":1},"f":{"0":31,"1":1,"2":1,"3":1,"4":1,"5":1,"6":1,"7":1,"8":1,"9":1,"10":1,"11":1},"b":{},"_coverageSchema":"332fd63041d2c1bcb487cc26dd0d5f7d97098a6c","hash":"0e4d3a199f5f0d6be4fa0c375984cd1ac73a03f8"}
,"/home/ervan/Documents/Hacktiv8/Phase_3/smartHome/frontend/components/LogoHead.js": {"path":"/home/ervan/Documents/Hacktiv8/Phase_3/smartHome/frontend/components/LogoHead.js","statementMap":{"0":{"start":{"line":6,"column":4},"end":{"line":10,"column":5}},"1":{"start":{"line":14,"column":15},"end":{"line":26,"column":2}}},"fnMap":{"0":{"name":"(anonymous_0)","decl":{"start":{"line":5,"column":2},"end":{"line":5,"column":3}},"loc":{"start":{"line":5,"column":11},"end":{"line":11,"column":3}},"line":5}},"branchMap":{},"s":{"0":6,"1":1},"f":{"0":6},"b":{},"_coverageSchema":"332fd63041d2c1bcb487cc26dd0d5f7d97098a6c","hash":"fdaf99d457297311f88bb55415cd8e609028a8d4"}
,"/home/ervan/Documents/Hacktiv8/Phase_3/smartHome/frontend/components/Member.js": {"path":"/home/ervan/Documents/Hacktiv8/Phase_3/smartHome/frontend/components/Member.js","statementMap":{"0":{"start":{"line":7,"column":40},"end":{"line":7,"column":55}},"1":{"start":{"line":8,"column":4},"end":{"line":21,"column":5}},"2":{"start":{"line":25,"column":15},"end":{"line":53,"column":2}}},"fnMap":{"0":{"name":"(anonymous_0)","decl":{"start":{"line":6,"column":2},"end":{"line":6,"column":3}},"loc":{"start":{"line":6,"column":11},"end":{"line":22,"column":3}},"line":6}},"branchMap":{},"s":{"0":5,"1":5,"2":1},"f":{"0":5},"b":{},"_coverageSchema":"332fd63041d2c1bcb487cc26dd0d5f7d97098a6c","hash":"e9cc23820e58d5f6169ddca12b413088b9c8f7e8"}
,"/home/ervan/Documents/Hacktiv8/Phase_3/smartHome/frontend/components/NewMonitor.js": {"path":"/home/ervan/Documents/Hacktiv8/Phase_3/smartHome/frontend/components/NewMonitor.js","statementMap":{"0":{"start":{"line":7,"column":4},"end":{"line":27,"column":5}},"1":{"start":{"line":30,"column":15},"end":{"line":76,"column":2}}},"fnMap":{"0":{"name":"(anonymous_0)","decl":{"start":{"line":6,"column":2},"end":{"line":6,"column":3}},"loc":{"start":{"line":6,"column":11},"end":{"line":28,"column":3}},"line":6}},"branchMap":{"0":{"loc":{"start":{"line":12,"column":22},"end":{"line":12,"column":66}},"type":"cond-expr","locations":[{"start":{"line":12,"column":42},"end":{"line":12,"column":53}},{"start":{"line":12,"column":56},"end":{"line":12,"column":66}}],"line":12},"1":{"loc":{"start":{"line":13,"column":45},"end":{"line":13,"column":102}},"type":"cond-expr","locations":[{"start":{"line":13,"column":64},"end":{"line":13,"column":82}},{"start":{"line":13,"column":85},"end":{"line":13,"column":102}}],"line":13},"2":{"loc":{"start":{"line":17,"column":12},"end":{"line":23,"column":55}},"type":"cond-expr","locations":[{"start":{"line":18,"column":12},"end":{"line":20,"column":58}},{"start":{"line":21,"column":12},"end":{"line":23,"column":55}}],"line":17},"3":{"loc":{"start":{"line":18,"column":12},"end":{"line":20,"column":58}},"type":"cond-expr","locations":[{"start":{"line":19,"column":12},"end":{"line":19,"column":55}},{"start":{"line":20,"column":12},"end":{"line":20,"column":58}}],"line":18},"4":{"loc":{"start":{"line":21,"column":12},"end":{"line":23,"column":55}},"type":"cond-expr","locations":[{"start":{"line":22,"column":12},"end":{"line":22,"column":55}},{"start":{"line":23,"column":12},"end":{"line":23,"column":55}}],"line":21}},"s":{"0":16,"1":2},"f":{"0":16},"b":{"0":[3,13],"1":[3,13],"2":[2,14],"3":[1,1],"4":[2,12]},"_coverageSchema":"332fd63041d2c1bcb487cc26dd0d5f7d97098a6c","hash":"4304abf42d472ddabfdb7496520cef2c358d79ea"}
,"/home/ervan/Documents/Hacktiv8/Phase_3/smartHome/frontend/components/NewUserForm.js": {"path":"/home/ervan/Documents/Hacktiv8/Phase_3/smartHome/frontend/components/NewUserForm.js","statementMap":{"0":{"start":{"line":12,"column":4},"end":{"line":34,"column":5}},"1":{"start":{"line":39,"column":2},"end":{"line":43,"column":3}},"2":{"start":{"line":46,"column":27},"end":{"line":48,"column":12}},"3":{"start":{"line":46,"column":41},"end":{"line":48,"column":12}}},"fnMap":{"0":{"name":"(anonymous_0)","decl":{"start":{"line":11,"column":2},"end":{"line":11,"column":3}},"loc":{"start":{"line":11,"column":12},"end":{"line":35,"column":3}},"line":11},"1":{"name":"mapStateToProps","decl":{"start":{"line":38,"column":9},"end":{"line":38,"column":24}},"loc":{"start":{"line":38,"column":33},"end":{"line":44,"column":1}},"line":38},"2":{"name":"(anonymous_2)","decl":{"start":{"line":46,"column":27},"end":{"line":46,"column":28}},"loc":{"start":{"line":46,"column":41},"end":{"line":48,"column":12}},"line":46}},"branchMap":{},"s":{"0":1,"1":5,"2":2,"3":5},"f":{"0":1,"1":5,"2":5},"b":{},"_coverageSchema":"332fd63041d2c1bcb487cc26dd0d5f7d97098a6c","hash":"9a0350022f845207082a7ff35abb41b0213fd195"}
,"/home/ervan/Documents/Hacktiv8/Phase_3/smartHome/frontend/components/NotificationCard.footer.js": {"path":"/home/ervan/Documents/Hacktiv8/Phase_3/smartHome/frontend/components/NotificationCard.footer.js","statementMap":{"0":{"start":{"line":6,"column":4},"end":{"line":15,"column":5}},"1":{"start":{"line":19,"column":15},"end":{"line":41,"column":2}}},"fnMap":{"0":{"name":"(anonymous_0)","decl":{"start":{"line":5,"column":2},"end":{"line":5,"column":3}},"loc":{"start":{"line":5,"column":11},"end":{"line":16,"column":3}},"line":5}},"branchMap":{},"s":{"0":6,"1":2},"f":{"0":6},"b":{},"_coverageSchema":"332fd63041d2c1bcb487cc26dd0d5f7d97098a6c","hash":"dcc5e25ae30a8f3723916b111e9daeb4a200d2da"}
,"/home/ervan/Documents/Hacktiv8/Phase_3/smartHome/frontend/components/NotificationCard.js": {"path":"/home/ervan/Documents/Hacktiv8/Phase_3/smartHome/frontend/components/NotificationCard.js","statementMap":{"0":{"start":{"line":11,"column":19},"end":{"line":11,"column":29}},"1":{"start":{"line":12,"column":50},"end":{"line":12,"column":65}},"2":{"start":{"line":13,"column":4},"end":{"line":29,"column":5}},"3":{"start":{"line":26,"column":26},"end":{"line":26,"column":49}},"4":{"start":{"line":33,"column":15},"end":{"line":66,"column":2}}},"fnMap":{"0":{"name":"(anonymous_0)","decl":{"start":{"line":10,"column":2},"end":{"line":10,"column":3}},"loc":{"start":{"line":10,"column":11},"end":{"line":30,"column":3}},"line":10},"1":{"name":"(anonymous_1)","decl":{"start":{"line":26,"column":20},"end":{"line":26,"column":21}},"loc":{"start":{"line":26,"column":26},"end":{"line":26,"column":49}},"line":26}},"branchMap":{"0":{"loc":{"start":{"line":19,"column":10},"end":{"line":22,"column":29}},"type":"binary-expr","locations":[{"start":{"line":19,"column":10},"end":{"line":19,"column":49}},{"start":{"line":20,"column":10},"end":{"line":22,"column":29}}],"line":19}},"s":{"0":5,"1":5,"2":5,"3":1,"4":1},"f":{"0":5,"1":1},"b":{"0":[5,0]},"_coverageSchema":"332fd63041d2c1bcb487cc26dd0d5f7d97098a6c","hash":"0c381758c8f42a9fd3b0042ff6b0f8dfb311b6e4"}
,"/home/ervan/Documents/Hacktiv8/Phase_3/smartHome/frontend/components/PinText.js": {"path":"/home/ervan/Documents/Hacktiv8/Phase_3/smartHome/frontend/components/PinText.js","statementMap":{"0":{"start":{"line":6,"column":4},"end":{"line":10,"column":5}},"1":{"start":{"line":14,"column":15},"end":{"line":25,"column":2}}},"fnMap":{"0":{"name":"(anonymous_0)","decl":{"start":{"line":5,"column":2},"end":{"line":5,"column":3}},"loc":{"start":{"line":5,"column":11},"end":{"line":11,"column":3}},"line":5}},"branchMap":{},"s":{"0":5,"1":2},"f":{"0":5},"b":{},"_coverageSchema":"332fd63041d2c1bcb487cc26dd0d5f7d97098a6c","hash":"66ef19eddc6bafd540b79fd20522c7151096d273"}
,"/home/ervan/Documents/Hacktiv8/Phase_3/smartHome/frontend/components/SwitchType.js": {"path":"/home/ervan/Documents/Hacktiv8/Phase_3/smartHome/frontend/components/SwitchType.js","statementMap":{"0":{"start":{"line":8,"column":4},"end":{"line":36,"column":5}},"1":{"start":{"line":32,"column":42},"end":{"line":32,"column":107}},"2":{"start":{"line":40,"column":15},"end":{"line":82,"column":2}},"3":{"start":{"line":85,"column":2},"end":{"line":88,"column":3}},"4":{"start":{"line":92,"column":2},"end":{"line":94,"column":3}},"5":{"start":{"line":93,"column":37},"end":{"line":93,"column":74}}},"fnMap":{"0":{"name":"(anonymous_0)","decl":{"start":{"line":7,"column":2},"end":{"line":7,"column":3}},"loc":{"start":{"line":7,"column":11},"end":{"line":37,"column":3}},"line":7},"1":{"name":"(anonymous_1)","decl":{"start":{"line":32,"column":35},"end":{"line":32,"column":36}},"loc":{"start":{"line":32,"column":42},"end":{"line":32,"column":107}},"line":32},"2":{"name":"mapStateToProps","decl":{"start":{"line":84,"column":9},"end":{"line":84,"column":24}},"loc":{"start":{"line":84,"column":33},"end":{"line":89,"column":1}},"line":84},"3":{"name":"mapDispatchToProps","decl":{"start":{"line":91,"column":9},"end":{"line":91,"column":27}},"loc":{"start":{"line":91,"column":39},"end":{"line":95,"column":1}},"line":91},"4":{"name":"(anonymous_4)","decl":{"start":{"line":93,"column":24},"end":{"line":93,"column":25}},"loc":{"start":{"line":93,"column":37},"end":{"line":93,"column":74}},"line":93}},"branchMap":{"0":{"loc":{"start":{"line":15,"column":12},"end":{"line":25,"column":53}},"type":"cond-expr","locations":[{"start":{"line":16,"column":12},"end":{"line":16,"column":26}}],"line":15},"1":{"loc":{"start":{"line":29,"column":10},"end":{"line":32,"column":189}},"type":"cond-expr","locations":[{"start":{"line":32,"column":12},"end":{"line":32,"column":187}}],"line":29},"2":{"loc":{"start":{"line":32,"column":117},"end":{"line":32,"column":151}},"type":"cond-expr","locations":[{"start":{"line":32,"column":139},"end":{"line":32,"column":143}},{"start":{"line":32,"column":146},"end":{"line":32,"column":151}}],"line":32}},"s":{"0":1,"1":0,"2":2,"3":5,"4":5,"5":0},"f":{"0":1,"1":0,"2":5,"3":5,"4":0},"b":{"0":[0],"1":[1],"2":[0,1]},"_coverageSchema":"332fd63041d2c1bcb487cc26dd0d5f7d97098a6c","hash":"62cd4390f50b283596a6a15dfe0c479ce204a549"}
,"/home/ervan/Documents/Hacktiv8/Phase_3/smartHome/frontend/components/TopCardTitle.js": {"path":"/home/ervan/Documents/Hacktiv8/Phase_3/smartHome/frontend/components/TopCardTitle.js","statementMap":{"0":{"start":{"line":6,"column":4},"end":{"line":15,"column":5}},"1":{"start":{"line":19,"column":15},"end":{"line":42,"column":2}}},"fnMap":{"0":{"name":"(anonymous_0)","decl":{"start":{"line":5,"column":2},"end":{"line":5,"column":3}},"loc":{"start":{"line":5,"column":11},"end":{"line":16,"column":3}},"line":5}},"branchMap":{},"s":{"0":6,"1":2},"f":{"0":6},"b":{},"_coverageSchema":"332fd63041d2c1bcb487cc26dd0d5f7d97098a6c","hash":"76e28236edbd4c38c64b08a942532a996e837861"}
,"/home/ervan/Documents/Hacktiv8/Phase_3/smartHome/frontend/components/TouchAbleImage.js": {"path":"/home/ervan/Documents/Hacktiv8/Phase_3/smartHome/frontend/components/TouchAbleImage.js","statementMap":{"0":{"start":{"line":6,"column":4},"end":{"line":14,"column":5}},"1":{"start":{"line":18,"column":15},"end":{"line":25,"column":2}}},"fnMap":{"0":{"name":"(anonymous_0)","decl":{"start":{"line":5,"column":2},"end":{"line":5,"column":3}},"loc":{"start":{"line":5,"column":11},"end":{"line":15,"column":3}},"line":5}},"branchMap":{},"s":{"0":6,"1":1},"f":{"0":6},"b":{},"_coverageSchema":"332fd63041d2c1bcb487cc26dd0d5f7d97098a6c","hash":"5d81a47cd3213026778682663f477a0a18d1b897"}
,"/home/ervan/Documents/Hacktiv8/Phase_3/smartHome/frontend/components/TouchAbleText.js": {"path":"/home/ervan/Documents/Hacktiv8/Phase_3/smartHome/frontend/components/TouchAbleText.js","statementMap":{"0":{"start":{"line":6,"column":4},"end":{"line":11,"column":5}},"1":{"start":{"line":15,"column":15},"end":{"line":24,"column":2}}},"fnMap":{"0":{"name":"(anonymous_0)","decl":{"start":{"line":5,"column":2},"end":{"line":5,"column":3}},"loc":{"start":{"line":5,"column":11},"end":{"line":12,"column":3}},"line":5}},"branchMap":{},"s":{"0":4,"1":3},"f":{"0":4},"b":{},"_coverageSchema":"332fd63041d2c1bcb487cc26dd0d5f7d97098a6c","hash":"6512f5f050c7f756d560870aad04f45b7aeae9cb"}
,"/home/ervan/Documents/Hacktiv8/Phase_3/smartHome/frontend/components/assets/access.png": {"path":"/home/ervan/Documents/Hacktiv8/Phase_3/smartHome/frontend/components/assets/access.png","statementMap":{"0":{"start":{"line":1,"column":0},"end":{"line":3,"column":6}}},"fnMap":{},"branchMap":{},"s":{"0":1},"f":{},"b":{},"_coverageSchema":"332fd63041d2c1bcb487cc26dd0d5f7d97098a6c","hash":"080f3a898051f055764798a746f01a7fe8586cd5"}
,"/home/ervan/Documents/Hacktiv8/Phase_3/smartHome/frontend/components/assets/alarma.png": {"path":"/home/ervan/Documents/Hacktiv8/Phase_3/smartHome/frontend/components/assets/alarma.png","statementMap":{"0":{"start":{"line":1,"column":0},"end":{"line":3,"column":6}}},"fnMap":{},"branchMap":{},"s":{"0":1},"f":{},"b":{},"_coverageSchema":"332fd63041d2c1bcb487cc26dd0d5f7d97098a6c","hash":"061a07958e3306f54771329abfa929e69bfbff05"}
,"/home/ervan/Documents/Hacktiv8/Phase_3/smartHome/frontend/components/assets/desbloqueado.png": {"path":"/home/ervan/Documents/Hacktiv8/Phase_3/smartHome/frontend/components/assets/desbloqueado.png","statementMap":{"0":{"start":{"line":1,"column":0},"end":{"line":3,"column":6}}},"fnMap":{},"branchMap":{},"s":{"0":1},"f":{},"b":{},"_coverageSchema":"332fd63041d2c1bcb487cc26dd0d5f7d97098a6c","hash":"6de48673fc807d5d1259a88e30df7f4e6871b13a"}
,"/home/ervan/Documents/Hacktiv8/Phase_3/smartHome/frontend/components/assets/dooropen.png": {"path":"/home/ervan/Documents/Hacktiv8/Phase_3/smartHome/frontend/components/assets/dooropen.png","statementMap":{"0":{"start":{"line":1,"column":0},"end":{"line":3,"column":6}}},"fnMap":{},"branchMap":{},"s":{"0":1},"f":{},"b":{},"_coverageSchema":"332fd63041d2c1bcb487cc26dd0d5f7d97098a6c","hash":"f294a622db5255b0b1a861d67f45fd104408a4aa"}
,"/home/ervan/Documents/Hacktiv8/Phase_3/smartHome/frontend/components/assets/fortress_logo.png": {"path":"/home/ervan/Documents/Hacktiv8/Phase_3/smartHome/frontend/components/assets/fortress_logo.png","statementMap":{"0":{"start":{"line":1,"column":0},"end":{"line":3,"column":6}}},"fnMap":{},"branchMap":{},"s":{"0":1},"f":{},"b":{},"_coverageSchema":"332fd63041d2c1bcb487cc26dd0d5f7d97098a6c","hash":"df28c904a5b2039f7926b61825ab3a0bb27d2e75"}
,"/home/ervan/Documents/Hacktiv8/Phase_3/smartHome/frontend/components/assets/greyarrow.png": {"path":"/home/ervan/Documents/Hacktiv8/Phase_3/smartHome/frontend/components/assets/greyarrow.png","statementMap":{"0":{"start":{"line":1,"column":0},"end":{"line":3,"column":6}}},"fnMap":{},"branchMap":{},"s":{"0":1},"f":{},"b":{},"_coverageSchema":"332fd63041d2c1bcb487cc26dd0d5f7d97098a6c","hash":"b630fccb1051ae2598b3b13142c7d2a37671ab92"}
,"/home/ervan/Documents/Hacktiv8/Phase_3/smartHome/frontend/components/assets/hombre.png": {"path":"/home/ervan/Documents/Hacktiv8/Phase_3/smartHome/frontend/components/assets/hombre.png","statementMap":{"0":{"start":{"line":1,"column":0},"end":{"line":3,"column":6}}},"fnMap":{},"branchMap":{},"s":{"0":1},"f":{},"b":{},"_coverageSchema":"332fd63041d2c1bcb487cc26dd0d5f7d97098a6c","hash":"d6f05f3155f2faef91bc8d9bd645a5ff7040f638"}
,"/home/ervan/Documents/Hacktiv8/Phase_3/smartHome/frontend/components/assets/info-2-16.png": {"path":"/home/ervan/Documents/Hacktiv8/Phase_3/smartHome/frontend/components/assets/info-2-16.png","statementMap":{"0":{"start":{"line":1,"column":0},"end":{"line":3,"column":6}}},"fnMap":{},"branchMap":{},"s":{"0":1},"f":{},"b":{},"_coverageSchema":"332fd63041d2c1bcb487cc26dd0d5f7d97098a6c","hash":"7a02b98aaa6c423d7141c4483f31147074fc7a3d"}
,"/home/ervan/Documents/Hacktiv8/Phase_3/smartHome/frontend/components/assets/menu.png": {"path":"/home/ervan/Documents/Hacktiv8/Phase_3/smartHome/frontend/components/assets/menu.png","statementMap":{"0":{"start":{"line":1,"column":0},"end":{"line":3,"column":6}}},"fnMap":{},"branchMap":{},"s":{"0":1},"f":{},"b":{},"_coverageSchema":"332fd63041d2c1bcb487cc26dd0d5f7d97098a6c","hash":"dc7151532a452be70f9b4f513698208bd7896f88"}
,"/home/ervan/Documents/Hacktiv8/Phase_3/smartHome/frontend/components/assets/porto.png": {"path":"/home/ervan/Documents/Hacktiv8/Phase_3/smartHome/frontend/components/assets/porto.png","statementMap":{"0":{"start":{"line":1,"column":0},"end":{"line":3,"column":6}}},"fnMap":{},"branchMap":{},"s":{"0":1},"f":{},"b":{},"_coverageSchema":"332fd63041d2c1bcb487cc26dd0d5f7d97098a6c","hash":"14f3f786f57eefb5a7f389175046c0fe525777a5"}
,"/home/ervan/Documents/Hacktiv8/Phase_3/smartHome/frontend/components/assets/puerta.png": {"path":"/home/ervan/Documents/Hacktiv8/Phase_3/smartHome/frontend/components/assets/puerta.png","statementMap":{"0":{"start":{"line":1,"column":0},"end":{"line":3,"column":6}}},"fnMap":{},"branchMap":{},"s":{"0":1},"f":{},"b":{},"_coverageSchema":"332fd63041d2c1bcb487cc26dd0d5f7d97098a6c","hash":"a616ef01f66d708c498eda1df6ef9d9c9c9d20ee"}
,"/home/ervan/Documents/Hacktiv8/Phase_3/smartHome/frontend/components/assets/about/andrewbudikusuma.png": {"path":"/home/ervan/Documents/Hacktiv8/Phase_3/smartHome/frontend/components/assets/about/andrewbudikusuma.png","statementMap":{"0":{"start":{"line":1,"column":0},"end":{"line":3,"column":6}}},"fnMap":{},"branchMap":{},"s":{"0":1},"f":{},"b":{},"_coverageSchema":"332fd63041d2c1bcb487cc26dd0d5f7d97098a6c","hash":"74227862769facc29b231b635b860fd9fd48c67b"}
,"/home/ervan/Documents/Hacktiv8/Phase_3/smartHome/frontend/components/assets/about/ekosantoso.png": {"path":"/home/ervan/Documents/Hacktiv8/Phase_3/smartHome/frontend/components/assets/about/ekosantoso.png","statementMap":{"0":{"start":{"line":1,"column":0},"end":{"line":3,"column":6}}},"fnMap":{},"branchMap":{},"s":{"0":1},"f":{},"b":{},"_coverageSchema":"332fd63041d2c1bcb487cc26dd0d5f7d97098a6c","hash":"697a63b7e46930ef0a1be5941104e70891d7867a"}
,"/home/ervan/Documents/Hacktiv8/Phase_3/smartHome/frontend/components/assets/about/ervanadetya.jpg": {"path":"/home/ervan/Documents/Hacktiv8/Phase_3/smartHome/frontend/components/assets/about/ervanadetya.jpg","statementMap":{"0":{"start":{"line":1,"column":0},"end":{"line":3,"column":6}}},"fnMap":{},"branchMap":{},"s":{"0":1},"f":{},"b":{},"_coverageSchema":"332fd63041d2c1bcb487cc26dd0d5f7d97098a6c","hash":"285086d7a8a554c6cc4e3b776bb5b72c144af9fc"}
,"/home/ervan/Documents/Hacktiv8/Phase_3/smartHome/frontend/components/assets/about/herbyherado.jpg": {"path":"/home/ervan/Documents/Hacktiv8/Phase_3/smartHome/frontend/components/assets/about/herbyherado.jpg","statementMap":{"0":{"start":{"line":1,"column":0},"end":{"line":3,"column":6}}},"fnMap":{},"branchMap":{},"s":{"0":1},"f":{},"b":{},"_coverageSchema":"332fd63041d2c1bcb487cc26dd0d5f7d97098a6c","hash":"e104f9711f51589f9a7d133f370f5f270605266a"}
,"/home/ervan/Documents/Hacktiv8/Phase_3/smartHome/frontend/components/status/DoorStatus.js": {"path":"/home/ervan/Documents/Hacktiv8/Phase_3/smartHome/frontend/components/status/DoorStatus.js","statementMap":{"0":{"start":{"line":6,"column":4},"end":{"line":15,"column":5}},"1":{"start":{"line":19,"column":15},"end":{"line":38,"column":2}}},"fnMap":{"0":{"name":"(anonymous_0)","decl":{"start":{"line":5,"column":2},"end":{"line":5,"column":3}},"loc":{"start":{"line":5,"column":11},"end":{"line":16,"column":3}},"line":5}},"branchMap":{"0":{"loc":{"start":{"line":10,"column":8},"end":{"line":12,"column":63}},"type":"cond-expr","locations":[{"start":{"line":11,"column":8},"end":{"line":11,"column":59}},{"start":{"line":12,"column":8},"end":{"line":12,"column":63}}],"line":10}},"s":{"0":1,"1":2},"f":{"0":1},"b":{"0":[0,1]},"_coverageSchema":"332fd63041d2c1bcb487cc26dd0d5f7d97098a6c","hash":"6d6a671b529639d5f55ee42ef0fed3217d6063b5"}
,"/home/ervan/Documents/Hacktiv8/Phase_3/smartHome/frontend/firebase/firebase.js": {"path":"/home/ervan/Documents/Hacktiv8/Phase_3/smartHome/frontend/firebase/firebase.js","statementMap":{"0":{"start":{"line":2,"column":15},"end":{"line":9,"column":1}},"1":{"start":{"line":10,"column":0},"end":{"line":10,"column":30}},"2":{"start":{"line":11,"column":24},"end":{"line":11,"column":41}}},"fnMap":{},"branchMap":{},"s":{"0":19,"1":19,"2":19},"f":{},"b":{},"_coverageSchema":"332fd63041d2c1bcb487cc26dd0d5f7d97098a6c","hash":"0136f0fd353d3d3deedefa243038623c8cd32754"}
,"/home/ervan/Documents/Hacktiv8/Phase_3/smartHome/frontend/helpers/date.helper.js": {"path":"/home/ervan/Documents/Hacktiv8/Phase_3/smartHome/frontend/helpers/date.helper.js","statementMap":{"0":{"start":{"line":1,"column":19},"end":{"line":3,"column":1}},"1":{"start":{"line":5,"column":35},"end":{"line":21,"column":1}},"2":{"start":{"line":6,"column":2},"end":{"line":6,"column":24}},"3":{"start":{"line":7,"column":14},"end":{"line":7,"column":29}},"4":{"start":{"line":8,"column":16},"end":{"line":8,"column":33}},"5":{"start":{"line":17,"column":18},"end":{"line":17,"column":32}},"6":{"start":{"line":18,"column":19},"end":{"line":18,"column":46}},"7":{"start":{"line":19,"column":18},"end":{"line":19,"column":36}},"8":{"start":{"line":20,"column":2},"end":{"line":20,"column":79}}},"fnMap":{"0":{"name":"(anonymous_0)","decl":{"start":{"line":5,"column":35},"end":{"line":5,"column":36}},"loc":{"start":{"line":5,"column":45},"end":{"line":21,"column":1}},"line":5}},"branchMap":{},"s":{"0":2,"1":2,"2":6,"3":6,"4":6,"5":6,"6":6,"7":6,"8":6},"f":{"0":6},"b":{},"_coverageSchema":"332fd63041d2c1bcb487cc26dd0d5f7d97098a6c","hash":"0c6651758cf2da42c099028b74819ebee42350e8"}
,"/home/ervan/Documents/Hacktiv8/Phase_3/smartHome/frontend/helpers/formInput.helper.js": {"path":"/home/ervan/Documents/Hacktiv8/Phase_3/smartHome/frontend/helpers/formInput.helper.js","statementMap":{"0":{"start":{"line":3,"column":29},"end":{"line":30,"column":1}},"1":{"start":{"line":32,"column":42},"end":{"line":47,"column":1}},"2":{"start":{"line":49,"column":25},"end":{"line":54,"column":1}}},"fnMap":{"0":{"name":"(anonymous_0)","decl":{"start":{"line":3,"column":29},"end":{"line":3,"column":30}},"loc":{"start":{"line":3,"column":39},"end":{"line":30,"column":1}},"line":3},"1":{"name":"(anonymous_1)","decl":{"start":{"line":32,"column":42},"end":{"line":32,"column":43}},"loc":{"start":{"line":32,"column":55},"end":{"line":47,"column":1}},"line":32},"2":{"name":"(anonymous_2)","decl":{"start":{"line":49,"column":25},"end":{"line":49,"column":26}},"loc":{"start":{"line":49,"column":36},"end":{"line":54,"column":1}},"line":49}},"branchMap":{},"s":{"0":1,"1":1,"2":1},"f":{"0":0,"1":0,"2":0},"b":{},"_coverageSchema":"332fd63041d2c1bcb487cc26dd0d5f7d97098a6c","hash":"401040298b06fff0afd75159404135ee72700c29"}
,"/home/ervan/Documents/Hacktiv8/Phase_3/smartHome/frontend/helpers/hash.helper.js": {"path":"/home/ervan/Documents/Hacktiv8/Phase_3/smartHome/frontend/helpers/hash.helper.js","statementMap":{"0":{"start":{"line":1,"column":124},"end":{"line":1,"column":126}},"1":{"start":{"line":1,"column":151},"end":{"line":1,"column":152}},"2":{"start":{"line":1,"column":153},"end":{"line":1,"column":178}},"3":{"start":{"line":1,"column":178},"end":{"line":1,"column":442}},"4":{"start":{"line":1,"column":196},"end":{"line":1,"column":216}},"5":{"start":{"line":1,"column":216},"end":{"line":1,"column":236}},"6":{"start":{"line":1,"column":236},"end":{"line":1,"column":256}},"7":{"start":{"line":1,"column":256},"end":{"line":1,"column":263}},"8":{"start":{"line":1,"column":263},"end":{"line":1,"column":279}},"9":{"start":{"line":1,"column":279},"end":{"line":1,"column":296}},"10":{"start":{"line":1,"column":296},"end":{"line":1,"column":303}},"11":{"start":{"line":1,"column":303},"end":{"line":1,"column":346}},"12":{"start":{"line":1,"column":316},"end":{"line":1,"column":322}},"13":{"start":{"line":1,"column":328},"end":{"line":1,"column":346}},"14":{"start":{"line":1,"column":341},"end":{"line":1,"column":345}},"15":{"start":{"line":1,"column":346},"end":{"line":1,"column":441}},"16":{"start":{"line":1,"column":442},"end":{"line":1,"column":450}},"17":{"start":{"line":1,"column":477},"end":{"line":1,"column":479}},"18":{"start":{"line":1,"column":508},"end":{"line":1,"column":509}},"19":{"start":{"line":1,"column":510},"end":{"line":1,"column":545}},"20":{"start":{"line":1,"column":545},"end":{"line":1,"column":859}},"21":{"start":{"line":1,"column":563},"end":{"line":1,"column":601}},"22":{"start":{"line":1,"column":601},"end":{"line":1,"column":639}},"23":{"start":{"line":1,"column":639},"end":{"line":1,"column":677}},"24":{"start":{"line":1,"column":677},"end":{"line":1,"column":715}},"25":{"start":{"line":1,"column":715},"end":{"line":1,"column":727}},"26":{"start":{"line":1,"column":727},"end":{"line":1,"column":744}},"27":{"start":{"line":1,"column":744},"end":{"line":1,"column":757}},"28":{"start":{"line":1,"column":757},"end":{"line":1,"column":784}},"29":{"start":{"line":1,"column":784},"end":{"line":1,"column":821}},"30":{"start":{"line":1,"column":794},"end":{"line":1,"column":820}},"31":{"start":{"line":1,"column":821},"end":{"line":1,"column":858}},"32":{"start":{"line":1,"column":831},"end":{"line":1,"column":857}},"33":{"start":{"line":1,"column":859},"end":{"line":1,"column":884}},"34":{"start":{"line":1,"column":884},"end":{"line":1,"column":892}},"35":{"start":{"line":1,"column":919},"end":{"line":1,"column":942}},"36":{"start":{"line":1,"column":948},"end":{"line":1,"column":950}},"37":{"start":{"line":1,"column":951},"end":{"line":1,"column":1235}},"38":{"start":{"line":1,"column":985},"end":{"line":1,"column":1000}},"39":{"start":{"line":1,"column":1001},"end":{"line":1,"column":1234}},"40":{"start":{"line":1,"column":1011},"end":{"line":1,"column":1036}},"41":{"start":{"line":1,"column":1042},"end":{"line":1,"column":1234}},"42":{"start":{"line":1,"column":1060},"end":{"line":1,"column":1093}},"43":{"start":{"line":1,"column":1093},"end":{"line":1,"column":1125}},"44":{"start":{"line":1,"column":1131},"end":{"line":1,"column":1165}},"45":{"start":{"line":1,"column":1165},"end":{"line":1,"column":1201}},"46":{"start":{"line":1,"column":1201},"end":{"line":1,"column":1233}},"47":{"start":{"line":1,"column":1235},"end":{"line":1,"column":1243}},"48":{"start":{"line":1,"column":1276},"end":{"line":1,"column":1278}},"49":{"start":{"line":1,"column":1285},"end":{"line":1,"column":1286}},"50":{"start":{"line":1,"column":1293},"end":{"line":1,"column":1300}},"51":{"start":{"line":1,"column":1301},"end":{"line":1,"column":1570}},"52":{"start":{"line":1,"column":1319},"end":{"line":1,"column":1337}},"53":{"start":{"line":1,"column":1337},"end":{"line":1,"column":1569}},"54":{"start":{"line":1,"column":1347},"end":{"line":1,"column":1373}},"55":{"start":{"line":1,"column":1373},"end":{"line":1,"column":1376}},"56":{"start":{"line":1,"column":1382},"end":{"line":1,"column":1569}},"57":{"start":{"line":1,"column":1399},"end":{"line":1,"column":1420}},"58":{"start":{"line":1,"column":1420},"end":{"line":1,"column":1460}},"59":{"start":{"line":1,"column":1460},"end":{"line":1,"column":1464}},"60":{"start":{"line":1,"column":1470},"end":{"line":1,"column":1491}},"61":{"start":{"line":1,"column":1491},"end":{"line":1,"column":1512}},"62":{"start":{"line":1,"column":1512},"end":{"line":1,"column":1564}},"63":{"start":{"line":1,"column":1564},"end":{"line":1,"column":1568}},"64":{"start":{"line":1,"column":1570},"end":{"line":1,"column":1578}}},"fnMap":{"0":{"name":"(anonymous_0)","decl":{"start":{"line":1,"column":106},"end":{"line":1,"column":107}},"loc":{"start":{"line":1,"column":117},"end":{"line":1,"column":451}},"line":1},"1":{"name":"(anonymous_1)","decl":{"start":{"line":1,"column":459},"end":{"line":1,"column":460}},"loc":{"start":{"line":1,"column":470},"end":{"line":1,"column":893}},"line":1},"2":{"name":"(anonymous_2)","decl":{"start":{"line":1,"column":907},"end":{"line":1,"column":908}},"loc":{"start":{"line":1,"column":918},"end":{"line":1,"column":1244}},"line":1},"3":{"name":"(anonymous_3)","decl":{"start":{"line":1,"column":1258},"end":{"line":1,"column":1259}},"loc":{"start":{"line":1,"column":1269},"end":{"line":1,"column":1579}},"line":1}},"branchMap":{"0":{"loc":{"start":{"line":1,"column":303},"end":{"line":1,"column":346}},"type":"if","locations":[{"start":{"line":1,"column":303},"end":{"line":1,"column":346}},{"start":{"line":1,"column":303},"end":{"line":1,"column":346}}],"line":1},"1":{"loc":{"start":{"line":1,"column":328},"end":{"line":1,"column":346}},"type":"if","locations":[{"start":{"line":1,"column":328},"end":{"line":1,"column":346}},{"start":{"line":1,"column":328},"end":{"line":1,"column":346}}],"line":1},"2":{"loc":{"start":{"line":1,"column":784},"end":{"line":1,"column":821}},"type":"if","locations":[{"start":{"line":1,"column":784},"end":{"line":1,"column":821}},{"start":{"line":1,"column":784},"end":{"line":1,"column":821}}],"line":1},"3":{"loc":{"start":{"line":1,"column":821},"end":{"line":1,"column":858}},"type":"if","locations":[{"start":{"line":1,"column":821},"end":{"line":1,"column":858}},{"start":{"line":1,"column":821},"end":{"line":1,"column":858}}],"line":1},"4":{"loc":{"start":{"line":1,"column":1001},"end":{"line":1,"column":1234}},"type":"if","locations":[{"start":{"line":1,"column":1001},"end":{"line":1,"column":1234}},{"start":{"line":1,"column":1001},"end":{"line":1,"column":1234}}],"line":1},"5":{"loc":{"start":{"line":1,"column":1042},"end":{"line":1,"column":1234}},"type":"if","locations":[{"start":{"line":1,"column":1042},"end":{"line":1,"column":1234}},{"start":{"line":1,"column":1042},"end":{"line":1,"column":1234}}],"line":1},"6":{"loc":{"start":{"line":1,"column":1045},"end":{"line":1,"column":1058}},"type":"binary-expr","locations":[{"start":{"line":1,"column":1045},"end":{"line":1,"column":1050}},{"start":{"line":1,"column":1052},"end":{"line":1,"column":1058}}],"line":1},"7":{"loc":{"start":{"line":1,"column":1337},"end":{"line":1,"column":1569}},"type":"if","locations":[{"start":{"line":1,"column":1337},"end":{"line":1,"column":1569}},{"start":{"line":1,"column":1337},"end":{"line":1,"column":1569}}],"line":1},"8":{"loc":{"start":{"line":1,"column":1382},"end":{"line":1,"column":1569}},"type":"if","locations":[{"start":{"line":1,"column":1382},"end":{"line":1,"column":1569}},{"start":{"line":1,"column":1382},"end":{"line":1,"column":1569}}],"line":1},"9":{"loc":{"start":{"line":1,"column":1385},"end":{"line":1,"column":1397}},"type":"binary-expr","locations":[{"start":{"line":1,"column":1385},"end":{"line":1,"column":1390}},{"start":{"line":1,"column":1392},"end":{"line":1,"column":1397}}],"line":1}},"s":{"0":1,"1":1,"2":1,"3":1,"4":2,"5":2,"6":2,"7":2,"8":2,"9":2,"10":2,"11":2,"12":0,"13":2,"14":0,"15":2,"16":1,"17":5,"18":5,"19":5,"20":5,"21":10,"22":10,"23":10,"24":10,"25":10,"26":10,"27":10,"28":10,"29":10,"30":10,"31":10,"32":10,"33":5,"34":5,"35":1,"36":1,"37":1,"38":6,"39":6,"40":6,"41":0,"42":0,"43":0,"44":0,"45":0,"46":0,"47":1,"48":5,"49":5,"50":5,"51":5,"52":30,"53":30,"54":30,"55":30,"56":0,"57":0,"58":0,"59":0,"60":0,"61":0,"62":0,"63":0,"64":5},"f":{"0":1,"1":5,"2":1,"3":5},"b":{"0":[0,2],"1":[0,2],"2":[10,0],"3":[10,0],"4":[6,0],"5":[0,0],"6":[0,0],"7":[30,0],"8":[0,0],"9":[0,0]},"_coverageSchema":"332fd63041d2c1bcb487cc26dd0d5f7d97098a6c","hash":"e28d9fa0800358ec55a2dab3fdfdcb443f962094"}
,"/home/ervan/Documents/Hacktiv8/Phase_3/smartHome/frontend/helpers/notification.helper.js": {"path":"/home/ervan/Documents/Hacktiv8/Phase_3/smartHome/frontend/helpers/notification.helper.js","statementMap":{"0":{"start":{"line":1,"column":23},"end":{"line":1,"column":64}}},"fnMap":{},"branchMap":{},"s":{"0":1},"f":{},"b":{},"_coverageSchema":"332fd63041d2c1bcb487cc26dd0d5f7d97098a6c","hash":"a14ab71022126312ad01ef4de589cf92b59aa5a9"}
,"/home/ervan/Documents/Hacktiv8/Phase_3/smartHome/frontend/screens/About.js": {"path":"/home/ervan/Documents/Hacktiv8/Phase_3/smartHome/frontend/screens/About.js","statementMap":{"0":{"start":{"line":6,"column":4},"end":{"line":6,"column":11}},"1":{"start":{"line":7,"column":4},"end":{"line":7,"column":42}},"2":{"start":{"line":11,"column":4},"end":{"line":11,"column":15}},"3":{"start":{"line":14,"column":4},"end":{"line":14,"column":30}},"4":{"start":{"line":15,"column":4},"end":{"line":22,"column":30}},"5":{"start":{"line":22,"column":18},"end":{"line":22,"column":29}},"6":{"start":{"line":27,"column":17},"end":{"line":30,"column":6}},"7":{"start":{"line":31,"column":4},"end":{"line":153,"column":5}},"8":{"start":{"line":157,"column":15},"end":{"line":224,"column":2}}},"fnMap":{"0":{"name":"(anonymous_0)","decl":{"start":{"line":5,"column":2},"end":{"line":5,"column":3}},"loc":{"start":{"line":5,"column":17},"end":{"line":8,"column":3}},"line":5},"1":{"name":"(anonymous_1)","decl":{"start":{"line":10,"column":2},"end":{"line":10,"column":3}},"loc":{"start":{"line":10,"column":23},"end":{"line":12,"column":3}},"line":10},"2":{"name":"(anonymous_2)","decl":{"start":{"line":13,"column":2},"end":{"line":13,"column":3}},"loc":{"start":{"line":13,"column":10},"end":{"line":23,"column":3}},"line":13},"3":{"name":"(anonymous_3)","decl":{"start":{"line":22,"column":12},"end":{"line":22,"column":13}},"loc":{"start":{"line":22,"column":18},"end":{"line":22,"column":29}},"line":22},"4":{"name":"(anonymous_4)","decl":{"start":{"line":26,"column":2},"end":{"line":26,"column":3}},"loc":{"start":{"line":26,"column":11},"end":{"line":154,"column":3}},"line":26}},"branchMap":{},"s":{"0":1,"1":1,"2":1,"3":1,"4":1,"5":0,"6":1,"7":1,"8":1},"f":{"0":1,"1":1,"2":1,"3":0,"4":1},"b":{},"_coverageSchema":"332fd63041d2c1bcb487cc26dd0d5f7d97098a6c","hash":"08dd82d8c5d6c28f14679502aa69bb6ebc894f38"}
,"/home/ervan/Documents/Hacktiv8/Phase_3/smartHome/frontend/screens/AddNewUser.js": {"path":"/home/ervan/Documents/Hacktiv8/Phase_3/smartHome/frontend/screens/AddNewUser.js","statementMap":{"0":{"start":{"line":26,"column":19},"end":{"line":26,"column":46}},"1":{"start":{"line":84,"column":15},"end":{"line":102,"column":2}},"2":{"start":{"line":115,"column":27},"end":{"line":119,"column":12}},"3":{"start":{"line":115,"column":41},"end":{"line":119,"column":12}}},"fnMap":{"0":{"name":"(anonymous_0)","decl":{"start":{"line":15,"column":16},"end":{"line":15,"column":17}},"loc":{"start":{"line":15,"column":22},"end":{"line":37,"column":3}},"line":15},"1":{"name":"(anonymous_1)","decl":{"start":{"line":39,"column":25},"end":{"line":39,"column":26}},"loc":{"start":{"line":39,"column":39},"end":{"line":45,"column":3}},"line":39},"2":{"name":"(anonymous_2)","decl":{"start":{"line":47,"column":2},"end":{"line":47,"column":3}},"loc":{"start":{"line":47,"column":12},"end":{"line":74,"column":3}},"line":47},"3":{"name":"(anonymous_3)","decl":{"start":{"line":76,"column":2},"end":{"line":76,"column":3}},"loc":{"start":{"line":76,"column":23},"end":{"line":79,"column":3}},"line":76},"4":{"name":"mapStateToProps","decl":{"start":{"line":104,"column":9},"end":{"line":104,"column":24}},"loc":{"start":{"line":104,"column":33},"end":{"line":113,"column":1}},"line":104},"5":{"name":"(anonymous_5)","decl":{"start":{"line":115,"column":27},"end":{"line":115,"column":28}},"loc":{"start":{"line":115,"column":41},"end":{"line":119,"column":12}},"line":115}},"branchMap":{},"s":{"0":0,"1":1,"2":1,"3":0},"f":{"0":0,"1":0,"2":0,"3":0,"4":0,"5":0},"b":{},"_coverageSchema":"332fd63041d2c1bcb487cc26dd0d5f7d97098a6c","hash":"c1621f933fcaa827dba415bb8c5714444fa7a443"}
,"/home/ervan/Documents/Hacktiv8/Phase_3/smartHome/frontend/screens/Dashboard.js": {"path":"/home/ervan/Documents/Hacktiv8/Phase_3/smartHome/frontend/screens/Dashboard.js","statementMap":{"0":{"start":{"line":1,"column":0},"end":{"line":1,"column":31}},"1":{"start":{"line":67,"column":15},"end":{"line":80,"column":2}}},"fnMap":{"0":{"name":"(anonymous_0)","decl":{"start":{"line":17,"column":2},"end":{"line":17,"column":3}},"loc":{"start":{"line":17,"column":11},"end":{"line":49,"column":3}},"line":17},"1":{"name":"(anonymous_1)","decl":{"start":{"line":51,"column":25},"end":{"line":51,"column":26}},"loc":{"start":{"line":51,"column":39},"end":{"line":57,"column":3}},"line":51},"2":{"name":"(anonymous_2)","decl":{"start":{"line":59,"column":2},"end":{"line":59,"column":3}},"loc":{"start":{"line":59,"column":23},"end":{"line":64,"column":3}},"line":59}},"branchMap":{},"s":{"0":1,"1":1},"f":{"0":0,"1":0,"2":0},"b":{},"_coverageSchema":"332fd63041d2c1bcb487cc26dd0d5f7d97098a6c","hash":"758fc57e199dbe60ba293198a5125e09a3bfef39"}
,"/home/ervan/Documents/Hacktiv8/Phase_3/smartHome/frontend/screens/Logout.js": {"path":"/home/ervan/Documents/Hacktiv8/Phase_3/smartHome/frontend/screens/Logout.js","statementMap":{"0":{"start":{"line":31,"column":15},"end":{"line":44,"column":2}}},"fnMap":{"0":{"name":"(anonymous_0)","decl":{"start":{"line":10,"column":2},"end":{"line":10,"column":3}},"loc":{"start":{"line":10,"column":12},"end":{"line":20,"column":3}},"line":10}},"branchMap":{},"s":{"0":1},"f":{"0":0},"b":{},"_coverageSchema":"332fd63041d2c1bcb487cc26dd0d5f7d97098a6c","hash":"3d8d1d014f0cc671a98f205e28efe315f1a1d984"}
,"/home/ervan/Documents/Hacktiv8/Phase_3/smartHome/frontend/store/rootReducer.js": {"path":"/home/ervan/Documents/Hacktiv8/Phase_3/smartHome/frontend/store/rootReducer.js","statementMap":{"0":{"start":{"line":14,"column":17},"end":{"line":25,"column":2}}},"fnMap":{},"branchMap":{},"s":{"0":11},"f":{},"b":{},"_coverageSchema":"332fd63041d2c1bcb487cc26dd0d5f7d97098a6c","hash":"af315948b51bcc9d4509e03700bfc0ed45aebfef"}
,"/home/ervan/Documents/Hacktiv8/Phase_3/smartHome/frontend/store/store.js": {"path":"/home/ervan/Documents/Hacktiv8/Phase_3/smartHome/frontend/store/store.js","statementMap":{"0":{"start":{"line":6,"column":14},"end":{"line":10,"column":1}}},"fnMap":{},"branchMap":{},"s":{"0":11},"f":{},"b":{},"_coverageSchema":"332fd63041d2c1bcb487cc26dd0d5f7d97098a6c","hash":"efc9975b37017b4a2b99910eb26d017e6c50bd70"}
,"/home/ervan/Documents/Hacktiv8/Phase_3/smartHome/frontend/store/addNewUser/addNewUser.actionType.js": {"path":"/home/ervan/Documents/Hacktiv8/Phase_3/smartHome/frontend/store/addNewUser/addNewUser.actionType.js","statementMap":{"0":{"start":{"line":1,"column":51},"end":{"line":1,"column":88}},"1":{"start":{"line":2,"column":39},"end":{"line":2,"column":64}},"2":{"start":{"line":3,"column":39},"end":{"line":3,"column":64}},"3":{"start":{"line":4,"column":37},"end":{"line":4,"column":60}},"4":{"start":{"line":5,"column":27},"end":{"line":5,"column":40}}},"fnMap":{},"branchMap":{},"s":{"0":14,"1":14,"2":14,"3":14,"4":14},"f":{},"b":{},"_coverageSchema":"332fd63041d2c1bcb487cc26dd0d5f7d97098a6c","hash":"93848c1a5382191545173f71ce898b50f34a6635"}
,"/home/ervan/Documents/Hacktiv8/Phase_3/smartHome/frontend/store/addNewUser/addNewUser.actions.js": {"path":"/home/ervan/Documents/Hacktiv8/Phase_3/smartHome/frontend/store/addNewUser/addNewUser.actions.js","statementMap":{"0":{"start":{"line":13,"column":46},"end":{"line":18,"column":1}},"1":{"start":{"line":14,"column":2},"end":{"line":17,"column":3}},"2":{"start":{"line":20,"column":29},"end":{"line":31,"column":1}},"3":{"start":{"line":21,"column":2},"end":{"line":30,"column":3}},"4":{"start":{"line":22,"column":4},"end":{"line":22,"column":59}},"5":{"start":{"line":23,"column":4},"end":{"line":23,"column":55}},"6":{"start":{"line":24,"column":4},"end":{"line":24,"column":36}},"7":{"start":{"line":25,"column":4},"end":{"line":29,"column":56}},"8":{"start":{"line":27,"column":6},"end":{"line":27,"column":39}},"9":{"start":{"line":29,"column":22},"end":{"line":29,"column":52}},"10":{"start":{"line":33,"column":27},"end":{"line":38,"column":1}},"11":{"start":{"line":34,"column":2},"end":{"line":37,"column":3}},"12":{"start":{"line":40,"column":29},"end":{"line":42,"column":2}},"13":{"start":{"line":40,"column":36},"end":{"line":42,"column":1}},"14":{"start":{"line":44,"column":36},"end":{"line":46,"column":2}},"15":{"start":{"line":44,"column":43},"end":{"line":46,"column":1}},"16":{"start":{"line":48,"column":27},"end":{"line":50,"column":2}},"17":{"start":{"line":48,"column":34},"end":{"line":50,"column":1}}},"fnMap":{"0":{"name":"(anonymous_0)","decl":{"start":{"line":13,"column":46},"end":{"line":13,"column":47}},"loc":{"start":{"line":13,"column":59},"end":{"line":18,"column":1}},"line":13},"1":{"name":"(anonymous_1)","decl":{"start":{"line":20,"column":29},"end":{"line":20,"column":30}},"loc":{"start":{"line":20,"column":42},"end":{"line":31,"column":1}},"line":20},"2":{"name":"(anonymous_2)","decl":{"start":{"line":21,"column":9},"end":{"line":21,"column":10}},"loc":{"start":{"line":21,"column":21},"end":{"line":30,"column":3}},"line":21},"3":{"name":"(anonymous_3)","decl":{"start":{"line":26,"column":10},"end":{"line":26,"column":11}},"loc":{"start":{"line":26,"column":16},"end":{"line":28,"column":5}},"line":26},"4":{"name":"(anonymous_4)","decl":{"start":{"line":29,"column":11},"end":{"line":29,"column":12}},"loc":{"start":{"line":29,"column":20},"end":{"line":29,"column":54}},"line":29},"5":{"name":"(anonymous_5)","decl":{"start":{"line":33,"column":27},"end":{"line":33,"column":28}},"loc":{"start":{"line":33,"column":40},"end":{"line":38,"column":1}},"line":33},"6":{"name":"(anonymous_6)","decl":{"start":{"line":40,"column":29},"end":{"line":40,"column":30}},"loc":{"start":{"line":40,"column":36},"end":{"line":42,"column":1}},"line":40},"7":{"name":"(anonymous_7)","decl":{"start":{"line":44,"column":36},"end":{"line":44,"column":37}},"loc":{"start":{"line":44,"column":43},"end":{"line":46,"column":1}},"line":44},"8":{"name":"(anonymous_8)","decl":{"start":{"line":48,"column":27},"end":{"line":48,"column":28}},"loc":{"start":{"line":48,"column":34},"end":{"line":50,"column":1}},"line":48}},"branchMap":{},"s":{"0":3,"1":1,"2":3,"3":1,"4":1,"5":1,"6":1,"7":1,"8":0,"9":0,"10":3,"11":1,"12":3,"13":1,"14":3,"15":0,"16":3,"17":0},"f":{"0":1,"1":1,"2":1,"3":0,"4":0,"5":1,"6":1,"7":0,"8":0},"b":{},"_coverageSchema":"332fd63041d2c1bcb487cc26dd0d5f7d97098a6c","hash":"cf8e7c952f29b37a4e0fd5bb26a9e30be4ebc675"}
,"/home/ervan/Documents/Hacktiv8/Phase_3/smartHome/frontend/store/addNewUser/addNewUser.reducers.js": {"path":"/home/ervan/Documents/Hacktiv8/Phase_3/smartHome/frontend/store/addNewUser/addNewUser.reducers.js","statementMap":{"0":{"start":{"line":9,"column":21},"end":{"line":17,"column":1}},"1":{"start":{"line":19,"column":17},"end":{"line":48,"column":1}},"2":{"start":{"line":20,"column":2},"end":{"line":47,"column":3}},"3":{"start":{"line":22,"column":6},"end":{"line":26,"column":7}},"4":{"start":{"line":28,"column":6},"end":{"line":31,"column":7}},"5":{"start":{"line":33,"column":6},"end":{"line":33,"column":25}},"6":{"start":{"line":35,"column":6},"end":{"line":39,"column":7}},"7":{"start":{"line":41,"column":6},"end":{"line":44,"column":7}},"8":{"start":{"line":46,"column":6},"end":{"line":46,"column":18}}},"fnMap":{"0":{"name":"(anonymous_0)","decl":{"start":{"line":19,"column":17},"end":{"line":19,"column":18}},"loc":{"start":{"line":19,"column":56},"end":{"line":48,"column":1}},"line":19}},"branchMap":{"0":{"loc":{"start":{"line":19,"column":18},"end":{"line":19,"column":43}},"type":"default-arg","locations":[{"start":{"line":19,"column":24},"end":{"line":19,"column":43}}],"line":19},"1":{"loc":{"start":{"line":20,"column":2},"end":{"line":47,"column":3}},"type":"switch","locations":[{"start":{"line":21,"column":4},"end":{"line":26,"column":8}},{"start":{"line":27,"column":4},"end":{"line":31,"column":7}},{"start":{"line":32,"column":4},"end":{"line":33,"column":25}},{"start":{"line":34,"column":4},"end":{"line":39,"column":7}},{"start":{"line":40,"column":4},"end":{"line":44,"column":7}},{"start":{"line":45,"column":4},"end":{"line":46,"column":18}}],"line":20}},"s":{"0":13,"1":13,"2":41,"3":4,"4":1,"5":1,"6":1,"7":1,"8":33},"f":{"0":41},"b":{"0":[33],"1":[4,1,1,1,1,33]},"_coverageSchema":"332fd63041d2c1bcb487cc26dd0d5f7d97098a6c","hash":"2c03c7081f0b485a05f142c257229acef0550650"}
,"/home/ervan/Documents/Hacktiv8/Phase_3/smartHome/frontend/store/alarms/alarms.actionType.js": {"path":"/home/ervan/Documents/Hacktiv8/Phase_3/smartHome/frontend/store/alarms/alarms.actionType.js","statementMap":{"0":{"start":{"line":1,"column":41},"end":{"line":1,"column":68}},"1":{"start":{"line":2,"column":41},"end":{"line":2,"column":68}},"2":{"start":{"line":3,"column":39},"end":{"line":3,"column":64}}},"fnMap":{},"branchMap":{},"s":{"0":13,"1":13,"2":13},"f":{},"b":{},"_coverageSchema":"332fd63041d2c1bcb487cc26dd0d5f7d97098a6c","hash":"db64d80255b9c21770a43f737dd5321c7efce201"}
,"/home/ervan/Documents/Hacktiv8/Phase_3/smartHome/frontend/store/alarms/alarms.actions.js": {"path":"/home/ervan/Documents/Hacktiv8/Phase_3/smartHome/frontend/store/alarms/alarms.actions.js","statementMap":{"0":{"start":{"line":8,"column":31},"end":{"line":18,"column":1}},"1":{"start":{"line":9,"column":2},"end":{"line":17,"column":3}},"2":{"start":{"line":10,"column":4},"end":{"line":10,"column":38}},"3":{"start":{"line":11,"column":4},"end":{"line":16,"column":6}},"4":{"start":{"line":12,"column":16},"end":{"line":12,"column":26}},"5":{"start":{"line":13,"column":6},"end":{"line":13,"column":43}},"6":{"start":{"line":15,"column":6},"end":{"line":15,"column":42}},"7":{"start":{"line":20,"column":31},"end":{"line":23,"column":2}},"8":{"start":{"line":20,"column":45},"end":{"line":23,"column":1}},"9":{"start":{"line":25,"column":31},"end":{"line":27,"column":2}},"10":{"start":{"line":25,"column":38},"end":{"line":27,"column":1}},"11":{"start":{"line":29,"column":30},"end":{"line":31,"column":2}},"12":{"start":{"line":29,"column":37},"end":{"line":31,"column":1}}},"fnMap":{"0":{"name":"(anonymous_0)","decl":{"start":{"line":8,"column":31},"end":{"line":8,"column":32}},"loc":{"start":{"line":8,"column":37},"end":{"line":18,"column":1}},"line":8},"1":{"name":"(anonymous_1)","decl":{"start":{"line":9,"column":9},"end":{"line":9,"column":10}},"loc":{"start":{"line":9,"column":21},"end":{"line":17,"column":3}},"line":9},"2":{"name":"(anonymous_2)","decl":{"start":{"line":11,"column":52},"end":{"line":11,"column":53}},"loc":{"start":{"line":11,"column":62},"end":{"line":14,"column":5}},"line":11},"3":{"name":"(anonymous_3)","decl":{"start":{"line":14,"column":7},"end":{"line":14,"column":8}},"loc":{"start":{"line":14,"column":16},"end":{"line":16,"column":5}},"line":14},"4":{"name":"(anonymous_4)","decl":{"start":{"line":20,"column":31},"end":{"line":20,"column":32}},"loc":{"start":{"line":20,"column":45},"end":{"line":23,"column":1}},"line":20},"5":{"name":"(anonymous_5)","decl":{"start":{"line":25,"column":31},"end":{"line":25,"column":32}},"loc":{"start":{"line":25,"column":38},"end":{"line":27,"column":1}},"line":25},"6":{"name":"(anonymous_6)","decl":{"start":{"line":29,"column":30},"end":{"line":29,"column":31}},"loc":{"start":{"line":29,"column":37},"end":{"line":31,"column":1}},"line":29}},"branchMap":{},"s":{"0":1,"1":1,"2":1,"3":1,"4":0,"5":0,"6":0,"7":1,"8":0,"9":1,"10":1,"11":1,"12":0},"f":{"0":1,"1":1,"2":0,"3":0,"4":0,"5":1,"6":0},"b":{},"_coverageSchema":"332fd63041d2c1bcb487cc26dd0d5f7d97098a6c","hash":"57890e1eee881e24a24bb518a41a6a5243e3c2c9"}
,"/home/ervan/Documents/Hacktiv8/Phase_3/smartHome/frontend/store/alarms/alarms.reducers.js": {"path":"/home/ervan/Documents/Hacktiv8/Phase_3/smartHome/frontend/store/alarms/alarms.reducers.js","statementMap":{"0":{"start":{"line":7,"column":21},"end":{"line":11,"column":1}},"1":{"start":{"line":13,"column":17},"end":{"line":35,"column":1}},"2":{"start":{"line":14,"column":2},"end":{"line":34,"column":3}},"3":{"start":{"line":16,"column":6},"end":{"line":20,"column":7}},"4":{"start":{"line":22,"column":6},"end":{"line":25,"column":7}},"5":{"start":{"line":27,"column":6},"end":{"line":31,"column":7}},"6":{"start":{"line":33,"column":6},"end":{"line":33,"column":18}}},"fnMap":{"0":{"name":"(anonymous_0)","decl":{"start":{"line":13,"column":17},"end":{"line":13,"column":18}},"loc":{"start":{"line":13,"column":49},"end":{"line":35,"column":1}},"line":13}},"branchMap":{"0":{"loc":{"start":{"line":13,"column":18},"end":{"line":13,"column":36}},"type":"default-arg","locations":[{"start":{"line":13,"column":24},"end":{"line":13,"column":36}}],"line":13},"1":{"loc":{"start":{"line":14,"column":2},"end":{"line":34,"column":3}},"type":"switch","locations":[{"start":{"line":15,"column":4},"end":{"line":20,"column":7}},{"start":{"line":21,"column":4},"end":{"line":25,"column":7}},{"start":{"line":26,"column":4},"end":{"line":31,"column":7}},{"start":{"line":32,"column":4},"end":{"line":33,"column":18}}],"line":14}},"s":{"0":12,"1":12,"2":38,"3":1,"4":2,"5":1,"6":34},"f":{"0":38},"b":{"0":[33],"1":[1,2,1,34]},"_coverageSchema":"332fd63041d2c1bcb487cc26dd0d5f7d97098a6c","hash":"3615aba859fc15a4bcf1e87d1472842a9e56d16e"}
,"/home/ervan/Documents/Hacktiv8/Phase_3/smartHome/frontend/store/createNewHome/createNewHome.actionType.js": {"path":"/home/ervan/Documents/Hacktiv8/Phase_3/smartHome/frontend/store/createNewHome/createNewHome.actionType.js","statementMap":{"0":{"start":{"line":1,"column":51},"end":{"line":1,"column":88}},"1":{"start":{"line":2,"column":39},"end":{"line":2,"column":64}},"2":{"start":{"line":3,"column":39},"end":{"line":3,"column":64}},"3":{"start":{"line":4,"column":37},"end":{"line":4,"column":60}},"4":{"start":{"line":5,"column":43},"end":{"line":5,"column":72}}},"fnMap":{},"branchMap":{},"s":{"0":12,"1":12,"2":12,"3":12,"4":12},"f":{},"b":{},"_coverageSchema":"332fd63041d2c1bcb487cc26dd0d5f7d97098a6c","hash":"745538e66301de7d8afceee34b70fdf587767a67"}
,"/home/ervan/Documents/Hacktiv8/Phase_3/smartHome/frontend/store/createNewHome/createNewHome.reducers.js": {"path":"/home/ervan/Documents/Hacktiv8/Phase_3/smartHome/frontend/store/createNewHome/createNewHome.reducers.js","statementMap":{"0":{"start":{"line":9,"column":21},"end":{"line":15,"column":1}},"1":{"start":{"line":17,"column":17},"end":{"line":45,"column":1}},"2":{"start":{"line":18,"column":2},"end":{"line":44,"column":3}},"3":{"start":{"line":20,"column":6},"end":{"line":23,"column":7}},"4":{"start":{"line":25,"column":6},"end":{"line":28,"column":7}},"5":{"start":{"line":30,"column":6},"end":{"line":30,"column":25}},"6":{"start":{"line":32,"column":6},"end":{"line":36,"column":7}},"7":{"start":{"line":38,"column":6},"end":{"line":41,"column":7}},"8":{"start":{"line":43,"column":6},"end":{"line":43,"column":18}}},"fnMap":{"0":{"name":"(anonymous_0)","decl":{"start":{"line":17,"column":17},"end":{"line":17,"column":18}},"loc":{"start":{"line":17,"column":56},"end":{"line":45,"column":1}},"line":17}},"branchMap":{"0":{"loc":{"start":{"line":17,"column":18},"end":{"line":17,"column":43}},"type":"default-arg","locations":[{"start":{"line":17,"column":24},"end":{"line":17,"column":43}}],"line":17},"1":{"loc":{"start":{"line":18,"column":2},"end":{"line":44,"column":3}},"type":"switch","locations":[{"start":{"line":19,"column":4},"end":{"line":23,"column":8}},{"start":{"line":24,"column":4},"end":{"line":28,"column":7}},{"start":{"line":29,"column":4},"end":{"line":30,"column":25}},{"start":{"line":31,"column":4},"end":{"line":36,"column":7}},{"start":{"line":37,"column":4},"end":{"line":41,"column":7}},{"start":{"line":42,"column":4},"end":{"line":43,"column":18}}],"line":18}},"s":{"0":12,"1":12,"2":39,"3":2,"4":1,"5":1,"6":1,"7":1,"8":33},"f":{"0":39},"b":{"0":[33],"1":[2,1,1,1,1,33]},"_coverageSchema":"332fd63041d2c1bcb487cc26dd0d5f7d97098a6c","hash":"1ece397a54e8ba53baa2eb4c7ebe4f2ea9e017a9"}
,"/home/ervan/Documents/Hacktiv8/Phase_3/smartHome/frontend/store/data/data.actionType.js": {"path":"/home/ervan/Documents/Hacktiv8/Phase_3/smartHome/frontend/store/data/data.actionType.js","statementMap":{"0":{"start":{"line":1,"column":39},"end":{"line":1,"column":64}},"1":{"start":{"line":2,"column":39},"end":{"line":2,"column":64}},"2":{"start":{"line":3,"column":34},"end":{"line":3,"column":54}},"3":{"start":{"line":4,"column":27},"end":{"line":4,"column":40}}},"fnMap":{},"branchMap":{},"s":{"0":14,"1":14,"2":14,"3":14},"f":{},"b":{},"_coverageSchema":"332fd63041d2c1bcb487cc26dd0d5f7d97098a6c","hash":"bcef6cfc59653c801b708ffdaa9cf0ed060aaab3"}
,"/home/ervan/Documents/Hacktiv8/Phase_3/smartHome/frontend/store/data/data.actions.js": {"path":"/home/ervan/Documents/Hacktiv8/Phase_3/smartHome/frontend/store/data/data.actions.js","statementMap":{"0":{"start":{"line":9,"column":31},"end":{"line":19,"column":1}},"1":{"start":{"line":10,"column":2},"end":{"line":18,"column":3}},"2":{"start":{"line":11,"column":4},"end":{"line":11,"column":51}},"3":{"start":{"line":12,"column":4},"end":{"line":17,"column":5}},"4":{"start":{"line":13,"column":6},"end":{"line":13,"column":33}},"5":{"start":{"line":14,"column":6},"end":{"line":14,"column":34}},"6":{"start":{"line":15,"column":11},"end":{"line":17,"column":5}},"7":{"start":{"line":16,"column":6},"end":{"line":16,"column":33}},"8":{"start":{"line":21,"column":31},"end":{"line":24,"column":2}},"9":{"start":{"line":21,"column":45},"end":{"line":24,"column":1}},"10":{"start":{"line":25,"column":24},"end":{"line":27,"column":2}},"11":{"start":{"line":25,"column":38},"end":{"line":27,"column":1}},"12":{"start":{"line":29,"column":25},"end":{"line":31,"column":2}},"13":{"start":{"line":29,"column":39},"end":{"line":31,"column":1}},"14":{"start":{"line":33,"column":26},"end":{"line":35,"column":1}},"15":{"start":{"line":34,"column":2},"end":{"line":34,"column":30}}},"fnMap":{"0":{"name":"(anonymous_0)","decl":{"start":{"line":9,"column":31},"end":{"line":9,"column":32}},"loc":{"start":{"line":9,"column":44},"end":{"line":19,"column":1}},"line":9},"1":{"name":"(anonymous_1)","decl":{"start":{"line":10,"column":9},"end":{"line":10,"column":10}},"loc":{"start":{"line":10,"column":21},"end":{"line":18,"column":3}},"line":10},"2":{"name":"(anonymous_2)","decl":{"start":{"line":21,"column":31},"end":{"line":21,"column":32}},"loc":{"start":{"line":21,"column":45},"end":{"line":24,"column":1}},"line":21},"3":{"name":"(anonymous_3)","decl":{"start":{"line":25,"column":24},"end":{"line":25,"column":25}},"loc":{"start":{"line":25,"column":38},"end":{"line":27,"column":1}},"line":25},"4":{"name":"(anonymous_4)","decl":{"start":{"line":29,"column":25},"end":{"line":29,"column":26}},"loc":{"start":{"line":29,"column":39},"end":{"line":31,"column":1}},"line":29},"5":{"name":"(anonymous_5)","decl":{"start":{"line":33,"column":26},"end":{"line":33,"column":27}},"loc":{"start":{"line":33,"column":32},"end":{"line":35,"column":1}},"line":33}},"branchMap":{"0":{"loc":{"start":{"line":12,"column":4},"end":{"line":17,"column":5}},"type":"if","locations":[{"start":{"line":12,"column":4},"end":{"line":17,"column":5}},{"start":{"line":12,"column":4},"end":{"line":17,"column":5}}],"line":12},"1":{"loc":{"start":{"line":12,"column":8},"end":{"line":12,"column":104}},"type":"binary-expr","locations":[{"start":{"line":12,"column":8},"end":{"line":12,"column":65}},{"start":{"line":12,"column":69},"end":{"line":12,"column":104}}],"line":12},"2":{"loc":{"start":{"line":15,"column":11},"end":{"line":17,"column":5}},"type":"if","locations":[{"start":{"line":15,"column":11},"end":{"line":17,"column":5}},{"start":{"line":15,"column":11},"end":{"line":17,"column":5}}],"line":15}},"s":{"0":14,"1":3,"2":3,"3":3,"4":1,"5":1,"6":2,"7":1,"8":14,"9":3,"10":14,"11":2,"12":14,"13":1,"14":14,"15":1},"f":{"0":3,"1":3,"2":3,"3":2,"4":1,"5":1},"b":{"0":[1,2],"1":[3,1],"2":[1,1]},"_coverageSchema":"332fd63041d2c1bcb487cc26dd0d5f7d97098a6c","hash":"72086e85971a61b675dba4fc005cd55bef409faf"}
,"/home/ervan/Documents/Hacktiv8/Phase_3/smartHome/frontend/store/data/data.reducers.js": {"path":"/home/ervan/Documents/Hacktiv8/Phase_3/smartHome/frontend/store/data/data.reducers.js","statementMap":{"0":{"start":{"line":9,"column":21},"end":{"line":12,"column":1}},"1":{"start":{"line":14,"column":17},"end":{"line":36,"column":1}},"2":{"start":{"line":15,"column":2},"end":{"line":35,"column":3}},"3":{"start":{"line":17,"column":6},"end":{"line":20,"column":7}},"4":{"start":{"line":22,"column":6},"end":{"line":22,"column":25}},"5":{"start":{"line":24,"column":6},"end":{"line":27,"column":7}},"6":{"start":{"line":29,"column":6},"end":{"line":32,"column":7}},"7":{"start":{"line":34,"column":6},"end":{"line":34,"column":18}}},"fnMap":{"0":{"name":"(anonymous_0)","decl":{"start":{"line":14,"column":17},"end":{"line":14,"column":18}},"loc":{"start":{"line":14,"column":49},"end":{"line":36,"column":1}},"line":14}},"branchMap":{"0":{"loc":{"start":{"line":14,"column":18},"end":{"line":14,"column":36}},"type":"default-arg","locations":[{"start":{"line":14,"column":24},"end":{"line":14,"column":36}}],"line":14},"1":{"loc":{"start":{"line":15,"column":2},"end":{"line":35,"column":3}},"type":"switch","locations":[{"start":{"line":16,"column":4},"end":{"line":20,"column":7}},{"start":{"line":21,"column":4},"end":{"line":22,"column":25}},{"start":{"line":23,"column":4},"end":{"line":27,"column":7}},{"start":{"line":28,"column":4},"end":{"line":32,"column":7}},{"start":{"line":33,"column":4},"end":{"line":34,"column":18}}],"line":15}},"s":{"0":12,"1":12,"2":39,"3":1,"4":2,"5":1,"6":1,"7":34},"f":{"0":39},"b":{"0":[33],"1":[1,2,1,1,34]},"_coverageSchema":"332fd63041d2c1bcb487cc26dd0d5f7d97098a6c","hash":"8fb7c238676e435c2c67ff899aab67497e426fe4"}
,"/home/ervan/Documents/Hacktiv8/Phase_3/smartHome/frontend/store/homeData/homeData.actionType.js": {"path":"/home/ervan/Documents/Hacktiv8/Phase_3/smartHome/frontend/store/homeData/homeData.actionType.js","statementMap":{"0":{"start":{"line":1,"column":31},"end":{"line":1,"column":48}},"1":{"start":{"line":2,"column":34},"end":{"line":2,"column":54}},"2":{"start":{"line":3,"column":36},"end":{"line":3,"column":58}},"3":{"start":{"line":4,"column":35},"end":{"line":4,"column":56}},"4":{"start":{"line":5,"column":39},"end":{"line":5,"column":64}},"5":{"start":{"line":6,"column":37},"end":{"line":6,"column":60}}},"fnMap":{},"branchMap":{},"s":{"0":12,"1":12,"2":12,"3":12,"4":12,"5":12},"f":{},"b":{},"_coverageSchema":"332fd63041d2c1bcb487cc26dd0d5f7d97098a6c","hash":"2980a9a705c7e947cc8b6121ff1c5fb791f766b4"}
,"/home/ervan/Documents/Hacktiv8/Phase_3/smartHome/frontend/store/homeData/homeData.reducers.js": {"path":"/home/ervan/Documents/Hacktiv8/Phase_3/smartHome/frontend/store/homeData/homeData.reducers.js","statementMap":{"0":{"start":{"line":10,"column":21},"end":{"line":20,"column":1}},"1":{"start":{"line":22,"column":17},"end":{"line":58,"column":1}},"2":{"start":{"line":23,"column":2},"end":{"line":57,"column":3}},"3":{"start":{"line":25,"column":6},"end":{"line":28,"column":7}},"4":{"start":{"line":30,"column":6},"end":{"line":33,"column":7}},"5":{"start":{"line":35,"column":6},"end":{"line":38,"column":7}},"6":{"start":{"line":40,"column":6},"end":{"line":43,"column":7}},"7":{"start":{"line":45,"column":6},"end":{"line":48,"column":7}},"8":{"start":{"line":50,"column":6},"end":{"line":54,"column":7}},"9":{"start":{"line":56,"column":6},"end":{"line":56,"column":18}}},"fnMap":{"0":{"name":"(anonymous_0)","decl":{"start":{"line":22,"column":17},"end":{"line":22,"column":18}},"loc":{"start":{"line":22,"column":49},"end":{"line":58,"column":1}},"line":22}},"branchMap":{"0":{"loc":{"start":{"line":22,"column":18},"end":{"line":22,"column":36}},"type":"default-arg","locations":[{"start":{"line":22,"column":24},"end":{"line":22,"column":36}}],"line":22},"1":{"loc":{"start":{"line":23,"column":2},"end":{"line":57,"column":3}},"type":"switch","locations":[{"start":{"line":24,"column":4},"end":{"line":28,"column":8}},{"start":{"line":29,"column":4},"end":{"line":33,"column":7}},{"start":{"line":34,"column":4},"end":{"line":38,"column":7}},{"start":{"line":39,"column":4},"end":{"line":43,"column":7}},{"start":{"line":44,"column":4},"end":{"line":48,"column":7}},{"start":{"line":49,"column":4},"end":{"line":54,"column":7}},{"start":{"line":55,"column":4},"end":{"line":56,"column":18}}],"line":23}},"s":{"0":12,"1":12,"2":39,"3":1,"4":1,"5":1,"6":1,"7":1,"8":1,"9":33},"f":{"0":39},"b":{"0":[33],"1":[1,1,1,1,1,1,33]},"_coverageSchema":"332fd63041d2c1bcb487cc26dd0d5f7d97098a6c","hash":"411de5e4559104cc10a13a41d278bcf74e7706c6"}
,"/home/ervan/Documents/Hacktiv8/Phase_3/smartHome/frontend/store/housePin/housePin.actionType.js": {"path":"/home/ervan/Documents/Hacktiv8/Phase_3/smartHome/frontend/store/housePin/housePin.actionType.js","statementMap":{"0":{"start":{"line":1,"column":30},"end":{"line":1,"column":46}},"1":{"start":{"line":2,"column":30},"end":{"line":2,"column":46}},"2":{"start":{"line":3,"column":37},"end":{"line":3,"column":60}},"3":{"start":{"line":4,"column":35},"end":{"line":4,"column":56}},"4":{"start":{"line":5,"column":27},"end":{"line":5,"column":40}}},"fnMap":{},"branchMap":{},"s":{"0":15,"1":15,"2":15,"3":15,"4":15},"f":{},"b":{},"_coverageSchema":"332fd63041d2c1bcb487cc26dd0d5f7d97098a6c","hash":"3b1cd8c8a41047052ede662cac08e3f3c065c942"}
,"/home/ervan/Documents/Hacktiv8/Phase_3/smartHome/frontend/store/housePin/housePin.actions.js": {"path":"/home/ervan/Documents/Hacktiv8/Phase_3/smartHome/frontend/store/housePin/housePin.actions.js","statementMap":{"0":{"start":{"line":11,"column":27},"end":{"line":15,"column":1}},"1":{"start":{"line":12,"column":2},"end":{"line":14,"column":3}},"2":{"start":{"line":13,"column":4},"end":{"line":13,"column":33}},"3":{"start":{"line":17,"column":29},"end":{"line":28,"column":1}},"4":{"start":{"line":18,"column":2},"end":{"line":27,"column":3}},"5":{"start":{"line":19,"column":4},"end":{"line":19,"column":49}},"6":{"start":{"line":20,"column":4},"end":{"line":26,"column":5}},"7":{"start":{"line":21,"column":6},"end":{"line":21,"column":31}},"8":{"start":{"line":22,"column":6},"end":{"line":22,"column":38}},"9":{"start":{"line":23,"column":6},"end":{"line":23,"column":32}},"10":{"start":{"line":24,"column":11},"end":{"line":26,"column":5}},"11":{"start":{"line":25,"column":6},"end":{"line":25,"column":31}},"12":{"start":{"line":30,"column":24},"end":{"line":35,"column":1}},"13":{"start":{"line":31,"column":2},"end":{"line":34,"column":3}},"14":{"start":{"line":32,"column":4},"end":{"line":32,"column":36}},"15":{"start":{"line":33,"column":4},"end":{"line":33,"column":29}},"16":{"start":{"line":37,"column":26},"end":{"line":41,"column":1}},"17":{"start":{"line":38,"column":2},"end":{"line":40,"column":3}},"18":{"start":{"line":39,"column":4},"end":{"line":39,"column":36}},"19":{"start":{"line":43,"column":26},"end":{"line":47,"column":1}},"20":{"start":{"line":44,"column":2},"end":{"line":46,"column":3}},"21":{"start":{"line":49,"column":29},"end":{"line":54,"column":1}},"22":{"start":{"line":50,"column":2},"end":{"line":53,"column":3}},"23":{"start":{"line":56,"column":22},"end":{"line":58,"column":2}},"24":{"start":{"line":56,"column":29},"end":{"line":58,"column":1}},"25":{"start":{"line":60,"column":36},"end":{"line":62,"column":2}},"26":{"start":{"line":60,"column":43},"end":{"line":62,"column":1}},"27":{"start":{"line":64,"column":29},"end":{"line":66,"column":2}},"28":{"start":{"line":64,"column":36},"end":{"line":66,"column":1}}},"fnMap":{"0":{"name":"(anonymous_0)","decl":{"start":{"line":11,"column":27},"end":{"line":11,"column":28}},"loc":{"start":{"line":11,"column":33},"end":{"line":15,"column":1}},"line":11},"1":{"name":"(anonymous_1)","decl":{"start":{"line":12,"column":9},"end":{"line":12,"column":10}},"loc":{"start":{"line":12,"column":21},"end":{"line":14,"column":3}},"line":12},"2":{"name":"(anonymous_2)","decl":{"start":{"line":17,"column":29},"end":{"line":17,"column":30}},"loc":{"start":{"line":17,"column":42},"end":{"line":28,"column":1}},"line":17},"3":{"name":"(anonymous_3)","decl":{"start":{"line":18,"column":9},"end":{"line":18,"column":10}},"loc":{"start":{"line":18,"column":21},"end":{"line":27,"column":3}},"line":18},"4":{"name":"(anonymous_4)","decl":{"start":{"line":30,"column":24},"end":{"line":30,"column":25}},"loc":{"start":{"line":30,"column":30},"end":{"line":35,"column":1}},"line":30},"5":{"name":"(anonymous_5)","decl":{"start":{"line":31,"column":9},"end":{"line":31,"column":10}},"loc":{"start":{"line":31,"column":21},"end":{"line":34,"column":3}},"line":31},"6":{"name":"(anonymous_6)","decl":{"start":{"line":37,"column":26},"end":{"line":37,"column":27}},"loc":{"start":{"line":37,"column":32},"end":{"line":41,"column":1}},"line":37},"7":{"name":"(anonymous_7)","decl":{"start":{"line":38,"column":9},"end":{"line":38,"column":10}},"loc":{"start":{"line":38,"column":21},"end":{"line":40,"column":3}},"line":38},"8":{"name":"(anonymous_8)","decl":{"start":{"line":43,"column":26},"end":{"line":43,"column":27}},"loc":{"start":{"line":43,"column":32},"end":{"line":47,"column":1}},"line":43},"9":{"name":"(anonymous_9)","decl":{"start":{"line":49,"column":29},"end":{"line":49,"column":30}},"loc":{"start":{"line":49,"column":42},"end":{"line":54,"column":1}},"line":49},"10":{"name":"(anonymous_10)","decl":{"start":{"line":56,"column":22},"end":{"line":56,"column":23}},"loc":{"start":{"line":56,"column":29},"end":{"line":58,"column":1}},"line":56},"11":{"name":"(anonymous_11)","decl":{"start":{"line":60,"column":36},"end":{"line":60,"column":37}},"loc":{"start":{"line":60,"column":43},"end":{"line":62,"column":1}},"line":60},"12":{"name":"(anonymous_12)","decl":{"start":{"line":64,"column":29},"end":{"line":64,"column":30}},"loc":{"start":{"line":64,"column":36},"end":{"line":66,"column":1}},"line":64}},"branchMap":{"0":{"loc":{"start":{"line":20,"column":4},"end":{"line":26,"column":5}},"type":"if","locations":[{"start":{"line":20,"column":4},"end":{"line":26,"column":5}},{"start":{"line":20,"column":4},"end":{"line":26,"column":5}}],"line":20},"1":{"loc":{"start":{"line":20,"column":7},"end":{"line":20,"column":103}},"type":"binary-expr","locations":[{"start":{"line":20,"column":7},"end":{"line":20,"column":64}},{"start":{"line":20,"column":68},"end":{"line":20,"column":103}}],"line":20},"2":{"loc":{"start":{"line":24,"column":11},"end":{"line":26,"column":5}},"type":"if","locations":[{"start":{"line":24,"column":11},"end":{"line":26,"column":5}},{"start":{"line":24,"column":11},"end":{"line":26,"column":5}}],"line":24}},"s":{"0":14,"1":1,"2":1,"3":14,"4":2,"5":2,"6":2,"7":1,"8":1,"9":1,"10":1,"11":1,"12":14,"13":1,"14":1,"15":1,"16":14,"17":1,"18":1,"19":14,"20":1,"21":14,"22":2,"23":14,"24":2,"25":14,"26":3,"27":14,"28":1},"f":{"0":1,"1":1,"2":2,"3":2,"4":1,"5":1,"6":1,"7":1,"8":1,"9":2,"10":2,"11":3,"12":1},"b":{"0":[1,1],"1":[2,1],"2":[1,0]},"_coverageSchema":"332fd63041d2c1bcb487cc26dd0d5f7d97098a6c","hash":"bfd2b1d0210488eb242f3ca93deb525a83040f06"}
,"/home/ervan/Documents/Hacktiv8/Phase_3/smartHome/frontend/store/housePin/housePin.reducers.js": {"path":"/home/ervan/Documents/Hacktiv8/Phase_3/smartHome/frontend/store/housePin/housePin.reducers.js","statementMap":{"0":{"start":{"line":9,"column":21},"end":{"line":13,"column":1}},"1":{"start":{"line":15,"column":17},"end":{"line":45,"column":1}},"2":{"start":{"line":16,"column":2},"end":{"line":44,"column":3}},"3":{"start":{"line":18,"column":6},"end":{"line":21,"column":7}},"4":{"start":{"line":23,"column":6},"end":{"line":26,"column":7}},"5":{"start":{"line":28,"column":6},"end":{"line":31,"column":7}},"6":{"start":{"line":33,"column":6},"end":{"line":36,"column":7}},"7":{"start":{"line":38,"column":6},"end":{"line":41,"column":7}},"8":{"start":{"line":43,"column":6},"end":{"line":43,"column":18}}},"fnMap":{"0":{"name":"(anonymous_0)","decl":{"start":{"line":15,"column":17},"end":{"line":15,"column":18}},"loc":{"start":{"line":15,"column":49},"end":{"line":45,"column":1}},"line":15}},"branchMap":{"0":{"loc":{"start":{"line":15,"column":18},"end":{"line":15,"column":36}},"type":"default-arg","locations":[{"start":{"line":15,"column":24},"end":{"line":15,"column":36}}],"line":15},"1":{"loc":{"start":{"line":16,"column":2},"end":{"line":44,"column":3}},"type":"switch","locations":[{"start":{"line":17,"column":4},"end":{"line":21,"column":7}},{"start":{"line":22,"column":4},"end":{"line":26,"column":7}},{"start":{"line":27,"column":4},"end":{"line":31,"column":7}},{"start":{"line":32,"column":4},"end":{"line":36,"column":7}},{"start":{"line":37,"column":4},"end":{"line":41,"column":7}},{"start":{"line":42,"column":4},"end":{"line":43,"column":18}}],"line":16}},"s":{"0":12,"1":12,"2":38,"3":1,"4":1,"5":1,"6":1,"7":1,"8":33},"f":{"0":38},"b":{"0":[33],"1":[1,1,1,1,1,33]},"_coverageSchema":"332fd63041d2c1bcb487cc26dd0d5f7d97098a6c","hash":"589f60e45be66a6390d9eeb27167d9be04de57bb"}
,"/home/ervan/Documents/Hacktiv8/Phase_3/smartHome/frontend/store/memberList/memberList.actionType.js": {"path":"/home/ervan/Documents/Hacktiv8/Phase_3/smartHome/frontend/store/memberList/memberList.actionType.js","statementMap":{"0":{"start":{"line":1,"column":33},"end":{"line":1,"column":52}},"1":{"start":{"line":2,"column":41},"end":{"line":2,"column":68}},"2":{"start":{"line":3,"column":39},"end":{"line":3,"column":64}}},"fnMap":{},"branchMap":{},"s":{"0":13,"1":13,"2":13},"f":{},"b":{},"_coverageSchema":"332fd63041d2c1bcb487cc26dd0d5f7d97098a6c","hash":"6cd1f75176c4e2d78f6be2efe425d556042d2d00"}
,"/home/ervan/Documents/Hacktiv8/Phase_3/smartHome/frontend/store/memberList/memberList.reducers.js": {"path":"/home/ervan/Documents/Hacktiv8/Phase_3/smartHome/frontend/store/memberList/memberList.reducers.js","statementMap":{"0":{"start":{"line":7,"column":21},"end":{"line":11,"column":1}},"1":{"start":{"line":13,"column":17},"end":{"line":35,"column":1}},"2":{"start":{"line":14,"column":2},"end":{"line":34,"column":3}},"3":{"start":{"line":16,"column":6},"end":{"line":20,"column":7}},"4":{"start":{"line":22,"column":6},"end":{"line":25,"column":7}},"5":{"start":{"line":27,"column":6},"end":{"line":31,"column":7}},"6":{"start":{"line":33,"column":6},"end":{"line":33,"column":18}}},"fnMap":{"0":{"name":"(anonymous_0)","decl":{"start":{"line":13,"column":17},"end":{"line":13,"column":18}},"loc":{"start":{"line":13,"column":49},"end":{"line":35,"column":1}},"line":13}},"branchMap":{"0":{"loc":{"start":{"line":13,"column":18},"end":{"line":13,"column":36}},"type":"default-arg","locations":[{"start":{"line":13,"column":24},"end":{"line":13,"column":36}}],"line":13},"1":{"loc":{"start":{"line":14,"column":2},"end":{"line":34,"column":3}},"type":"switch","locations":[{"start":{"line":15,"column":4},"end":{"line":20,"column":8}},{"start":{"line":21,"column":4},"end":{"line":25,"column":7}},{"start":{"line":26,"column":4},"end":{"line":31,"column":7}},{"start":{"line":32,"column":4},"end":{"line":33,"column":18}}],"line":14}},"s":{"0":13,"1":13,"2":37,"3":1,"4":1,"5":1,"6":34},"f":{"0":37},"b":{"0":[34],"1":[1,1,1,34]},"_coverageSchema":"332fd63041d2c1bcb487cc26dd0d5f7d97098a6c","hash":"ccbced10f7d371549455a71642838e8cc1619f10"}
,"/home/ervan/Documents/Hacktiv8/Phase_3/smartHome/frontend/store/notificationLogs/notificationLogs.actionType.js": {"path":"/home/ervan/Documents/Hacktiv8/Phase_3/smartHome/frontend/store/notificationLogs/notificationLogs.actionType.js","statementMap":{"0":{"start":{"line":1,"column":39},"end":{"line":1,"column":64}},"1":{"start":{"line":2,"column":47},"end":{"line":2,"column":80}},"2":{"start":{"line":3,"column":45},"end":{"line":3,"column":76}},"3":{"start":{"line":4,"column":36},"end":{"line":4,"column":58}}},"fnMap":{},"branchMap":{},"s":{"0":14,"1":14,"2":14,"3":14},"f":{},"b":{},"_coverageSchema":"332fd63041d2c1bcb487cc26dd0d5f7d97098a6c","hash":"9975b4d16141d9f805c2fb83c030fc1eab0e5b0e"}
,"/home/ervan/Documents/Hacktiv8/Phase_3/smartHome/frontend/store/notificationLogs/notificationLogs.actions.js": {"path":"/home/ervan/Documents/Hacktiv8/Phase_3/smartHome/frontend/store/notificationLogs/notificationLogs.actions.js","statementMap":{"0":{"start":{"line":21,"column":33},"end":{"line":61,"column":1}},"1":{"start":{"line":63,"column":35},"end":{"line":65,"column":1}},"2":{"start":{"line":64,"column":2},"end":{"line":64,"column":56}},"3":{"start":{"line":67,"column":44},"end":{"line":73,"column":1}},"4":{"start":{"line":75,"column":37},"end":{"line":77,"column":2}},"5":{"start":{"line":75,"column":44},"end":{"line":77,"column":1}},"6":{"start":{"line":79,"column":35},"end":{"line":81,"column":2}},"7":{"start":{"line":79,"column":42},"end":{"line":81,"column":1}},"8":{"start":{"line":83,"column":34},"end":{"line":89,"column":1}}},"fnMap":{"0":{"name":"(anonymous_0)","decl":{"start":{"line":21,"column":33},"end":{"line":21,"column":34}},"loc":{"start":{"line":21,"column":51},"end":{"line":61,"column":1}},"line":21},"1":{"name":"(anonymous_1)","decl":{"start":{"line":63,"column":35},"end":{"line":63,"column":36}},"loc":{"start":{"line":63,"column":48},"end":{"line":65,"column":1}},"line":63},"2":{"name":"(anonymous_2)","decl":{"start":{"line":67,"column":44},"end":{"line":67,"column":45}},"loc":{"start":{"line":67,"column":57},"end":{"line":73,"column":1}},"line":67},"3":{"name":"(anonymous_3)","decl":{"start":{"line":75,"column":37},"end":{"line":75,"column":38}},"loc":{"start":{"line":75,"column":44},"end":{"line":77,"column":1}},"line":75},"4":{"name":"(anonymous_4)","decl":{"start":{"line":79,"column":35},"end":{"line":79,"column":36}},"loc":{"start":{"line":79,"column":42},"end":{"line":81,"column":1}},"line":79},"5":{"name":"(anonymous_5)","decl":{"start":{"line":83,"column":34},"end":{"line":83,"column":35}},"loc":{"start":{"line":83,"column":47},"end":{"line":89,"column":1}},"line":83}},"branchMap":{},"s":{"0":1,"1":1,"2":1,"3":1,"4":1,"5":0,"6":1,"7":0,"8":1},"f":{"0":0,"1":1,"2":0,"3":0,"4":0,"5":0},"b":{},"_coverageSchema":"332fd63041d2c1bcb487cc26dd0d5f7d97098a6c","hash":"d9ee6dd4ece4074a16b6e7d4db6dfd2b52c3fb98"}
,"/home/ervan/Documents/Hacktiv8/Phase_3/smartHome/frontend/store/notificationLogs/notificationLogs.reducers.js": {"path":"/home/ervan/Documents/Hacktiv8/Phase_3/smartHome/frontend/store/notificationLogs/notificationLogs.reducers.js","statementMap":{"0":{"start":{"line":8,"column":21},"end":{"line":13,"column":1}},"1":{"start":{"line":15,"column":17},"end":{"line":43,"column":1}},"2":{"start":{"line":16,"column":2},"end":{"line":42,"column":3}},"3":{"start":{"line":18,"column":6},"end":{"line":22,"column":7}},"4":{"start":{"line":24,"column":6},"end":{"line":27,"column":7}},"5":{"start":{"line":29,"column":6},"end":{"line":33,"column":7}},"6":{"start":{"line":35,"column":6},"end":{"line":38,"column":7}},"7":{"start":{"line":41,"column":6},"end":{"line":41,"column":18}}},"fnMap":{"0":{"name":"(anonymous_0)","decl":{"start":{"line":15,"column":17},"end":{"line":15,"column":18}},"loc":{"start":{"line":15,"column":49},"end":{"line":43,"column":1}},"line":15}},"branchMap":{"0":{"loc":{"start":{"line":15,"column":18},"end":{"line":15,"column":36}},"type":"default-arg","locations":[{"start":{"line":15,"column":24},"end":{"line":15,"column":36}}],"line":15},"1":{"loc":{"start":{"line":16,"column":2},"end":{"line":42,"column":3}},"type":"switch","locations":[{"start":{"line":17,"column":4},"end":{"line":22,"column":8}},{"start":{"line":23,"column":4},"end":{"line":27,"column":7}},{"start":{"line":28,"column":4},"end":{"line":33,"column":7}},{"start":{"line":34,"column":4},"end":{"line":39,"column":5}},{"start":{"line":40,"column":4},"end":{"line":41,"column":18}}],"line":16}},"s":{"0":13,"1":13,"2":39,"3":1,"4":1,"5":1,"6":1,"7":35},"f":{"0":39},"b":{"0":[34],"1":[1,1,1,1,35]},"_coverageSchema":"332fd63041d2c1bcb487cc26dd0d5f7d97098a6c","hash":"75d672d418b5be13abe462a056afdeab24e08a30"}
,"/home/ervan/Documents/Hacktiv8/Phase_3/smartHome/frontend/store/sensors/sensor.actionType.js": {"path":"/home/ervan/Documents/Hacktiv8/Phase_3/smartHome/frontend/store/sensors/sensor.actionType.js","statementMap":{"0":{"start":{"line":1,"column":41},"end":{"line":1,"column":68}},"1":{"start":{"line":2,"column":41},"end":{"line":2,"column":68}},"2":{"start":{"line":3,"column":36},"end":{"line":3,"column":58}},"3":{"start":{"line":4,"column":35},"end":{"line":4,"column":56}},"4":{"start":{"line":5,"column":34},"end":{"line":5,"column":54}}},"fnMap":{},"branchMap":{},"s":{"0":14,"1":14,"2":14,"3":14,"4":14},"f":{},"b":{},"_coverageSchema":"332fd63041d2c1bcb487cc26dd0d5f7d97098a6c","hash":"8bf459d42e4ccd5d531902639f8cba6eca683bc2"}
,"/home/ervan/Documents/Hacktiv8/Phase_3/smartHome/frontend/store/sensors/sensor.actions.js": {"path":"/home/ervan/Documents/Hacktiv8/Phase_3/smartHome/frontend/store/sensors/sensor.actions.js","statementMap":{"0":{"start":{"line":12,"column":31},"end":{"line":26,"column":1}},"1":{"start":{"line":28,"column":34},"end":{"line":42,"column":1}},"2":{"start":{"line":45,"column":30},"end":{"line":58,"column":1}},"3":{"start":{"line":46,"column":2},"end":{"line":57,"column":3}},"4":{"start":{"line":60,"column":29},"end":{"line":70,"column":1}},"5":{"start":{"line":61,"column":2},"end":{"line":69,"column":3}},"6":{"start":{"line":62,"column":4},"end":{"line":62,"column":52}},"7":{"start":{"line":63,"column":4},"end":{"line":63,"column":54}},"8":{"start":{"line":64,"column":4},"end":{"line":68,"column":8}},"9":{"start":{"line":72,"column":31},"end":{"line":75,"column":2}},"10":{"start":{"line":72,"column":45},"end":{"line":75,"column":1}},"11":{"start":{"line":77,"column":31},"end":{"line":79,"column":2}},"12":{"start":{"line":77,"column":38},"end":{"line":79,"column":1}},"13":{"start":{"line":81,"column":34},"end":{"line":83,"column":2}},"14":{"start":{"line":81,"column":41},"end":{"line":83,"column":1}},"15":{"start":{"line":85,"column":26},"end":{"line":87,"column":2}},"16":{"start":{"line":85,"column":33},"end":{"line":87,"column":1}},"17":{"start":{"line":89,"column":25},"end":{"line":91,"column":2}},"18":{"start":{"line":89,"column":32},"end":{"line":91,"column":1}}},"fnMap":{"0":{"name":"(anonymous_0)","decl":{"start":{"line":12,"column":31},"end":{"line":12,"column":32}},"loc":{"start":{"line":12,"column":37},"end":{"line":26,"column":1}},"line":12},"1":{"name":"(anonymous_1)","decl":{"start":{"line":28,"column":34},"end":{"line":28,"column":35}},"loc":{"start":{"line":28,"column":47},"end":{"line":42,"column":1}},"line":28},"2":{"name":"(anonymous_2)","decl":{"start":{"line":45,"column":30},"end":{"line":45,"column":31}},"loc":{"start":{"line":45,"column":36},"end":{"line":58,"column":1}},"line":45},"3":{"name":"(anonymous_3)","decl":{"start":{"line":46,"column":9},"end":{"line":46,"column":10}},"loc":{"start":{"line":46,"column":21},"end":{"line":57,"column":3}},"line":46},"4":{"name":"(anonymous_4)","decl":{"start":{"line":60,"column":29},"end":{"line":60,"column":30}},"loc":{"start":{"line":60,"column":35},"end":{"line":70,"column":1}},"line":60},"5":{"name":"(anonymous_5)","decl":{"start":{"line":61,"column":9},"end":{"line":61,"column":10}},"loc":{"start":{"line":61,"column":21},"end":{"line":69,"column":3}},"line":61},"6":{"name":"(anonymous_6)","decl":{"start":{"line":65,"column":12},"end":{"line":65,"column":13}},"loc":{"start":{"line":65,"column":18},"end":{"line":68,"column":7}},"line":65},"7":{"name":"(anonymous_7)","decl":{"start":{"line":72,"column":31},"end":{"line":72,"column":32}},"loc":{"start":{"line":72,"column":45},"end":{"line":75,"column":1}},"line":72},"8":{"name":"(anonymous_8)","decl":{"start":{"line":77,"column":31},"end":{"line":77,"column":32}},"loc":{"start":{"line":77,"column":38},"end":{"line":79,"column":1}},"line":77},"9":{"name":"(anonymous_9)","decl":{"start":{"line":81,"column":34},"end":{"line":81,"column":35}},"loc":{"start":{"line":81,"column":41},"end":{"line":83,"column":1}},"line":81},"10":{"name":"(anonymous_10)","decl":{"start":{"line":85,"column":26},"end":{"line":85,"column":27}},"loc":{"start":{"line":85,"column":33},"end":{"line":87,"column":1}},"line":85},"11":{"name":"(anonymous_11)","decl":{"start":{"line":89,"column":25},"end":{"line":89,"column":26}},"loc":{"start":{"line":89,"column":32},"end":{"line":91,"column":1}},"line":89}},"branchMap":{},"s":{"0":14,"1":14,"2":14,"3":1,"4":14,"5":1,"6":1,"7":1,"8":1,"9":14,"10":0,"11":14,"12":0,"13":14,"14":0,"15":14,"16":0,"17":14,"18":0},"f":{"0":0,"1":0,"2":1,"3":0,"4":1,"5":1,"6":0,"7":0,"8":0,"9":0,"10":0,"11":0},"b":{},"_coverageSchema":"332fd63041d2c1bcb487cc26dd0d5f7d97098a6c","hash":"8499fadab9d8eca689b1e30ca1389a892642dc59"}
,"/home/ervan/Documents/Hacktiv8/Phase_3/smartHome/frontend/store/sensors/sensor.reducers.js": {"path":"/home/ervan/Documents/Hacktiv8/Phase_3/smartHome/frontend/store/sensors/sensor.reducers.js","statementMap":{"0":{"start":{"line":10,"column":21},"end":{"line":17,"column":1}},"1":{"start":{"line":19,"column":17},"end":{"line":47,"column":1}},"2":{"start":{"line":20,"column":2},"end":{"line":46,"column":3}},"3":{"start":{"line":22,"column":6},"end":{"line":26,"column":7}},"4":{"start":{"line":28,"column":6},"end":{"line":31,"column":7}},"5":{"start":{"line":33,"column":6},"end":{"line":35,"column":7}},"6":{"start":{"line":37,"column":6},"end":{"line":39,"column":7}},"7":{"start":{"line":41,"column":6},"end":{"line":43,"column":7}},"8":{"start":{"line":45,"column":6},"end":{"line":45,"column":18}}},"fnMap":{"0":{"name":"(anonymous_0)","decl":{"start":{"line":19,"column":17},"end":{"line":19,"column":18}},"loc":{"start":{"line":19,"column":49},"end":{"line":47,"column":1}},"line":19}},"branchMap":{"0":{"loc":{"start":{"line":19,"column":18},"end":{"line":19,"column":36}},"type":"default-arg","locations":[{"start":{"line":19,"column":24},"end":{"line":19,"column":36}}],"line":19},"1":{"loc":{"start":{"line":20,"column":2},"end":{"line":46,"column":3}},"type":"switch","locations":[{"start":{"line":21,"column":4},"end":{"line":26,"column":7}},{"start":{"line":27,"column":4},"end":{"line":31,"column":7}},{"start":{"line":32,"column":4},"end":{"line":35,"column":7}},{"start":{"line":36,"column":4},"end":{"line":39,"column":7}},{"start":{"line":40,"column":4},"end":{"line":43,"column":7}},{"start":{"line":44,"column":4},"end":{"line":45,"column":18}}],"line":20}},"s":{"0":13,"1":13,"2":39,"3":1,"4":1,"5":1,"6":1,"7":1,"8":34},"f":{"0":39},"b":{"0":[34],"1":[1,1,1,1,1,34]},"_coverageSchema":"332fd63041d2c1bcb487cc26dd0d5f7d97098a6c","hash":"d05b8c9b23c6c16471f6f044b73436d01e19201d"}
,"/home/ervan/Documents/Hacktiv8/Phase_3/smartHome/frontend/store/userData/userData.actionType.js": {"path":"/home/ervan/Documents/Hacktiv8/Phase_3/smartHome/frontend/store/userData/userData.actionType.js","statementMap":{"0":{"start":{"line":1,"column":31},"end":{"line":1,"column":48}},"1":{"start":{"line":2,"column":39},"end":{"line":2,"column":64}},"2":{"start":{"line":3,"column":37},"end":{"line":3,"column":60}}},"fnMap":{},"branchMap":{},"s":{"0":14,"1":14,"2":14},"f":{},"b":{},"_coverageSchema":"332fd63041d2c1bcb487cc26dd0d5f7d97098a6c","hash":"be96bcc1326f4f5c04bcd1a221629f8b79c63022"}
,"/home/ervan/Documents/Hacktiv8/Phase_3/smartHome/frontend/store/userData/userData.actions.js": {"path":"/home/ervan/Documents/Hacktiv8/Phase_3/smartHome/frontend/store/userData/userData.actions.js","statementMap":{"0":{"start":{"line":9,"column":26},"end":{"line":19,"column":1}},"1":{"start":{"line":10,"column":2},"end":{"line":18,"column":3}},"2":{"start":{"line":11,"column":4},"end":{"line":11,"column":36}},"3":{"start":{"line":12,"column":4},"end":{"line":12,"column":37}},"4":{"start":{"line":13,"column":4},"end":{"line":17,"column":6}},"5":{"start":{"line":14,"column":6},"end":{"line":16,"column":7}},"6":{"start":{"line":15,"column":8},"end":{"line":15,"column":51}},"7":{"start":{"line":21,"column":30},"end":{"line":23,"column":1}},"8":{"start":{"line":22,"column":2},"end":{"line":22,"column":92}},"9":{"start":{"line":25,"column":29},"end":{"line":30,"column":1}},"10":{"start":{"line":26,"column":2},"end":{"line":29,"column":3}},"11":{"start":{"line":32,"column":29},"end":{"line":34,"column":2}},"12":{"start":{"line":32,"column":36},"end":{"line":34,"column":1}},"13":{"start":{"line":36,"column":27},"end":{"line":38,"column":2}},"14":{"start":{"line":36,"column":34},"end":{"line":38,"column":1}}},"fnMap":{"0":{"name":"(anonymous_0)","decl":{"start":{"line":9,"column":26},"end":{"line":9,"column":27}},"loc":{"start":{"line":9,"column":39},"end":{"line":19,"column":1}},"line":9},"1":{"name":"(anonymous_1)","decl":{"start":{"line":10,"column":9},"end":{"line":10,"column":10}},"loc":{"start":{"line":10,"column":21},"end":{"line":18,"column":3}},"line":10},"2":{"name":"(anonymous_2)","decl":{"start":{"line":13,"column":20},"end":{"line":13,"column":21}},"loc":{"start":{"line":13,"column":30},"end":{"line":17,"column":5}},"line":13},"3":{"name":"(anonymous_3)","decl":{"start":{"line":21,"column":30},"end":{"line":21,"column":31}},"loc":{"start":{"line":21,"column":43},"end":{"line":23,"column":1}},"line":21},"4":{"name":"(anonymous_4)","decl":{"start":{"line":25,"column":29},"end":{"line":25,"column":30}},"loc":{"start":{"line":25,"column":42},"end":{"line":30,"column":1}},"line":25},"5":{"name":"(anonymous_5)","decl":{"start":{"line":32,"column":29},"end":{"line":32,"column":30}},"loc":{"start":{"line":32,"column":36},"end":{"line":34,"column":1}},"line":32},"6":{"name":"(anonymous_6)","decl":{"start":{"line":36,"column":27},"end":{"line":36,"column":28}},"loc":{"start":{"line":36,"column":34},"end":{"line":38,"column":1}},"line":36}},"branchMap":{"0":{"loc":{"start":{"line":14,"column":6},"end":{"line":16,"column":7}},"type":"if","locations":[{"start":{"line":14,"column":6},"end":{"line":16,"column":7}},{"start":{"line":14,"column":6},"end":{"line":16,"column":7}}],"line":14}},"s":{"0":2,"1":1,"2":1,"3":1,"4":1,"5":1,"6":0,"7":2,"8":0,"9":2,"10":0,"11":2,"12":1,"13":2,"14":0},"f":{"0":1,"1":1,"2":1,"3":0,"4":0,"5":1,"6":0},"b":{"0":[0,0]},"_coverageSchema":"332fd63041d2c1bcb487cc26dd0d5f7d97098a6c","hash":"c37231ae0220a7027669cc4c079b540c312c6056"}
,"/home/ervan/Documents/Hacktiv8/Phase_3/smartHome/frontend/store/userData/userData.reducers.js": {"path":"/home/ervan/Documents/Hacktiv8/Phase_3/smartHome/frontend/store/userData/userData.reducers.js","statementMap":{"0":{"start":{"line":7,"column":21},"end":{"line":15,"column":1}},"1":{"start":{"line":17,"column":17},"end":{"line":39,"column":1}},"2":{"start":{"line":18,"column":2},"end":{"line":38,"column":3}},"3":{"start":{"line":20,"column":6},"end":{"line":24,"column":7}},"4":{"start":{"line":26,"column":6},"end":{"line":29,"column":7}},"5":{"start":{"line":31,"column":6},"end":{"line":35,"column":7}},"6":{"start":{"line":37,"column":6},"end":{"line":37,"column":18}}},"fnMap":{"0":{"name":"(anonymous_0)","decl":{"start":{"line":17,"column":17},"end":{"line":17,"column":18}},"loc":{"start":{"line":17,"column":49},"end":{"line":39,"column":1}},"line":17}},"branchMap":{"0":{"loc":{"start":{"line":17,"column":18},"end":{"line":17,"column":36}},"type":"default-arg","locations":[{"start":{"line":17,"column":24},"end":{"line":17,"column":36}}],"line":17},"1":{"loc":{"start":{"line":18,"column":2},"end":{"line":38,"column":3}},"type":"switch","locations":[{"start":{"line":19,"column":4},"end":{"line":24,"column":8}},{"start":{"line":25,"column":4},"end":{"line":29,"column":7}},{"start":{"line":30,"column":4},"end":{"line":35,"column":7}},{"start":{"line":36,"column":4},"end":{"line":37,"column":18}}],"line":18}},"s":{"0":12,"1":12,"2":36,"3":1,"4":1,"5":1,"6":33},"f":{"0":36},"b":{"0":[33],"1":[1,1,1,33]},"_coverageSchema":"332fd63041d2c1bcb487cc26dd0d5f7d97098a6c","hash":"344a1b1047c29d53886f6c924906f5af5d08df22"}
}
