TN:
SF:/home/ervan/Documents/Hacktiv8/Phase_3/smartHome/frontend/App.js
FN:29,(anonymous_0)
FN:72,(anonymous_1)
FN:75,(anonymous_2)
FN:81,(anonymous_3)
FN:206,(anonymous_4)
FNF:5
FNH:1
FNDA:0,(anonymous_0)
FNDA:0,(anonymous_1)
FNDA:0,(anonymous_2)
FNDA:0,(anonymous_3)
FNDA:1,(anonymous_4)
DA:20,1
DA:29,1
DA:30,0
DA:48,1
DA:69,1
DA:72,0
DA:75,0
DA:81,0
DA:126,1
DA:182,1
DA:207,1
LF:11
LH:7
BRF:0
BRH:0
end_of_record
TN:
SF:/home/ervan/Documents/Hacktiv8/Phase_3/smartHome/frontend/components/AlarmType.js
FN:6,(anonymous_0)
FNF:1
FNH:0
FNDA:0,(anonymous_0)
DA:7,0
DA:24,1
LF:2
LH:1
BRDA:8,0,0,0
BRDA:8,0,1,0
BRDA:11,1,0,0
BRDA:11,1,1,0
BRDA:15,2,0,0
BRDA:15,2,1,0
BRF:6
BRH:0
end_of_record
TN:
SF:/home/ervan/Documents/Hacktiv8/Phase_3/smartHome/frontend/components/Bell.js
FN:6,(anonymous_0)
FN:20,(anonymous_1)
FN:36,mapStateToProps
FN:43,mapDispatchToProps
FNF:4
FNH:0
FNDA:0,(anonymous_0)
FNDA:0,(anonymous_1)
FNDA:0,mapStateToProps
FNDA:0,mapDispatchToProps
DA:7,0
DA:8,0
DA:9,0
DA:10,0
DA:11,0
DA:12,0
DA:14,0
DA:17,0
DA:21,0
DA:22,0
DA:37,0
DA:44,0
DA:52,1
LF:13
LH:1
BRDA:11,0,0,0
BRDA:11,0,1,0
BRDA:26,1,0,0
BRDA:26,1,1,0
BRF:4
BRH:0
end_of_record
TN:
SF:/home/ervan/Documents/Hacktiv8/Phase_3/smartHome/frontend/components/Bullet.js
FN:6,(anonymous_0)
FN:10,(anonymous_1)
FNF:2
FNH:0
FNDA:0,(anonymous_0)
FNDA:0,(anonymous_1)
DA:7,0
DA:10,0
DA:20,1
LF:3
LH:1
BRDA:10,0,0,0
BRDA:10,0,1,0
BRF:2
BRH:0
end_of_record
TN:
SF:/home/ervan/Documents/Hacktiv8/Phase_3/smartHome/frontend/components/CardTitle.js
FN:5,(anonymous_0)
FNF:1
FNH:0
FNDA:0,(anonymous_0)
DA:6,0
DA:19,1
LF:2
LH:1
BRF:0
BRH:0
end_of_record
TN:
SF:/home/ervan/Documents/Hacktiv8/Phase_3/smartHome/frontend/components/Cctv.js
FN:5,(anonymous_0)
FNF:1
FNH:0
FNDA:0,(anonymous_0)
DA:6,0
DA:19,1
LF:2
LH:1
BRF:0
BRH:0
end_of_record
TN:
SF:/home/ervan/Documents/Hacktiv8/Phase_3/smartHome/frontend/components/Drawer.js
FN:5,(anonymous_0)
FNF:1
FNH:0
FNDA:0,(anonymous_0)
DA:6,0
DA:14,1
LF:2
LH:1
BRF:0
BRH:0
end_of_record
TN:
SF:/home/ervan/Documents/Hacktiv8/Phase_3/smartHome/frontend/components/ForgotText.js
FN:5,(anonymous_0)
FNF:1
FNH:0
FNDA:0,(anonymous_0)
DA:6,0
DA:14,1
LF:2
LH:1
BRF:0
BRH:0
end_of_record
TN:
SF:/home/ervan/Documents/Hacktiv8/Phase_3/smartHome/frontend/components/InputErrorText.js
FN:5,(anonymous_0)
FNF:1
FNH:0
FNDA:0,(anonymous_0)
DA:6,0
DA:14,1
LF:2
LH:1
BRF:0
BRH:0
end_of_record
TN:
SF:/home/ervan/Documents/Hacktiv8/Phase_3/smartHome/frontend/components/InputTextForm.js
FN:5,(anonymous_0)
FN:13,(anonymous_1)
FNF:2
FNH:0
FNDA:0,(anonymous_0)
FNDA:0,(anonymous_1)
DA:6,0
DA:10,0
DA:14,0
DA:33,1
LF:4
LH:1
BRDA:16,0,0,0
BRDA:16,0,1,0
BRDA:18,1,0,0
BRDA:18,1,1,0
BRDA:21,2,0,0
BRDA:21,2,1,0
BRF:6
BRH:0
end_of_record
TN:
SF:/home/ervan/Documents/Hacktiv8/Phase_3/smartHome/frontend/components/Keypad.js
FN:6,(anonymous_0)
FN:9,(anonymous_1)
FN:10,(anonymous_2)
FN:11,(anonymous_3)
FN:12,(anonymous_4)
FN:13,(anonymous_5)
FN:14,(anonymous_6)
FN:15,(anonymous_7)
FN:16,(anonymous_8)
FN:17,(anonymous_9)
FN:19,(anonymous_10)
FN:20,(anonymous_11)
FNF:12
FNH:0
FNDA:0,(anonymous_0)
FNDA:0,(anonymous_1)
FNDA:0,(anonymous_2)
FNDA:0,(anonymous_3)
FNDA:0,(anonymous_4)
FNDA:0,(anonymous_5)
FNDA:0,(anonymous_6)
FNDA:0,(anonymous_7)
FNDA:0,(anonymous_8)
FNDA:0,(anonymous_9)
FNDA:0,(anonymous_10)
FNDA:0,(anonymous_11)
DA:7,0
DA:9,0
DA:10,0
DA:11,0
DA:12,0
DA:13,0
DA:14,0
DA:15,0
DA:16,0
DA:17,0
DA:19,0
DA:20,0
DA:26,1
LF:13
LH:1
BRF:0
BRH:0
end_of_record
TN:
SF:/home/ervan/Documents/Hacktiv8/Phase_3/smartHome/frontend/components/LogoHead.js
FN:5,(anonymous_0)
FNF:1
FNH:0
FNDA:0,(anonymous_0)
DA:6,0
DA:14,1
LF:2
LH:1
BRF:0
BRH:0
end_of_record
TN:
SF:/home/ervan/Documents/Hacktiv8/Phase_3/smartHome/frontend/components/Member.js
FN:6,(anonymous_0)
FNF:1
FNH:0
FNDA:0,(anonymous_0)
DA:7,0
DA:8,0
DA:25,1
LF:3
LH:1
BRF:0
BRH:0
end_of_record
TN:
SF:/home/ervan/Documents/Hacktiv8/Phase_3/smartHome/frontend/components/MonitorType.js
FN:8,(anonymous_0)
FNF:1
FNH:0
FNDA:0,(anonymous_0)
DA:9,0
DA:26,1
LF:2
LH:1
BRDA:15,0,0,0
BRDA:15,0,1,0
BRDA:17,1,0,0
BRDA:17,1,1,0
BRF:4
BRH:0
end_of_record
TN:
SF:/home/ervan/Documents/Hacktiv8/Phase_3/smartHome/frontend/components/NewMonitor.js
FN:6,(anonymous_0)
FNF:1
FNH:0
FNDA:0,(anonymous_0)
DA:7,0
DA:30,1
LF:2
LH:1
BRDA:12,0,0,0
BRDA:12,0,1,0
BRDA:13,1,0,0
BRDA:13,1,1,0
BRDA:17,2,0,0
BRDA:17,2,1,0
BRDA:18,3,0,0
BRDA:18,3,1,0
BRDA:21,4,0,0
BRDA:21,4,1,0
BRF:10
BRH:0
end_of_record
TN:
SF:/home/ervan/Documents/Hacktiv8/Phase_3/smartHome/frontend/components/NewUserForm.js
FN:11,(anonymous_0)
FN:38,mapStateToProps
FN:46,(anonymous_2)
FNF:3
FNH:0
FNDA:0,(anonymous_0)
FNDA:0,mapStateToProps
FNDA:0,(anonymous_2)
DA:12,0
DA:39,0
DA:46,1
LF:3
LH:1
BRF:0
BRH:0
end_of_record
TN:
SF:/home/ervan/Documents/Hacktiv8/Phase_3/smartHome/frontend/components/NotificationCard.footer.js
FN:5,(anonymous_0)
FNF:1
FNH:0
FNDA:0,(anonymous_0)
DA:6,0
DA:19,1
LF:2
LH:1
BRF:0
BRH:0
end_of_record
TN:
SF:/home/ervan/Documents/Hacktiv8/Phase_3/smartHome/frontend/components/NotificationCard.js
FN:10,(anonymous_0)
FN:26,(anonymous_1)
FNF:2
FNH:0
FNDA:0,(anonymous_0)
FNDA:0,(anonymous_1)
DA:11,0
DA:12,0
DA:13,0
DA:26,0
DA:33,1
LF:5
LH:1
BRDA:19,0,0,0
BRDA:19,0,1,0
BRF:2
BRH:0
end_of_record
TN:
SF:/home/ervan/Documents/Hacktiv8/Phase_3/smartHome/frontend/components/PinText.js
FN:5,(anonymous_0)
FNF:1
FNH:0
FNDA:0,(anonymous_0)
DA:6,0
DA:14,1
LF:2
LH:1
BRF:0
BRH:0
end_of_record
TN:
SF:/home/ervan/Documents/Hacktiv8/Phase_3/smartHome/frontend/components/SwitchType.js
FN:10,(anonymous_0)
FN:37,(anonymous_1)
FN:89,mapStateToProps
FN:96,mapDispatchToProps
FN:98,(anonymous_4)
FNF:5
FNH:0
FNDA:0,(anonymous_0)
FNDA:0,(anonymous_1)
FNDA:0,mapStateToProps
FNDA:0,mapDispatchToProps
FNDA:0,(anonymous_4)
DA:11,0
DA:37,0
DA:45,1
DA:90,0
DA:97,0
DA:98,0
LF:6
LH:1
BRDA:18,0,0,0
BRDA:18,0,1,0
BRDA:20,1,0,0
BRDA:20,1,1,0
BRDA:23,2,0,0
BRDA:23,2,1,0
BRDA:29,3,0,0
BRDA:29,3,1,0
BRDA:35,4,0,0
BRDA:35,4,1,0
BRDA:37,5,0,0
BRDA:37,5,1,0
BRF:12
BRH:0
end_of_record
TN:
SF:/home/ervan/Documents/Hacktiv8/Phase_3/smartHome/frontend/components/TopCardTitle.js
FN:5,(anonymous_0)
FNF:1
FNH:0
FNDA:0,(anonymous_0)
DA:6,0
DA:19,1
LF:2
LH:1
BRF:0
BRH:0
end_of_record
TN:
SF:/home/ervan/Documents/Hacktiv8/Phase_3/smartHome/frontend/components/TouchAbleImage.js
FN:5,(anonymous_0)
FNF:1
FNH:0
FNDA:0,(anonymous_0)
DA:6,0
DA:7,0
DA:19,1
LF:3
LH:1
BRF:0
BRH:0
end_of_record
TN:
SF:/home/ervan/Documents/Hacktiv8/Phase_3/smartHome/frontend/components/TouchAbleText.js
FN:5,(anonymous_0)
FNF:1
FNH:0
FNDA:0,(anonymous_0)
DA:6,0
DA:15,1
LF:2
LH:1
BRF:0
BRH:0
end_of_record
TN:
SF:/home/ervan/Documents/Hacktiv8/Phase_3/smartHome/frontend/components/assets/controlar.png
FNF:0
FNH:0
DA:1,1
LF:1
LH:1
BRF:0
BRH:0
end_of_record
TN:
SF:/home/ervan/Documents/Hacktiv8/Phase_3/smartHome/frontend/components/assets/fortaleza.png
FNF:0
FNH:0
DA:1,1
LF:1
LH:1
BRF:0
BRH:0
end_of_record
TN:
SF:/home/ervan/Documents/Hacktiv8/Phase_3/smartHome/frontend/components/assets/libros.png
FNF:0
FNH:0
DA:1,1
LF:1
LH:1
BRF:0
BRH:0
end_of_record
TN:
SF:/home/ervan/Documents/Hacktiv8/Phase_3/smartHome/frontend/components/assets/salida.png
FNF:0
FNH:0
DA:1,1
LF:1
LH:1
BRF:0
BRH:0
end_of_record
TN:
SF:/home/ervan/Documents/Hacktiv8/Phase_3/smartHome/frontend/components/assets/singleusuario.png
FNF:0
FNH:0
DA:1,1
LF:1
LH:1
BRF:0
BRH:0
end_of_record
TN:
SF:/home/ervan/Documents/Hacktiv8/Phase_3/smartHome/frontend/components/assets/usuarios.png
FNF:0
FNH:0
DA:1,1
LF:1
LH:1
BRF:0
BRH:0
end_of_record
TN:
SF:/home/ervan/Documents/Hacktiv8/Phase_3/smartHome/frontend/components/status/CO2Status.js
FN:5,(anonymous_0)
FNF:1
FNH:0
FNDA:0,(anonymous_0)
DA:6,0
DA:19,1
LF:2
LH:1
BRDA:10,0,0,0
BRDA:10,0,1,0
BRF:2
BRH:0
end_of_record
TN:
SF:/home/ervan/Documents/Hacktiv8/Phase_3/smartHome/frontend/components/status/DoorStatus.js
FN:5,(anonymous_0)
FNF:1
FNH:0
FNDA:0,(anonymous_0)
DA:6,0
DA:19,1
LF:2
LH:1
BRDA:10,0,0,0
BRDA:10,0,1,0
BRF:2
BRH:0
end_of_record
TN:
SF:/home/ervan/Documents/Hacktiv8/Phase_3/smartHome/frontend/components/status/GarageStatus.js
FN:5,(anonymous_0)
FNF:1
FNH:0
FNDA:0,(anonymous_0)
DA:6,0
DA:19,1
LF:2
LH:1
BRDA:10,0,0,0
BRDA:10,0,1,0
BRF:2
BRH:0
end_of_record
TN:
SF:/home/ervan/Documents/Hacktiv8/Phase_3/smartHome/frontend/firebase/firebase.js
FNF:0
FNH:0
DA:2,5
DA:10,5
DA:11,5
LF:3
LH:3
BRF:0
BRH:0
end_of_record
TN:
SF:/home/ervan/Documents/Hacktiv8/Phase_3/smartHome/frontend/helpers/date.helper.js
FN:5,(anonymous_0)
FNF:1
FNH:0
FNDA:0,(anonymous_0)
DA:1,1
DA:5,1
DA:6,0
DA:7,0
DA:8,0
DA:9,0
DA:10,0
DA:11,0
DA:12,0
DA:13,0
DA:14,0
DA:15,0
DA:16,0
LF:13
LH:2
BRDA:9,0,0,0
BRDA:9,0,1,0
BRDA:11,1,0,0
BRDA:11,1,1,0
BRDA:12,2,0,0
BRDA:12,2,1,0
BRF:6
BRH:0
end_of_record
TN:
SF:/home/ervan/Documents/Hacktiv8/Phase_3/smartHome/frontend/helpers/formInput.helper.js
FN:3,(anonymous_0)
FN:23,(anonymous_1)
FN:35,(anonymous_2)
FNF:3
FNH:0
FNDA:0,(anonymous_0)
FNDA:0,(anonymous_1)
FNDA:0,(anonymous_2)
DA:3,1
DA:4,0
DA:5,0
DA:6,0
DA:7,0
DA:8,0
DA:10,0
DA:13,0
DA:16,0
DA:19,0
DA:23,1
DA:24,0
DA:25,0
DA:26,0
DA:28,0
DA:31,0
DA:35,1
DA:36,0
DA:37,0
LF:19
LH:3
BRDA:4,0,0,0
BRDA:4,0,1,0
BRDA:5,1,0,0
BRDA:5,1,1,0
BRDA:6,2,0,0
BRDA:6,2,1,0
BRDA:7,3,0,0
BRDA:7,3,1,0
BRDA:24,4,0,0
BRDA:24,4,1,0
BRDA:25,5,0,0
BRDA:25,5,1,0
BRF:12
BRH:0
end_of_record
TN:
SF:/home/ervan/Documents/Hacktiv8/Phase_3/smartHome/frontend/helpers/hash.helper.js
FN:1,(anonymous_0)
FN:1,(anonymous_1)
FN:1,(anonymous_2)
FN:1,(anonymous_3)
FNF:4
FNH:4
FNDA:1,(anonymous_0)
FNDA:5,(anonymous_1)
FNDA:1,(anonymous_2)
FNDA:5,(anonymous_3)
DA:1,30
LF:1
LH:1
BRDA:1,0,0,0
BRDA:1,0,1,2
BRDA:1,1,0,0
BRDA:1,1,1,2
BRDA:1,2,0,10
BRDA:1,2,1,0
BRDA:1,3,0,10
BRDA:1,3,1,0
BRDA:1,4,0,6
BRDA:1,4,1,0
BRDA:1,5,0,0
BRDA:1,5,1,0
BRDA:1,6,0,0
BRDA:1,6,1,0
BRDA:1,7,0,30
BRDA:1,7,1,0
BRDA:1,8,0,0
BRDA:1,8,1,0
BRDA:1,9,0,0
BRDA:1,9,1,0
BRF:20
BRH:6
end_of_record
TN:
SF:/home/ervan/Documents/Hacktiv8/Phase_3/smartHome/frontend/helpers/notification.helper.js
FN:6,(anonymous_0)
FN:11,(anonymous_1)
FNF:2
FNH:0
FNDA:0,(anonymous_0)
FNDA:0,(anonymous_1)
DA:1,1
DA:3,1
DA:7,0
DA:12,0
LF:4
LH:2
BRF:0
BRH:0
end_of_record
TN:
SF:/home/ervan/Documents/Hacktiv8/Phase_3/smartHome/frontend/screens/About.js
FN:5,(anonymous_0)
FN:10,(anonymous_1)
FN:13,(anonymous_2)
FN:22,(anonymous_3)
FN:26,(anonymous_4)
FNF:5
FNH:0
FNDA:0,(anonymous_0)
FNDA:0,(anonymous_1)
FNDA:0,(anonymous_2)
FNDA:0,(anonymous_3)
FNDA:0,(anonymous_4)
DA:6,0
DA:7,0
DA:11,0
DA:14,0
DA:15,0
DA:22,0
DA:27,0
DA:31,0
DA:157,1
LF:9
LH:1
BRF:0
BRH:0
end_of_record
TN:
SF:/home/ervan/Documents/Hacktiv8/Phase_3/smartHome/frontend/screens/AddNewUser.js
FN:14,(anonymous_0)
FN:32,(anonymous_1)
FN:38,(anonymous_2)
FN:66,(anonymous_3)
FN:93,mapStateToProps
FN:103,(anonymous_5)
FNF:6
FNH:0
FNDA:0,(anonymous_0)
FNDA:0,(anonymous_1)
FNDA:0,(anonymous_2)
FNDA:0,(anonymous_3)
FNDA:0,mapStateToProps
FNDA:0,(anonymous_5)
DA:15,0
DA:23,0
DA:24,0
DA:25,0
DA:26,0
DA:28,0
DA:33,0
DA:34,0
DA:39,0
DA:67,0
DA:73,1
DA:94,0
DA:103,1
LF:13
LH:2
BRDA:24,0,0,0
BRDA:24,0,1,0
BRDA:33,1,0,0
BRDA:33,1,1,0
BRF:4
BRH:0
end_of_record
TN:
SF:/home/ervan/Documents/Hacktiv8/Phase_3/smartHome/frontend/screens/CreateNewHome.js
FN:15,(anonymous_0)
FN:41,(anonymous_1)
FN:47,(anonymous_2)
FN:83,(anonymous_3)
FN:109,mapStateToProps
FN:120,(anonymous_5)
FNF:6
FNH:0
FNDA:0,(anonymous_0)
FNDA:0,(anonymous_1)
FNDA:0,(anonymous_2)
FNDA:0,(anonymous_3)
FNDA:0,mapStateToProps
FNDA:0,(anonymous_5)
DA:16,0
DA:32,0
DA:33,0
DA:34,0
DA:35,0
DA:37,0
DA:42,0
DA:43,0
DA:48,0
DA:84,0
DA:89,1
DA:110,0
DA:120,1
LF:13
LH:2
BRDA:33,0,0,0
BRDA:33,0,1,0
BRDA:42,1,0,0
BRDA:42,1,1,0
BRF:4
BRH:0
end_of_record
TN:
SF:/home/ervan/Documents/Hacktiv8/Phase_3/smartHome/frontend/screens/Dashboard.js
FN:20,(anonymous_0)
FN:38,(anonymous_1)
FN:38,(anonymous_2)
FN:53,(anonymous_3)
FN:59,(anonymous_4)
FN:80,mapStateToProps
FN:90,mapDispatchToProps
FN:92,(anonymous_7)
FN:93,(anonymous_8)
FNF:9
FNH:0
FNDA:0,(anonymous_0)
FNDA:0,(anonymous_1)
FNDA:0,(anonymous_2)
FNDA:0,(anonymous_3)
FNDA:0,(anonymous_4)
FNDA:0,mapStateToProps
FNDA:0,mapDispatchToProps
FNDA:0,(anonymous_7)
FNDA:0,(anonymous_8)
DA:1,1
DA:21,0
DA:38,0
DA:54,0
DA:55,0
DA:60,0
DA:61,0
DA:65,1
DA:81,0
DA:91,0
DA:92,0
DA:93,0
LF:12
LH:2
BRDA:40,0,0,0
BRDA:40,0,1,0
BRDA:54,1,0,0
BRDA:54,1,1,0
BRF:4
BRH:0
end_of_record
TN:
SF:/home/ervan/Documents/Hacktiv8/Phase_3/smartHome/frontend/screens/FullView.js
FN:6,(anonymous_0)
FNF:1
FNH:0
FNDA:0,(anonymous_0)
DA:7,0
DA:8,0
DA:31,1
LF:3
LH:1
BRF:0
BRH:0
end_of_record
TN:
SF:/home/ervan/Documents/Hacktiv8/Phase_3/smartHome/frontend/screens/Home.js
FN:20,(anonymous_0)
FN:26,(anonymous_1)
FN:39,(anonymous_2)
FN:54,(anonymous_3)
FN:67,(anonymous_4)
FN:69,(anonymous_5)
FN:69,(anonymous_6)
FN:71,(anonymous_7)
FN:91,(anonymous_8)
FN:99,(anonymous_9)
FN:100,(anonymous_10)
FN:120,mapStateToProps
FN:129,mapDispatchToProps
FN:131,(anonymous_13)
FN:132,(anonymous_14)
FN:133,(anonymous_15)
FNF:16
FNH:0
FNDA:0,(anonymous_0)
FNDA:0,(anonymous_1)
FNDA:0,(anonymous_2)
FNDA:0,(anonymous_3)
FNDA:0,(anonymous_4)
FNDA:0,(anonymous_5)
FNDA:0,(anonymous_6)
FNDA:0,(anonymous_7)
FNDA:0,(anonymous_8)
FNDA:0,(anonymous_9)
FNDA:0,(anonymous_10)
FNDA:0,mapStateToProps
FNDA:0,mapDispatchToProps
FNDA:0,(anonymous_13)
FNDA:0,(anonymous_14)
FNDA:0,(anonymous_15)
DA:21,0
DA:22,0
DA:27,0
DA:28,0
DA:29,0
DA:30,0
DA:34,0
DA:35,0
DA:37,0
DA:40,0
DA:41,0
DA:42,0
DA:43,0
DA:45,0
DA:47,0
DA:51,0
DA:55,0
DA:67,0
DA:69,0
DA:72,0
DA:91,0
DA:99,0
DA:100,0
DA:108,1
DA:121,0
DA:130,0
DA:131,0
DA:132,0
DA:133,0
LF:29
LH:1
BRDA:34,0,0,0
BRDA:34,0,1,0
BRDA:34,1,0,0
BRDA:34,1,1,0
BRDA:41,2,0,0
BRDA:41,2,1,0
BRDA:69,3,0,0
BRDA:69,3,1,0
BRDA:72,4,0,0
BRDA:72,4,1,0
BRF:10
BRH:0
end_of_record
TN:
SF:/home/ervan/Documents/Hacktiv8/Phase_3/smartHome/frontend/screens/HousePin.js
FN:11,(anonymous_0)
FN:24,(anonymous_1)
FN:39,(anonymous_2)
FN:45,(anonymous_3)
FN:47,(anonymous_4)
FN:47,(anonymous_5)
FN:49,(anonymous_6)
FN:67,(anonymous_7)
FN:68,(anonymous_8)
FN:75,(anonymous_9)
FN:99,mapStateToProps
FN:106,mapDispatchToProps
FN:108,(anonymous_12)
FNF:13
FNH:0
FNDA:0,(anonymous_0)
FNDA:0,(anonymous_1)
FNDA:0,(anonymous_2)
FNDA:0,(anonymous_3)
FNDA:0,(anonymous_4)
FNDA:0,(anonymous_5)
FNDA:0,(anonymous_6)
FNDA:0,(anonymous_7)
FNDA:0,(anonymous_8)
FNDA:0,(anonymous_9)
FNDA:0,mapStateToProps
FNDA:0,mapDispatchToProps
FNDA:0,(anonymous_12)
DA:12,0
DA:13,0
DA:14,0
DA:15,0
DA:19,0
DA:20,0
DA:22,0
DA:25,0
DA:26,0
DA:27,0
DA:28,0
DA:30,0
DA:32,0
DA:36,0
DA:40,0
DA:41,0
DA:45,0
DA:47,0
DA:50,0
DA:67,0
DA:68,0
DA:76,0
DA:81,1
DA:100,0
DA:107,0
DA:108,0
LF:26
LH:1
BRDA:19,0,0,0
BRDA:19,0,1,0
BRDA:19,1,0,0
BRDA:19,1,1,0
BRDA:26,2,0,0
BRDA:26,2,1,0
BRDA:40,3,0,0
BRDA:40,3,1,0
BRDA:47,4,0,0
BRDA:47,4,1,0
BRDA:50,5,0,0
BRDA:50,5,1,0
BRF:12
BRH:0
end_of_record
TN:
SF:/home/ervan/Documents/Hacktiv8/Phase_3/smartHome/frontend/screens/Logout.js
FN:10,(anonymous_0)
FN:21,(anonymous_1)
FN:42,mapDispatchToProps
FN:44,(anonymous_3)
FNF:4
FNH:0
FNDA:0,(anonymous_0)
FNDA:0,(anonymous_1)
FNDA:0,mapDispatchToProps
FNDA:0,(anonymous_3)
DA:11,0
DA:22,0
DA:23,0
DA:27,1
DA:43,0
DA:44,0
LF:6
LH:1
BRF:0
BRH:0
end_of_record
TN:
SF:/home/ervan/Documents/Hacktiv8/Phase_3/smartHome/frontend/screens/Members.js
FN:10,(anonymous_0)
FN:14,(anonymous_1)
FN:16,(anonymous_2)
FN:60,mapStateToProps
FNF:4
FNH:0
FNDA:0,(anonymous_0)
FNDA:0,(anonymous_1)
FNDA:0,(anonymous_2)
FNDA:0,mapStateToProps
DA:11,0
DA:14,0
DA:17,0
DA:18,0
DA:19,0
DA:20,0
DA:22,0
DA:42,1
DA:61,0
LF:9
LH:1
BRF:0
BRH:0
end_of_record
TN:
SF:/home/ervan/Documents/Hacktiv8/Phase_3/smartHome/frontend/screens/Notify.js
FN:10,(anonymous_0)
FN:13,(anonymous_1)
FN:17,(anonymous_2)
FN:19,(anonymous_3)
FN:34,(anonymous_4)
FN:40,(anonymous_5)
FN:106,mapStateToProps
FNF:7
FNH:0
FNDA:0,(anonymous_0)
FNDA:0,(anonymous_1)
FNDA:0,(anonymous_2)
FNDA:0,(anonymous_3)
FNDA:0,(anonymous_4)
FNDA:0,(anonymous_5)
FNDA:0,mapStateToProps
DA:11,0
DA:13,0
DA:17,0
DA:20,0
DA:35,0
DA:36,0
DA:41,0
DA:42,0
DA:46,1
DA:107,0
LF:10
LH:1
BRDA:35,0,0,0
BRDA:35,0,1,0
BRF:2
BRH:0
end_of_record
TN:
SF:/home/ervan/Documents/Hacktiv8/Phase_3/smartHome/frontend/screens/Splash.js
FN:19,(anonymous_0)
FN:33,(anonymous_1)
FN:57,mapStateToProps
FN:64,(anonymous_3)
FNF:4
FNH:4
FNDA:1,(anonymous_0)
FNDA:1,(anonymous_1)
FNDA:2,mapStateToProps
FNDA:1,(anonymous_3)
DA:20,1
DA:34,1
DA:35,1
DA:36,1
DA:37,1
DA:38,1
DA:42,1
DA:58,2
DA:64,1
LF:9
LH:9
BRDA:27,0,0,1
BRDA:27,0,1,0
BRF:2
BRH:1
end_of_record
TN:
SF:/home/ervan/Documents/Hacktiv8/Phase_3/smartHome/frontend/store/rootReducer.js
FNF:0
FNH:0
DA:14,1
LF:1
LH:1
BRF:0
BRH:0
end_of_record
TN:
SF:/home/ervan/Documents/Hacktiv8/Phase_3/smartHome/frontend/store/store.js
FNF:0
FNH:0
DA:6,1
LF:1
LH:1
BRF:0
BRH:0
end_of_record
TN:
SF:/home/ervan/Documents/Hacktiv8/Phase_3/smartHome/frontend/store/addNewUser/addNewUser.actionType.js
FNF:0
FNH:0
DA:1,3
DA:2,3
DA:3,3
DA:4,3
DA:5,3
LF:5
LH:5
BRF:0
BRH:0
end_of_record
TN:
SF:/home/ervan/Documents/Hacktiv8/Phase_3/smartHome/frontend/store/addNewUser/addNewUser.actions.js
FN:13,(anonymous_0)
FN:20,(anonymous_1)
FN:21,(anonymous_2)
FN:26,(anonymous_3)
FN:29,(anonymous_4)
FN:33,(anonymous_5)
FN:40,(anonymous_6)
FN:44,(anonymous_7)
FN:48,(anonymous_8)
FNF:9
FNH:5
FNDA:1,(anonymous_0)
FNDA:1,(anonymous_1)
FNDA:1,(anonymous_2)
FNDA:0,(anonymous_3)
FNDA:0,(anonymous_4)
FNDA:1,(anonymous_5)
FNDA:1,(anonymous_6)
FNDA:0,(anonymous_7)
FNDA:0,(anonymous_8)
DA:13,2
DA:14,1
DA:20,2
DA:21,1
DA:22,1
DA:23,1
DA:24,1
DA:25,1
DA:27,0
DA:29,0
DA:33,2
DA:34,1
DA:40,2
DA:44,2
DA:48,2
LF:15
LH:13
BRF:0
BRH:0
end_of_record
TN:
SF:/home/ervan/Documents/Hacktiv8/Phase_3/smartHome/frontend/store/addNewUser/addNewUser.reducers.js
FN:19,(anonymous_0)
FNF:1
FNH:1
FNDA:16,(anonymous_0)
DA:9,3
DA:19,3
DA:20,16
DA:22,4
DA:28,1
DA:33,1
DA:35,1
DA:41,1
DA:46,8
LF:9
LH:9
BRDA:19,0,0,3
BRDA:20,1,0,4
BRDA:20,1,1,1
BRDA:20,1,2,1
BRDA:20,1,3,1
BRDA:20,1,4,1
BRDA:20,1,5,8
BRF:7
BRH:7
end_of_record
TN:
SF:/home/ervan/Documents/Hacktiv8/Phase_3/smartHome/frontend/store/alarms/alarms.actionType.js
FNF:0
FNH:0
DA:1,3
DA:2,3
DA:3,3
LF:3
LH:3
BRF:0
BRH:0
end_of_record
TN:
SF:/home/ervan/Documents/Hacktiv8/Phase_3/smartHome/frontend/store/alarms/alarms.actions.js
FN:8,(anonymous_0)
FN:9,(anonymous_1)
FN:11,(anonymous_2)
FN:14,(anonymous_3)
FN:20,(anonymous_4)
FN:25,(anonymous_5)
FN:29,(anonymous_6)
FNF:7
FNH:3
FNDA:2,(anonymous_0)
FNDA:2,(anonymous_1)
FNDA:0,(anonymous_2)
FNDA:0,(anonymous_3)
FNDA:0,(anonymous_4)
FNDA:2,(anonymous_5)
FNDA:0,(anonymous_6)
DA:8,2
DA:9,2
DA:10,2
DA:11,2
DA:12,0
DA:13,0
DA:15,0
DA:20,2
DA:25,2
DA:29,2
LF:10
LH:7
BRF:0
BRH:0
end_of_record
TN:
SF:/home/ervan/Documents/Hacktiv8/Phase_3/smartHome/frontend/store/alarms/alarms.reducers.js
FN:13,(anonymous_0)
FNF:1
FNH:1
FNDA:13,(anonymous_0)
DA:7,2
DA:13,2
DA:14,13
DA:16,1
DA:22,3
DA:27,1
DA:33,8
LF:7
LH:7
BRDA:13,0,0,3
BRDA:14,1,0,1
BRDA:14,1,1,3
BRDA:14,1,2,1
BRDA:14,1,3,8
BRF:5
BRH:5
end_of_record
TN:
SF:/home/ervan/Documents/Hacktiv8/Phase_3/smartHome/frontend/store/createNewHome/createNewHome.actionType.js
FNF:0
FNH:0
DA:1,1
DA:2,1
DA:3,1
DA:4,1
DA:5,1
LF:5
LH:5
BRF:0
BRH:0
end_of_record
TN:
SF:/home/ervan/Documents/Hacktiv8/Phase_3/smartHome/frontend/store/createNewHome/createNewHome.actions.js
FN:13,(anonymous_0)
FN:20,(anonymous_1)
FN:21,(anonymous_2)
FN:47,(anonymous_3)
FN:51,(anonymous_4)
FN:55,(anonymous_5)
FN:62,(anonymous_6)
FN:66,(anonymous_7)
FN:70,(anonymous_8)
FNF:9
FNH:0
FNDA:0,(anonymous_0)
FNDA:0,(anonymous_1)
FNDA:0,(anonymous_2)
FNDA:0,(anonymous_3)
FNDA:0,(anonymous_4)
FNDA:0,(anonymous_5)
FNDA:0,(anonymous_6)
FNDA:0,(anonymous_7)
FNDA:0,(anonymous_8)
DA:13,1
DA:14,0
DA:20,1
DA:21,0
DA:22,0
DA:23,0
DA:24,0
DA:25,0
DA:26,0
DA:46,0
DA:48,0
DA:49,0
DA:51,0
DA:55,1
DA:56,0
DA:62,1
DA:66,1
DA:70,1
LF:18
LH:6
BRF:0
BRH:0
end_of_record
TN:
SF:/home/ervan/Documents/Hacktiv8/Phase_3/smartHome/frontend/store/createNewHome/createNewHome.reducers.js
FN:17,(anonymous_0)
FNF:1
FNH:1
FNDA:8,(anonymous_0)
DA:9,1
DA:17,1
DA:18,8
DA:20,0
DA:25,0
DA:30,0
DA:32,0
DA:38,0
DA:43,8
LF:9
LH:4
BRDA:17,0,0,3
BRDA:18,1,0,0
BRDA:18,1,1,0
BRDA:18,1,2,0
BRDA:18,1,3,0
BRDA:18,1,4,0
BRDA:18,1,5,8
BRF:7
BRH:2
end_of_record
TN:
SF:/home/ervan/Documents/Hacktiv8/Phase_3/smartHome/frontend/store/data/data.actionType.js
FNF:0
FNH:0
DA:1,3
DA:2,3
DA:3,3
DA:4,3
LF:4
LH:4
BRF:0
BRH:0
end_of_record
TN:
SF:/home/ervan/Documents/Hacktiv8/Phase_3/smartHome/frontend/store/data/data.actions.js
FN:9,(anonymous_0)
FN:10,(anonymous_1)
FN:21,(anonymous_2)
FN:25,(anonymous_3)
FN:29,(anonymous_4)
FN:33,(anonymous_5)
FNF:6
FNH:6
FNDA:3,(anonymous_0)
FNDA:3,(anonymous_1)
FNDA:3,(anonymous_2)
FNDA:2,(anonymous_3)
FNDA:1,(anonymous_4)
FNDA:1,(anonymous_5)
DA:9,3
DA:10,3
DA:11,3
DA:12,3
DA:13,1
DA:14,1
DA:15,2
DA:16,1
DA:21,3
DA:25,3
DA:29,3
DA:33,3
DA:34,1
LF:13
LH:13
BRDA:12,0,0,1
BRDA:12,0,1,2
BRDA:12,1,0,3
BRDA:12,1,1,1
BRDA:15,2,0,1
BRDA:15,2,1,1
BRF:6
BRH:6
end_of_record
TN:
SF:/home/ervan/Documents/Hacktiv8/Phase_3/smartHome/frontend/store/data/data.reducers.js
FN:14,(anonymous_0)
FNF:1
FNH:1
FNDA:14,(anonymous_0)
DA:9,2
DA:14,2
DA:15,14
DA:17,1
DA:22,2
DA:24,1
DA:29,1
DA:34,9
LF:8
LH:8
BRDA:14,0,0,3
BRDA:15,1,0,1
BRDA:15,1,1,2
BRDA:15,1,2,1
BRDA:15,1,3,1
BRDA:15,1,4,9
BRF:6
BRH:6
end_of_record
TN:
SF:/home/ervan/Documents/Hacktiv8/Phase_3/smartHome/frontend/store/homeData/homeData.actionType.js
FNF:0
FNH:0
DA:1,1
DA:2,1
DA:3,1
DA:4,1
DA:5,1
DA:6,1
LF:6
LH:6
BRF:0
BRH:0
end_of_record
TN:
SF:/home/ervan/Documents/Hacktiv8/Phase_3/smartHome/frontend/store/homeData/homeData.actions.js
FN:15,(anonymous_0)
FN:16,(anonymous_1)
FN:18,(anonymous_2)
FN:21,(anonymous_3)
FN:24,(anonymous_4)
FN:28,(anonymous_5)
FN:29,(anonymous_6)
FN:30,(anonymous_7)
FN:34,(anonymous_8)
FN:40,(anonymous_9)
FN:47,(anonymous_10)
FN:54,(anonymous_11)
FN:61,(anonymous_12)
FN:65,(anonymous_13)
FNF:14
FNH:3
FNDA:1,(anonymous_0)
FNDA:1,(anonymous_1)
FNDA:0,(anonymous_2)
FNDA:0,(anonymous_3)
FNDA:0,(anonymous_4)
FNDA:0,(anonymous_5)
FNDA:0,(anonymous_6)
FNDA:0,(anonymous_7)
FNDA:0,(anonymous_8)
FNDA:0,(anonymous_9)
FNDA:0,(anonymous_10)
FNDA:0,(anonymous_11)
FNDA:1,(anonymous_12)
FNDA:0,(anonymous_13)
DA:15,1
DA:16,1
DA:17,1
DA:18,1
DA:19,0
DA:20,0
DA:21,0
DA:22,0
DA:23,0
DA:24,0
DA:25,0
DA:26,0
DA:27,0
DA:28,0
DA:29,0
DA:30,0
DA:34,1
DA:35,0
DA:40,1
DA:41,0
DA:47,1
DA:48,0
DA:54,1
DA:55,0
DA:61,1
DA:65,1
LF:26
LH:10
BRF:0
BRH:0
end_of_record
TN:
SF:/home/ervan/Documents/Hacktiv8/Phase_3/smartHome/frontend/store/homeData/homeData.reducers.js
FN:22,(anonymous_0)
FNF:1
FNH:1
FNDA:8,(anonymous_0)
DA:10,1
DA:22,1
DA:23,8
DA:25,0
DA:30,0
DA:35,0
DA:40,0
DA:45,1
DA:50,0
DA:56,7
LF:10
LH:5
BRDA:22,0,0,3
BRDA:23,1,0,0
BRDA:23,1,1,0
BRDA:23,1,2,0
BRDA:23,1,3,0
BRDA:23,1,4,1
BRDA:23,1,5,0
BRDA:23,1,6,7
BRF:8
BRH:3
end_of_record
TN:
SF:/home/ervan/Documents/Hacktiv8/Phase_3/smartHome/frontend/store/housePin/housePin.actionType.js
FNF:0
FNH:0
DA:1,2
DA:2,2
DA:3,2
DA:4,2
DA:5,2
LF:5
LH:5
BRF:0
BRH:0
end_of_record
TN:
SF:/home/ervan/Documents/Hacktiv8/Phase_3/smartHome/frontend/store/housePin/housePin.actions.js
FN:11,(anonymous_0)
FN:12,(anonymous_1)
FN:17,(anonymous_2)
FN:18,(anonymous_3)
FN:30,(anonymous_4)
FN:31,(anonymous_5)
FN:37,(anonymous_6)
FN:38,(anonymous_7)
FN:43,(anonymous_8)
FN:49,(anonymous_9)
FN:56,(anonymous_10)
FN:60,(anonymous_11)
FN:64,(anonymous_12)
FNF:13
FNH:13
FNDA:1,(anonymous_0)
FNDA:1,(anonymous_1)
FNDA:2,(anonymous_2)
FNDA:2,(anonymous_3)
FNDA:1,(anonymous_4)
FNDA:1,(anonymous_5)
FNDA:1,(anonymous_6)
FNDA:1,(anonymous_7)
FNDA:1,(anonymous_8)
FNDA:2,(anonymous_9)
FNDA:2,(anonymous_10)
FNDA:3,(anonymous_11)
FNDA:1,(anonymous_12)
DA:11,2
DA:12,1
DA:13,1
DA:17,2
DA:18,2
DA:19,2
DA:20,2
DA:21,1
DA:22,1
DA:23,1
DA:24,1
DA:25,1
DA:30,2
DA:31,1
DA:32,1
DA:33,1
DA:37,2
DA:38,1
DA:39,1
DA:43,2
DA:44,1
DA:49,2
DA:50,2
DA:56,2
DA:60,3
DA:64,2
LF:26
LH:26
BRDA:20,0,0,1
BRDA:20,0,1,1
BRDA:20,1,0,2
BRDA:20,1,1,1
BRDA:24,2,0,1
BRDA:24,2,1,0
BRF:6
BRH:5
end_of_record
TN:
SF:/home/ervan/Documents/Hacktiv8/Phase_3/smartHome/frontend/store/housePin/housePin.reducers.js
FN:15,(anonymous_0)
FNF:1
FNH:1
FNDA:8,(anonymous_0)
DA:9,1
DA:15,1
DA:16,8
DA:18,0
DA:23,0
DA:28,0
DA:33,0
DA:38,0
DA:43,8
LF:9
LH:4
BRDA:15,0,0,3
BRDA:16,1,0,0
BRDA:16,1,1,0
BRDA:16,1,2,0
BRDA:16,1,3,0
BRDA:16,1,4,0
BRDA:16,1,5,8
BRF:7
BRH:2
end_of_record
TN:
SF:/home/ervan/Documents/Hacktiv8/Phase_3/smartHome/frontend/store/memberList/memberList.actionType.js
FNF:0
FNH:0
DA:1,1
DA:2,1
DA:3,1
LF:3
LH:3
BRF:0
BRH:0
end_of_record
TN:
SF:/home/ervan/Documents/Hacktiv8/Phase_3/smartHome/frontend/store/memberList/memberList.actions.js
FN:9,(anonymous_0)
FN:10,(anonymous_1)
FN:12,(anonymous_2)
FN:19,(anonymous_3)
FN:23,(anonymous_4)
FN:30,(anonymous_5)
FN:36,(anonymous_6)
FNF:7
FNH:3
FNDA:1,(anonymous_0)
FNDA:1,(anonymous_1)
FNDA:0,(anonymous_2)
FNDA:0,(anonymous_3)
FNDA:0,(anonymous_4)
FNDA:1,(anonymous_5)
FNDA:0,(anonymous_6)
DA:9,1
DA:10,1
DA:11,1
DA:12,1
DA:13,0
DA:14,0
DA:15,0
DA:16,0
DA:17,0
DA:18,0
DA:19,0
DA:23,1
DA:24,0
DA:30,1
DA:31,1
DA:36,1
DA:37,0
LF:17
LH:8
BRDA:14,0,0,0
BRDA:14,0,1,0
BRF:2
BRH:0
end_of_record
TN:
SF:/home/ervan/Documents/Hacktiv8/Phase_3/smartHome/frontend/store/memberList/memberList.reducers.js
FN:13,(anonymous_0)
FNF:1
FNH:1
FNDA:8,(anonymous_0)
DA:7,1
DA:13,1
DA:14,8
DA:16,0
DA:22,1
DA:27,0
DA:33,7
LF:7
LH:5
BRDA:13,0,0,3
BRDA:14,1,0,0
BRDA:14,1,1,1
BRDA:14,1,2,0
BRDA:14,1,3,7
BRF:5
BRH:3
end_of_record
TN:
SF:/home/ervan/Documents/Hacktiv8/Phase_3/smartHome/frontend/store/notificationLogs/notificationLogs.actionType.js
FNF:0
FNH:0
DA:1,1
DA:2,1
DA:3,1
DA:4,1
LF:4
LH:4
BRF:0
BRH:0
end_of_record
TN:
SF:/home/ervan/Documents/Hacktiv8/Phase_3/smartHome/frontend/store/notificationLogs/notificationLogs.actions.js
FN:21,(anonymous_0)
FN:22,(anonymous_1)
FN:24,(anonymous_2)
FN:49,(anonymous_3)
FN:53,(anonymous_4)
FN:57,(anonymous_5)
FN:64,(anonymous_6)
FN:68,(anonymous_7)
FN:72,(anonymous_8)
FNF:9
FNH:3
FNDA:1,(anonymous_0)
FNDA:1,(anonymous_1)
FNDA:0,(anonymous_2)
FNDA:0,(anonymous_3)
FNDA:0,(anonymous_4)
FNDA:0,(anonymous_5)
FNDA:1,(anonymous_6)
FNDA:0,(anonymous_7)
FNDA:0,(anonymous_8)
DA:21,1
DA:22,1
DA:23,1
DA:24,1
DA:25,0
DA:26,0
DA:27,0
DA:28,0
DA:29,0
DA:30,0
DA:42,0
DA:43,0
DA:46,0
DA:48,0
DA:49,0
DA:53,1
DA:54,0
DA:57,1
DA:58,0
DA:64,1
DA:68,1
DA:72,1
DA:73,0
LF:23
LH:9
BRDA:26,0,0,0
BRDA:26,0,1,0
BRDA:28,1,0,0
BRDA:28,1,1,0
BRF:4
BRH:0
end_of_record
TN:
SF:/home/ervan/Documents/Hacktiv8/Phase_3/smartHome/frontend/store/notificationLogs/notificationLogs.reducers.js
FN:15,(anonymous_0)
FNF:1
FNH:1
FNDA:8,(anonymous_0)
DA:8,1
DA:15,1
DA:16,8
DA:18,0
DA:24,1
DA:29,0
DA:35,0
DA:41,7
LF:8
LH:5
BRDA:15,0,0,3
BRDA:16,1,0,0
BRDA:16,1,1,1
BRDA:16,1,2,0
BRDA:16,1,3,0
BRDA:16,1,4,7
BRF:6
BRH:3
end_of_record
TN:
SF:/home/ervan/Documents/Hacktiv8/Phase_3/smartHome/frontend/store/sensors/sensor.actionType.js
FNF:0
FNH:0
DA:1,2
DA:2,2
DA:3,2
DA:4,2
DA:5,2
LF:5
LH:5
BRF:0
BRH:0
end_of_record
TN:
SF:/home/ervan/Documents/Hacktiv8/Phase_3/smartHome/frontend/store/sensors/sensor.actions.js
FN:12,(anonymous_0)
FN:13,(anonymous_1)
FN:15,(anonymous_2)
FN:18,(anonymous_3)
FN:24,(anonymous_4)
FN:25,(anonymous_5)
FN:28,(anonymous_6)
FN:36,(anonymous_7)
FN:37,(anonymous_8)
FN:41,(anonymous_9)
FN:47,(anonymous_10)
FN:48,(anonymous_11)
FN:52,(anonymous_12)
FN:58,(anonymous_13)
FN:63,(anonymous_14)
FN:67,(anonymous_15)
FN:71,(anonymous_16)
FN:75,(anonymous_17)
FNF:18
FNH:6
FNDA:1,(anonymous_0)
FNDA:1,(anonymous_1)
FNDA:0,(anonymous_2)
FNDA:0,(anonymous_3)
FNDA:0,(anonymous_4)
FNDA:0,(anonymous_5)
FNDA:0,(anonymous_6)
FNDA:1,(anonymous_7)
FNDA:0,(anonymous_8)
FNDA:0,(anonymous_9)
FNDA:1,(anonymous_10)
FNDA:1,(anonymous_11)
FNDA:0,(anonymous_12)
FNDA:0,(anonymous_13)
FNDA:1,(anonymous_14)
FNDA:0,(anonymous_15)
FNDA:0,(anonymous_16)
FNDA:0,(anonymous_17)
DA:12,2
DA:13,1
DA:14,1
DA:15,1
DA:16,0
DA:17,0
DA:19,0
DA:24,2
DA:25,0
DA:26,0
DA:27,0
DA:29,0
DA:30,0
DA:36,2
DA:37,1
DA:38,0
DA:39,0
DA:40,0
DA:42,0
DA:47,2
DA:48,1
DA:49,1
DA:50,1
DA:51,1
DA:53,0
DA:58,2
DA:63,2
DA:67,2
DA:71,2
DA:75,2
LF:30
LH:17
BRDA:26,0,0,0
BRDA:26,0,1,0
BRF:2
BRH:0
end_of_record
TN:
SF:/home/ervan/Documents/Hacktiv8/Phase_3/smartHome/frontend/store/sensors/sensor.reducers.js
FN:15,(anonymous_0)
FNF:1
FNH:1
FNDA:8,(anonymous_0)
DA:10,1
DA:15,1
DA:16,8
DA:18,0
DA:24,1
DA:29,0
DA:33,0
DA:37,0
DA:41,7
LF:9
LH:5
BRDA:15,0,0,3
BRDA:16,1,0,0
BRDA:16,1,1,1
BRDA:16,1,2,0
BRDA:16,1,3,0
BRDA:16,1,4,0
BRDA:16,1,5,7
BRF:7
BRH:3
end_of_record
TN:
SF:/home/ervan/Documents/Hacktiv8/Phase_3/smartHome/frontend/store/userData/userData.actionType.js
FNF:0
FNH:0
DA:1,2
DA:2,2
DA:3,2
LF:3
LH:3
BRF:0
BRH:0
end_of_record
TN:
SF:/home/ervan/Documents/Hacktiv8/Phase_3/smartHome/frontend/store/userData/userData.actions.js
FN:9,(anonymous_0)
FN:10,(anonymous_1)
FN:13,(anonymous_2)
FN:21,(anonymous_3)
FN:25,(anonymous_4)
FN:32,(anonymous_5)
FN:36,(anonymous_6)
FNF:7
FNH:4
FNDA:1,(anonymous_0)
FNDA:1,(anonymous_1)
FNDA:1,(anonymous_2)
FNDA:0,(anonymous_3)
FNDA:0,(anonymous_4)
FNDA:1,(anonymous_5)
FNDA:0,(anonymous_6)
DA:9,2
DA:10,1
DA:11,1
DA:12,1
DA:13,1
DA:14,1
DA:15,0
DA:21,2
DA:22,0
DA:25,2
DA:26,0
DA:32,2
DA:36,2
LF:13
LH:10
BRDA:14,0,0,0
BRDA:14,0,1,0
BRF:2
BRH:0
end_of_record
TN:
SF:/home/ervan/Documents/Hacktiv8/Phase_3/smartHome/frontend/store/userData/userData.reducers.js
FN:17,(anonymous_0)
FNF:1
FNH:1
FNDA:8,(anonymous_0)
DA:7,1
DA:17,1
DA:18,8
DA:20,0
DA:26,0
DA:31,0
DA:37,8
LF:7
LH:4
BRDA:17,0,0,3
BRDA:18,1,0,0
BRDA:18,1,1,0
BRDA:18,1,2,0
BRDA:18,1,3,8
BRF:5
BRH:2
end_of_record
